[2016-Jun-14 13:57:09] RDP (0): Final rdp configuration used: screen mode id:i:2
use multimon:i:1
session bpp:i:24
full address:s:all-in-onelabKOBC144
audiomode:i:0
username:s:fs\elon
disable wallpaper:i:0
disable full window drag:i:0
disable menu anims:i:0
disable themes:i:0
alternate shell:s:
shell working directory:s:
authentication level:i:2
connect to console:i:0
gatewayusagemethod:i:0
disable cursor setting:i:0
allow font smoothing:i:1
allow desktop composition:i:1
redirectprinters:i:0
prompt for credentials on client:i:0


bookmarktype:i:3
use redirection server name:i:0

authoring tool:s:rdmac

[2016-Jun-14 13:57:09] RDP (0): --- BEGIN INTERFACE LIST ---
[2016-Jun-14 13:57:09] RDP (0): lo0 af=18  addr= netmask=
[2016-Jun-14 13:57:09] RDP (0): lo0 af=30 (AF_INET6)  addr=::1 netmask=ffff:ffff:ffff:ffff:ffff:ffff:ffff:ffff
[2016-Jun-14 13:57:09] RDP (0): lo0 af=2 (AF_INET)  addr=127.0.0.1 netmask=255.0.0.0
[2016-Jun-14 13:57:09] RDP (0): lo0 af=30 (AF_INET6)  addr=fe80::1%lo0 netmask=ffff:ffff:ffff:ffff::
[2016-Jun-14 13:57:09] RDP (0): gif0 af=18  addr= netmask=
[2016-Jun-14 13:57:09] RDP (0): stf0 af=18  addr= netmask=
[2016-Jun-14 13:57:09] RDP (0): en0 af=18  addr= netmask=
[2016-Jun-14 13:57:09] RDP (0): en0 af=30 (AF_INET6)  addr=fe80::9a5a:ebff:fed9:221f%en0 netmask=ffff:ffff:ffff:ffff::
[2016-Jun-14 13:57:09] RDP (0): en0 af=2 (AF_INET)  addr=10.12.10.229 netmask=255.255.0.0
[2016-Jun-14 13:57:09] RDP (0): en1 af=18  addr= netmask=
[2016-Jun-14 13:57:09] RDP (0): en2 af=18  addr= netmask=
[2016-Jun-14 13:57:09] RDP (0): en3 af=18  addr= netmask=
[2016-Jun-14 13:57:09] RDP (0): p2p0 af=18  addr= netmask=
[2016-Jun-14 13:57:09] RDP (0): awdl0 af=18  addr= netmask=
[2016-Jun-14 13:57:09] RDP (0): bridge0 af=18  addr= netmask=
[2016-Jun-14 13:57:09] RDP (0): --- END INTERFACE LIST ---
[2016-Jun-14 13:57:09] RDP (0): correlation id: correlation not set or of invalid length
[2016-Jun-14 13:57:09] RDP (0): Protocol state changed to: ProtocolConnectingNetwork(1)
[2016-Jun-14 13:57:10] RDP (0): Exception caught: Exception in file '../../librdpclient/asiosocketendpoint.cpp' at line 538
    User Message : Unable to connect to remote PC. Please provide the fully-qualified name or the IP address of the remote PC, and then try again.
[2016-Jun-14 13:57:10] RDP (0): Protocol state changed to: ProtocolDisconnecting(7)
[2016-Jun-14 13:57:10] RDP (0): Protocol state changed to: ProtocolDisconnected(8)
[2016-Jun-14 13:57:10] RDP (0): ------ END ACTIVE CONNECTION ------
[2016-Jun-14 13:57:47] RDP (0): Final rdp configuration used: screen mode id:i:0
use multimon:i:1
session bpp:i:24
full address:s:All-In-OnelabKOBC144.fs.elon.edu
audiomode:i:0
username:s:fs\elon
disable wallpaper:i:0
disable full window drag:i:0
disable menu anims:i:0
disable themes:i:0
alternate shell:s:
shell working directory:s:
authentication level:i:2
connect to console:i:0
gatewayusagemethod:i:0
disable cursor setting:i:0
allow font smoothing:i:1
allow desktop composition:i:1
redirectprinters:i:0
prompt for credentials on client:i:0


bookmarktype:i:3
use redirection server name:i:0

authoring tool:s:rdmac

[2016-Jun-14 13:57:47] RDP (0): --- BEGIN INTERFACE LIST ---
[2016-Jun-14 13:57:47] RDP (0): lo0 af=18  addr= netmask=
[2016-Jun-14 13:57:47] RDP (0): lo0 af=30 (AF_INET6)  addr=::1 netmask=ffff:ffff:ffff:ffff:ffff:ffff:ffff:ffff
[2016-Jun-14 13:57:47] RDP (0): lo0 af=2 (AF_INET)  addr=127.0.0.1 netmask=255.0.0.0
[2016-Jun-14 13:57:47] RDP (0): lo0 af=30 (AF_INET6)  addr=fe80::1%lo0 netmask=ffff:ffff:ffff:ffff::
[2016-Jun-14 13:57:47] RDP (0): gif0 af=18  addr= netmask=
[2016-Jun-14 13:57:47] RDP (0): stf0 af=18  addr= netmask=
[2016-Jun-14 13:57:47] RDP (0): en0 af=18  addr= netmask=
[2016-Jun-14 13:57:47] RDP (0): en0 af=30 (AF_INET6)  addr=fe80::9a5a:ebff:fed9:221f%en0 netmask=ffff:ffff:ffff:ffff::
[2016-Jun-14 13:57:47] RDP (0): en0 af=2 (AF_INET)  addr=10.12.10.229 netmask=255.255.0.0
[2016-Jun-14 13:57:47] RDP (0): en1 af=18  addr= netmask=
[2016-Jun-14 13:57:47] RDP (0): en2 af=18  addr= netmask=
[2016-Jun-14 13:57:47] RDP (0): en3 af=18  addr= netmask=
[2016-Jun-14 13:57:47] RDP (0): p2p0 af=18  addr= netmask=
[2016-Jun-14 13:57:47] RDP (0): awdl0 af=18  addr= netmask=
[2016-Jun-14 13:57:47] RDP (0): bridge0 af=18  addr= netmask=
[2016-Jun-14 13:57:47] RDP (0): --- END INTERFACE LIST ---
[2016-Jun-14 13:57:47] RDP (0): correlation id: correlation not set or of invalid length
[2016-Jun-14 13:57:47] RDP (0): Resolved 'All-In-OnelabKOBC144.fs.elon.edu' to '10.12.10.230' using NameResolveMethod_DNS(1)
[2016-Jun-14 13:57:47] RDP (0): Protocol state changed to: ProtocolConnectingNetwork(1)
[2016-Jun-14 13:57:47] RDP (0): Protocol state changed to: ProtocolNegotiatingCredentials(2)
[2016-Jun-14 13:57:50] RDP (0): Protocol state changed to: ProtocolConnectingRDP(3)
[2016-Jun-14 13:57:50] RDP (0): Protocol state changed to: ProtocolInactive(4)
[2016-Jun-14 13:57:50] RDP (0): Server supports RAIL
[2016-Jun-14 13:57:50] RDP (0): Protocol state changed to: ProtocolActive(5)
[2016-Jun-14 13:57:58] RDP (0): Protocol state changed to: ProtocolDisconnecting(7)
[2016-Jun-14 13:57:59] RDP (0): Protocol state changed to: ProtocolDisconnected(8)
[2016-Jun-14 13:57:59] RDP (0): ------ END ACTIVE CONNECTION ------
[2016-Jun-14 13:58:08] RDP (0): Final rdp configuration used: screen mode id:i:0
desktopwidth:i:1280
desktopheight:i:1024
use multimon:i:1
session bpp:i:24
full address:s:All-In-OnelabKOBC144.fs.elon.edu
audiomode:i:0
username:s:fs\elon
disable wallpaper:i:0
disable full window drag:i:0
disable menu anims:i:0
disable themes:i:0
alternate shell:s:
shell working directory:s:
authentication level:i:2
connect to console:i:0
gatewayusagemethod:i:0
disable cursor setting:i:0
allow font smoothing:i:1
allow desktop composition:i:1
redirectprinters:i:0
prompt for credentials on client:i:0


bookmarktype:i:3
use redirection server name:i:0

authoring tool:s:rdmac

[2016-Jun-14 13:58:08] RDP (0): --- BEGIN INTERFACE LIST ---
[2016-Jun-14 13:58:08] RDP (0): lo0 af=18  addr= netmask=
[2016-Jun-14 13:58:08] RDP (0): lo0 af=30 (AF_INET6)  addr=::1 netmask=ffff:ffff:ffff:ffff:ffff:ffff:ffff:ffff
[2016-Jun-14 13:58:08] RDP (0): lo0 af=2 (AF_INET)  addr=127.0.0.1 netmask=255.0.0.0
[2016-Jun-14 13:58:08] RDP (0): lo0 af=30 (AF_INET6)  addr=fe80::1%lo0 netmask=ffff:ffff:ffff:ffff::
[2016-Jun-14 13:58:08] RDP (0): gif0 af=18  addr= netmask=
[2016-Jun-14 13:58:08] RDP (0): stf0 af=18  addr= netmask=
[2016-Jun-14 13:58:08] RDP (0): en0 af=18  addr= netmask=
[2016-Jun-14 13:58:08] RDP (0): en0 af=30 (AF_INET6)  addr=fe80::9a5a:ebff:fed9:221f%en0 netmask=ffff:ffff:ffff:ffff::
[2016-Jun-14 13:58:08] RDP (0): en0 af=2 (AF_INET)  addr=10.12.10.229 netmask=255.255.0.0
[2016-Jun-14 13:58:08] RDP (0): en1 af=18  addr= netmask=
[2016-Jun-14 13:58:08] RDP (0): en2 af=18  addr= netmask=
[2016-Jun-14 13:58:08] RDP (0): en3 af=18  addr= netmask=
[2016-Jun-14 13:58:08] RDP (0): p2p0 af=18  addr= netmask=
[2016-Jun-14 13:58:08] RDP (0): awdl0 af=18  addr= netmask=
[2016-Jun-14 13:58:08] RDP (0): bridge0 af=18  addr= netmask=
[2016-Jun-14 13:58:08] RDP (0): --- END INTERFACE LIST ---
[2016-Jun-14 13:58:08] RDP (0): correlation id: correlation not set or of invalid length
[2016-Jun-14 13:58:08] RDP (0): Resolved 'All-In-OnelabKOBC144.fs.elon.edu' to '10.12.10.230' using NameResolveMethod_DNS(1)
[2016-Jun-14 13:58:08] RDP (0): Protocol state changed to: ProtocolConnectingNetwork(1)
[2016-Jun-14 13:58:08] RDP (0): Protocol state changed to: ProtocolNegotiatingCredentials(2)
[2016-Jun-14 13:58:09] RDP (0): Protocol state changed to: ProtocolConnectingRDP(3)
[2016-Jun-14 13:58:09] RDP (0): Protocol state changed to: ProtocolInactive(4)
[2016-Jun-14 13:58:09] RDP (0): Server supports RAIL
[2016-Jun-14 13:58:09] RDP (0): Protocol state changed to: ProtocolActive(5)
[2016-Jun-14 13:58:12] RDP (0): Protocol state changed to: ProtocolInactive(4)
[2016-Jun-14 13:58:12] RDP (0): Server supports RAIL
[2016-Jun-14 13:58:12] RDP (0): Protocol state changed to: ProtocolActive(5)
[2016-Jun-14 13:58:16] RDP (0): Protocol state changed to: ProtocolDisconnecting(7)
[2016-Jun-14 13:58:17] RDP (0): Protocol state changed to: ProtocolDisconnected(8)
[2016-Jun-14 13:58:17] RDP (0): ------ END ACTIVE CONNECTION ------
[2016-Jun-15 08:35:06] RDP (0): Final rdp configuration used: screen mode id:i:0
desktopwidth:i:1280
desktopheight:i:1024
use multimon:i:1
session bpp:i:24
full address:s:All-In-OnelabKOBC144.fs.elon.edu
audiomode:i:0
username:s:fs\elon
disable wallpaper:i:0
disable full window drag:i:0
disable menu anims:i:0
disable themes:i:0
alternate shell:s:
shell working directory:s:
authentication level:i:2
connect to console:i:0
gatewayusagemethod:i:0
disable cursor setting:i:0
allow font smoothing:i:1
allow desktop composition:i:1
redirectprinters:i:0
prompt for credentials on client:i:0


bookmarktype:i:3
use redirection server name:i:0

authoring tool:s:rdmac

[2016-Jun-15 08:35:06] RDP (0): --- BEGIN INTERFACE LIST ---
[2016-Jun-15 08:35:06] RDP (0): lo0 af=18  addr= netmask=
[2016-Jun-15 08:35:06] RDP (0): lo0 af=30 (AF_INET6)  addr=::1 netmask=ffff:ffff:ffff:ffff:ffff:ffff:ffff:ffff
[2016-Jun-15 08:35:06] RDP (0): lo0 af=2 (AF_INET)  addr=127.0.0.1 netmask=255.0.0.0
[2016-Jun-15 08:35:06] RDP (0): lo0 af=30 (AF_INET6)  addr=fe80::1%lo0 netmask=ffff:ffff:ffff:ffff::
[2016-Jun-15 08:35:06] RDP (0): gif0 af=18  addr= netmask=
[2016-Jun-15 08:35:06] RDP (0): stf0 af=18  addr= netmask=
[2016-Jun-15 08:35:06] RDP (0): en0 af=18  addr= netmask=
[2016-Jun-15 08:35:06] RDP (0): en0 af=30 (AF_INET6)  addr=fe80::9a5a:ebff:fed9:221f%en0 netmask=ffff:ffff:ffff:ffff::
[2016-Jun-15 08:35:06] RDP (0): en0 af=2 (AF_INET)  addr=10.12.10.229 netmask=255.255.0.0
[2016-Jun-15 08:35:06] RDP (0): en1 af=18  addr= netmask=
[2016-Jun-15 08:35:06] RDP (0): en2 af=18  addr= netmask=
[2016-Jun-15 08:35:06] RDP (0): en3 af=18  addr= netmask=
[2016-Jun-15 08:35:06] RDP (0): p2p0 af=18  addr= netmask=
[2016-Jun-15 08:35:06] RDP (0): awdl0 af=18  addr= netmask=
[2016-Jun-15 08:35:06] RDP (0): bridge0 af=18  addr= netmask=
[2016-Jun-15 08:35:06] RDP (0): --- END INTERFACE LIST ---
[2016-Jun-15 08:35:06] RDP (0): correlation id: correlation not set or of invalid length
[2016-Jun-15 08:35:06] RDP (0): Resolved 'All-In-OnelabKOBC144.fs.elon.edu' to '10.12.10.230' using NameResolveMethod_DNS(1)
[2016-Jun-15 08:35:06] RDP (0): Protocol state changed to: ProtocolConnectingNetwork(1)
[2016-Jun-15 08:35:06] RDP (0): Protocol state changed to: ProtocolNegotiatingCredentials(2)
[2016-Jun-15 08:35:10] RDP (0): Protocol state changed to: ProtocolConnectingRDP(3)
[2016-Jun-15 08:35:10] RDP (0): Protocol state changed to: ProtocolInactive(4)
[2016-Jun-15 08:35:10] RDP (0): Server supports RAIL
[2016-Jun-15 08:35:10] RDP (0): Protocol state changed to: ProtocolActive(5)
[2016-Jun-15 09:35:03] RDP (0): Protocol state changed to: ProtocolDisconnecting(7)
[2016-Jun-15 09:35:04] RDP (0): Protocol state changed to: ProtocolDisconnected(8)
[2016-Jun-15 09:35:04] RDP (0): ------ END ACTIVE CONNECTION ------
[2016-Jun-15 09:35:17] RDP (0): *** Application terminated ***
