-------------------------------------------------------------------------------
>Log Session: Tuesday, December 6, 2016 10:01:30 AM EST
>System Info: 
  Product Version         = NetBeans IDE 8.1 (Build 201510222201) (#bb5d68d8a020)
  Operating System        = Mac OS X version 10.11.5 running on x86_64
  Java; VM; Vendor        = 1.8.0_91; Java HotSpot(TM) 64-Bit Server VM 25.91-b14; Oracle Corporation
  Runtime                 = Java(TM) SE Runtime Environment 1.8.0_91-b14
  Java Home               = /Library/Java/JavaVirtualMachines/jdk1.8.0_91.jdk/Contents/Home/jre
  System Locale; Encoding = en_US (nb); UTF-8
  Home Directory          = /Users/tlavecchia
  Current Directory       = /
  User Directory          = /Users/tlavecchia/Library/Application Support/NetBeans/8.1
  Cache Directory         = /Users/tlavecchia/Library/Caches/NetBeans/8.1
  Installation            = /Applications/NetBeans/NetBeans 8.1.app/Contents/Resources/NetBeans/nb
                            /Applications/NetBeans/NetBeans 8.1.app/Contents/Resources/NetBeans/ide
                            /Applications/NetBeans/NetBeans 8.1.app/Contents/Resources/NetBeans/extide
                            /Applications/NetBeans/NetBeans 8.1.app/Contents/Resources/NetBeans/java
                            /Applications/NetBeans/NetBeans 8.1.app/Contents/Resources/NetBeans/apisupport
                            /Applications/NetBeans/NetBeans 8.1.app/Contents/Resources/NetBeans/webcommon
                            /Applications/NetBeans/NetBeans 8.1.app/Contents/Resources/NetBeans/websvccommon
                            /Applications/NetBeans/NetBeans 8.1.app/Contents/Resources/NetBeans/enterprise
                            /Applications/NetBeans/NetBeans 8.1.app/Contents/Resources/NetBeans/profiler
                            /Applications/NetBeans/NetBeans 8.1.app/Contents/Resources/NetBeans/harness
                            /Applications/NetBeans/NetBeans 8.1.app/Contents/Resources/NetBeans/javafx
                            /Applications/NetBeans/NetBeans 8.1.app/Contents/Resources/NetBeans/platform
  Boot & Ext. Classpath   = /Library/Java/JavaVirtualMachines/jdk1.8.0_91.jdk/Contents/Home/jre/lib/resources.jar:/Library/Java/JavaVirtualMachines/jdk1.8.0_91.jdk/Contents/Home/jre/lib/rt.jar:/Library/Java/JavaVirtualMachines/jdk1.8.0_91.jdk/Contents/Home/jre/lib/sunrsasign.jar:/Library/Java/JavaVirtualMachines/jdk1.8.0_91.jdk/Contents/Home/jre/lib/jsse.jar:/Library/Java/JavaVirtualMachines/jdk1.8.0_91.jdk/Contents/Home/jre/lib/jce.jar:/Library/Java/JavaVirtualMachines/jdk1.8.0_91.jdk/Contents/Home/jre/lib/charsets.jar:/Library/Java/JavaVirtualMachines/jdk1.8.0_91.jdk/Contents/Home/jre/lib/jfr.jar:/Library/Java/JavaVirtualMachines/jdk1.8.0_91.jdk/Contents/Home/jre/classes:/Library/Java/JavaVirtualMachines/jdk1.8.0_91.jdk/Contents/Home/jre/lib/ext/cldrdata.jar:/Library/Java/JavaVirtualMachines/jdk1.8.0_91.jdk/Contents/Home/jre/lib/ext/dnsns.jar:/Library/Java/JavaVirtualMachines/jdk1.8.0_91.jdk/Contents/Home/jre/lib/ext/jaccess.jar:/Library/Java/JavaVirtualMachines/jdk1.8.0_91.jdk/Contents/Home/jre/lib/ext/jfxrt.jar:/Library/Java/JavaVirtualMachines/jdk1.8.0_91.jdk/Contents/Home/jre/lib/ext/localedata.jar:/Library/Java/JavaVirtualMachines/jdk1.8.0_91.jdk/Contents/Home/jre/lib/ext/nashorn.jar:/Library/Java/JavaVirtualMachines/jdk1.8.0_91.jdk/Contents/Home/jre/lib/ext/sunec.jar:/Library/Java/JavaVirtualMachines/jdk1.8.0_91.jdk/Contents/Home/jre/lib/ext/sunjce_provider.jar:/Library/Java/JavaVirtualMachines/jdk1.8.0_91.jdk/Contents/Home/jre/lib/ext/sunpkcs11.jar:/Library/Java/JavaVirtualMachines/jdk1.8.0_91.jdk/Contents/Home/jre/lib/ext/zipfs.jar:/System/Library/Java/Extensions/AppleScriptEngine.jar:/System/Library/Java/Extensions/dns_sd.jar:/System/Library/Java/Extensions/j3daudio.jar:/System/Library/Java/Extensions/j3dcore.jar:/System/Library/Java/Extensions/j3dutils.jar:/System/Library/Java/Extensions/jai_codec.jar:/System/Library/Java/Extensions/jai_core.jar:/System/Library/Java/Extensions/mlibwrapper_jai.jar:/System/Library/Java/Extensions/MRJToolkit.jar:/System/Library/Java/Extensions/vecmath.jar
  Application Classpath   = /Applications/NetBeans/NetBeans 8.1.app/Contents/Resources/NetBeans/platform/lib/boot.jar:/Applications/NetBeans/NetBeans 8.1.app/Contents/Resources/NetBeans/platform/lib/org-openide-modules.jar:/Applications/NetBeans/NetBeans 8.1.app/Contents/Resources/NetBeans/platform/lib/org-openide-util-lookup.jar:/Applications/NetBeans/NetBeans 8.1.app/Contents/Resources/NetBeans/platform/lib/org-openide-util-ui.jar:/Applications/NetBeans/NetBeans 8.1.app/Contents/Resources/NetBeans/platform/lib/org-openide-util.jar:/Applications/NetBeans/NetBeans 8.1.app/Contents/Resources/NetBeans/platform/lib/locale/boot_ja.jar:/Applications/NetBeans/NetBeans 8.1.app/Contents/Resources/NetBeans/platform/lib/locale/boot_pt_BR.jar:/Applications/NetBeans/NetBeans 8.1.app/Contents/Resources/NetBeans/platform/lib/locale/boot_ru.jar:/Applications/NetBeans/NetBeans 8.1.app/Contents/Resources/NetBeans/platform/lib/locale/boot_zh_CN.jar:/Applications/NetBeans/NetBeans 8.1.app/Contents/Resources/NetBeans/platform/lib/locale/org-openide-modules_ja.jar:/Applications/NetBeans/NetBeans 8.1.app/Contents/Resources/NetBeans/platform/lib/locale/org-openide-modules_pt_BR.jar:/Applications/NetBeans/NetBeans 8.1.app/Contents/Resources/NetBeans/platform/lib/locale/org-openide-modules_ru.jar:/Applications/NetBeans/NetBeans 8.1.app/Contents/Resources/NetBeans/platform/lib/locale/org-openide-modules_zh_CN.jar:/Applications/NetBeans/NetBeans 8.1.app/Contents/Resources/NetBeans/platform/lib/locale/org-openide-util-lookup_ja.jar:/Applications/NetBeans/NetBeans 8.1.app/Contents/Resources/NetBeans/platform/lib/locale/org-openide-util-lookup_pt_BR.jar:/Applications/NetBeans/NetBeans 8.1.app/Contents/Resources/NetBeans/platform/lib/locale/org-openide-util-lookup_ru.jar:/Applications/NetBeans/NetBeans 8.1.app/Contents/Resources/NetBeans/platform/lib/locale/org-openide-util-lookup_zh_CN.jar:/Applications/NetBeans/NetBeans 8.1.app/Contents/Resources/NetBeans/platform/lib/locale/org-openide-util-ui_ja.jar:/Applications/NetBeans/NetBeans 8.1.app/Contents/Resources/NetBeans/platform/lib/locale/org-openide-util-ui_pt_BR.jar:/Applications/NetBeans/NetBeans 8.1.app/Contents/Resources/NetBeans/platform/lib/locale/org-openide-util-ui_ru.jar:/Applications/NetBeans/NetBeans 8.1.app/Contents/Resources/NetBeans/platform/lib/locale/org-openide-util-ui_zh_CN.jar:/Applications/NetBeans/NetBeans 8.1.app/Contents/Resources/NetBeans/platform/lib/locale/org-openide-util_ja.jar:/Applications/NetBeans/NetBeans 8.1.app/Contents/Resources/NetBeans/platform/lib/locale/org-openide-util_pt_BR.jar:/Applications/NetBeans/NetBeans 8.1.app/Contents/Resources/NetBeans/platform/lib/locale/org-openide-util_ru.jar:/Applications/NetBeans/NetBeans 8.1.app/Contents/Resources/NetBeans/platform/lib/locale/org-openide-util_zh_CN.jar:/Library/Java/JavaVirtualMachines/jdk1.8.0_91.jdk/Contents/Home/lib/dt.jar:/Library/Java/JavaVirtualMachines/jdk1.8.0_91.jdk/Contents/Home/lib/tools.jar
  Startup Classpath       = /Applications/NetBeans/NetBeans 8.1.app/Contents/Resources/NetBeans/platform/core/asm-all-5.0.1.jar:/Applications/NetBeans/NetBeans 8.1.app/Contents/Resources/NetBeans/platform/core/core-base.jar:/Applications/NetBeans/NetBeans 8.1.app/Contents/Resources/NetBeans/platform/core/core.jar:/Applications/NetBeans/NetBeans 8.1.app/Contents/Resources/NetBeans/platform/core/org-netbeans-libs-asm.jar:/Applications/NetBeans/NetBeans 8.1.app/Contents/Resources/NetBeans/platform/core/org-openide-filesystems-compat8.jar:/Applications/NetBeans/NetBeans 8.1.app/Contents/Resources/NetBeans/platform/core/org-openide-filesystems.jar:/Applications/NetBeans/NetBeans 8.1.app/Contents/Resources/NetBeans/platform/core/locale/core-base_ja.jar:/Applications/NetBeans/NetBeans 8.1.app/Contents/Resources/NetBeans/platform/core/locale/core-base_pt_BR.jar:/Applications/NetBeans/NetBeans 8.1.app/Contents/Resources/NetBeans/platform/core/locale/core-base_ru.jar:/Applications/NetBeans/NetBeans 8.1.app/Contents/Resources/NetBeans/platform/core/locale/core-base_zh_CN.jar:/Applications/NetBeans/NetBeans 8.1.app/Contents/Resources/NetBeans/platform/core/locale/core_ja.jar:/Applications/NetBeans/NetBeans 8.1.app/Contents/Resources/NetBeans/platform/core/locale/core_pt_BR.jar:/Applications/NetBeans/NetBeans 8.1.app/Contents/Resources/NetBeans/platform/core/locale/core_ru.jar:/Applications/NetBeans/NetBeans 8.1.app/Contents/Resources/NetBeans/platform/core/locale/core_zh_CN.jar:/Applications/NetBeans/NetBeans 8.1.app/Contents/Resources/NetBeans/platform/core/locale/org-netbeans-libs-asm_ja.jar:/Applications/NetBeans/NetBeans 8.1.app/Contents/Resources/NetBeans/platform/core/locale/org-netbeans-libs-asm_pt_BR.jar:/Applications/NetBeans/NetBeans 8.1.app/Contents/Resources/NetBeans/platform/core/locale/org-netbeans-libs-asm_ru.jar:/Applications/NetBeans/NetBeans 8.1.app/Contents/Resources/NetBeans/platform/core/locale/org-netbeans-libs-asm_zh_CN.jar:/Applications/NetBeans/NetBeans 8.1.app/Contents/Resources/NetBeans/platform/core/locale/org-openide-filesystems-compat8_ja.jar:/Applications/NetBeans/NetBeans 8.1.app/Contents/Resources/NetBeans/platform/core/locale/org-openide-filesystems-compat8_pt_BR.jar:/Applications/NetBeans/NetBeans 8.1.app/Contents/Resources/NetBeans/platform/core/locale/org-openide-filesystems-compat8_ru.jar:/Applications/NetBeans/NetBeans 8.1.app/Contents/Resources/NetBeans/platform/core/locale/org-openide-filesystems-compat8_zh_CN.jar:/Applications/NetBeans/NetBeans 8.1.app/Contents/Resources/NetBeans/platform/core/locale/org-openide-filesystems_ja.jar:/Applications/NetBeans/NetBeans 8.1.app/Contents/Resources/NetBeans/platform/core/locale/org-openide-filesystems_pt_BR.jar:/Applications/NetBeans/NetBeans 8.1.app/Contents/Resources/NetBeans/platform/core/locale/org-openide-filesystems_ru.jar:/Applications/NetBeans/NetBeans 8.1.app/Contents/Resources/NetBeans/platform/core/locale/org-openide-filesystems_zh_CN.jar:/Applications/NetBeans/NetBeans 8.1.app/Contents/Resources/NetBeans/nb/core/org-netbeans-upgrader.jar:/Applications/NetBeans/NetBeans 8.1.app/Contents/Resources/NetBeans/nb/core/locale/core_nb.jar:/Applications/NetBeans/NetBeans 8.1.app/Contents/Resources/NetBeans/nb/core/locale/core_nb_ja.jar:/Applications/NetBeans/NetBeans 8.1.app/Contents/Resources/NetBeans/nb/core/locale/core_nb_pt_BR.jar:/Applications/NetBeans/NetBeans 8.1.app/Contents/Resources/NetBeans/nb/core/locale/core_nb_ru.jar:/Applications/NetBeans/NetBeans 8.1.app/Contents/Resources/NetBeans/nb/core/locale/core_nb_zh_CN.jar:/Applications/NetBeans/NetBeans 8.1.app/Contents/Resources/NetBeans/nb/core/locale/org-netbeans-upgrader_ja.jar:/Applications/NetBeans/NetBeans 8.1.app/Contents/Resources/NetBeans/nb/core/locale/org-netbeans-upgrader_pt_BR.jar:/Applications/NetBeans/NetBeans 8.1.app/Contents/Resources/NetBeans/nb/core/locale/org-netbeans-upgrader_ru.jar:/Applications/NetBeans/NetBeans 8.1.app/Contents/Resources/NetBeans/nb/core/locale/org-netbeans-upgrader_zh_CN.jar
-------------------------------------------------------------------------------
INFO [org.netbeans.modules.netbinox]: Install area set to file:/Applications/NetBeans/NetBeans 8.1.app/Contents/Resources/NetBeans/
WARNING [org.netbeans.core.modules]: the modules [org.netbeans.modules.form.nb] use org.jdesktop.layout which is deprecated: Use javax.swing.GroupLayout instead. (In form editor: select Form ... in Inspector; change Layout Generation Style to Standard Java 6 code.)
WARNING [org.netbeans.core.modules]: the modules [org.netbeans.modules.java.editor.lib, org.netbeans.modules.web.core.syntax, org.netbeans.modules.xml.text] use org.netbeans.modules.editor.deprecated.pre65formatting which is deprecated.
WARNING [org.netbeans.core.modules]: the modules [org.netbeans.modules.ide.kit, org.netbeans.modules.xml.text] use org.netbeans.modules.editor.structure which is deprecated.
WARNING [org.netbeans.core.modules]: the modules [org.netbeans.modules.apisupport.ant, org.netbeans.modules.java.hints, org.netbeans.modules.maven.hints, org.netbeans.modules.maven.j2ee, org.netbeans.modules.web.beans] use org.netbeans.modules.java.hints.legacy.spi which is deprecated: Use Java Hints SPI (org.netbeans.spi.java.hints) instead.
INFO [org.netbeans.core.startup.NbEvents]: Turning on modules:
	org.openide.util.lookup [8.32.1 201510222201]
	org.openide.util [9.5.1 201510222201]
	org.openide.util.ui [9.4.1 201510222201]
	org.openide.modules [7.47.1 201510222201]
	org.netbeans.api.annotations.common/1 [1.26.1 201510222201]
	org.openide.filesystems [9.8.1 201510222201]
	org.openide.awt [7.65.1 201510222201]
	org.netbeans.api.progress/1 [1.46.1 201510222201]
	org.netbeans.api.progress.nb [1.46.1 201510222201]
	org.openide.dialogs [7.41.1 201510222201]
	org.openide.nodes [7.42.1 201510222201]
	org.openide.windows [6.74.1 201510222201]
	org.netbeans.modules.editor.mimelookup/1 [1.39.1 201510222201]
	org.openide.text [6.66.3 201512151638]
	org.netbeans.swing.tabcontrol [1.54.1 201510222201]
	org.netbeans.swing.outline [1.32.1 201510222201]
	org.openide.explorer [6.61.1 201510222201]
	org.openide.actions [6.38.1 201510222201]
	org.netbeans.modules.queries/1 [1.42.1 201510222201]
	org.netbeans.api.templates [1.6.1 201510222201]
	org.openide.filesystems.nb [9.7.1 201510222201]
	org.openide.loaders [7.63.2 201512151638]
	org.netbeans.api.intent [1.1.1 201510222201]
	org.netbeans.api.io [1.2.1 201510222201]
	org.openide.io [1.48.1 201510222201]
	org.openide.filesystems.compat8 [9.7.1 201510222201]
	org.openide.execution [9.2.1 201510222201]
	org.netbeans.upgrader [4.34.1 201510222201]
	org.netbeans.swing.plaf [1.40.1 201510222201]
	org.netbeans.modules.projectapi/1 [1.65.2 201601300101]
	org.netbeans.swing.dirchooser [1.28.1 201510222201]
	org.netbeans.spi.viewmodel/2 [1.50.2 201601300101]
	org.netbeans.spi.tasklist/1 [1.33.1.1 1 201510222201]
	org.netbeans.spi.quicksearch [1.26.1 201510222201]
	org.netbeans.spi.palette/1 [1.45.1 201510222201]
	org.netbeans.spi.navigator/1 [1.36.1 201510222201]
	org.netbeans.modules.editor.util/1 [1.61.1 201510222201]
	org.netbeans.modules.editor.settings.lib [1.50.1.1 1 201510222201]
	org.netbeans.modules.editor.settings/1 [1.55.1 201510222201]
	org.netbeans.modules.lexer/2 [1.62.1.1 1 201510222201]
	org.netbeans.modules.editor.fold/1 [1.43.1 201510222201]
	org.netbeans.modules.editor.document [1.5.1.1 1 201510222201]
	org.netbeans.modules.editor.lib2/1 [2.4.1.44.1 44 201510222201]
	org.netbeans.modules.editor.guards/1 [1.31.1 201510222201]
	org.netbeans.modules.editor.indent/2 [1.42.1 201510222201]
	org.netbeans.modules.editor.lib/3 [4.3.1.22.1.44 22 201510222201]
	org.netbeans.modules.keyring [1.23.1 201510222201]
	org.netbeans.libs.asm [5.2.1 201510222201]
	org.netbeans.bootstrap/1 [2.74.1 201510222201]
	org.netbeans.core.startup.base [1.61.1.1 1 201510222201]
	org.netbeans.core.startup/1 [1.61.1.1 201510222201]
	org.netbeans.modules.sampler [1.13.1 201510222201]
	org.netbeans.core/2 [3.49.1 201510222201]
	org.netbeans.modules.options.api/1 [1.44.1 201510222201]
	org.netbeans.modules.options.keymap [1.36.1 201510222201]
	org.netbeans.modules.editor.settings.storage/1 [1.50.1.1 201510222201]
	org.netbeans.modules.editor.fold.nbui [1.11.1.44 201510222201]
	org.netbeans.modules.editor/3 [1.84.1.5.1.22.44 5 201510222201]
	org.netbeans.libs.javacapi [8.13.1.3 3 201510222201]
	org.netbeans.libs.javacimpl/1 [0.40.1.25 25 201510222201]
	org.netbeans.lib.nbjavac [1.15.1.2.25 2 201510222201]
	org.netbeans.modules.editor.errorstripe.api/1 [2.31.1.1 1 201510222201]
	org.netbeans.api.java.classpath/1 [1.50.1 201510222201]
	org.netbeans.api.java/1 [1.58.1 201510222201]
	org.netbeans.modules.java.platform/1 [1.39.1 201510222201]
	org.netbeans.modules.options.editor/1 [1.55.1 201510222201]
	org.netbeans.modules.editor.errorstripe/2 [2.33.1.1.1 1 201510222201]
	org.netbeans.modules.diff/1 [1.50.1.42.1 42 201510222201]
	org.netbeans.libs.lucene/3 [3.18.1 201510222201]
	org.netbeans.modules.masterfs/2 [2.54.1.2 2 201510222201]
	org.netbeans.modules.parsing.lucene/2 [2.34.1.1 1 201510222201]
	org.netbeans.modules.parsing.api/1 [9.5.1.8 8 201510222201]
	org.netbeans.modules.projectuiapi.base/1 [1.83.1.9 9 201510222201]
	org.netbeans.modules.project.indexingbridge [1.16.1 201510222201]
	org.netbeans.modules.parsing.indexing [9.7.2.1.1.8 1 201601300101]
	org.netbeans.modules.refactoring.api [1.45.1.1 1 201510222201]
	org.netbeans.modules.classfile/1 [1.47.1 201510222201]
	org.netbeans.modules.editor.indent.support [1.41.1 201510222201]
	org.netbeans.modules.projectuiapi/1 [1.86.1.8 8 201510222201]
	org.netbeans.modules.editor.indent.project/0 [1.21.1 201510222201]
	org.netbeans.core.multiview/1 [1.43.1 201510222201]
	org.netbeans.modules.java.lexer/1 [1.30.1 201510222201]
	org.netbeans.modules.java.preprocessorbridge [1.38.1.1 1 201510222201]
	org.netbeans.modules.java.source.base [2.9.1.2.2.25.8.1 2 201510222201]
	org.netbeans.modules.java.source [0.149.1.32.2.25.2.1 32 201510222201]
	org.netbeans.modules.project.spi.intern [1.2.1 201510222201]
	org.netbeans.modules.project.libraries/1 [1.52.1 201510222201]
	org.apache.xml.resolver [1.30.1.12 12 201510222201]
	org.netbeans.api.xml/1 [1.43.1 201510222201]
	org.netbeans.modules.xml.catalog/2 [3.2.1.4 4 201510222201]
	org.netbeans.modules.project.ant/1 [1.64.1 201510222201]
	org.netbeans.modules.java.project/1 [1.64.1 201510222201]
	org.netbeans.modules.settings/1 [1.48.1 201510222201]
	org.netbeans.spi.editor.hints/0 [1.39.1.7.44 7 201510222201]
	org.netbeans.modules.autoupdate.services [1.51.2 201604181316]
	org.netbeans.modules.autoupdate.ui [1.44.1 201510222201]
	org.netbeans.core.windows/2 [2.80.1 201510222201]
	org.netbeans.modules.code.analysis/0 [1.24.1 201510222201]
	org.netbeans.spi.java.hints [1.27.1.13.2.25.32.2.8 13 201510222201]
	org.netbeans.modules.editor.tools.storage [1.7.1 201510222201]
	org.netbeans.spi.editor.hints.projects [1.10.1.1.7 1 201510222201]
	org.netbeans.api.debugger/1 [1.52.1 201510222201]
	org.netbeans.spi.debugger.ui/1 [2.51.1 201510222201]
	org.netbeans.api.debugger.jpda/2 [3.3.1 201510222201]
	org.netbeans.spi.debugger.jpda.ui [3.1.1 201510222201]
	org.netbeans.modules.xml.core/2 [1.42.1.4 4 201510222201]
	org.netbeans.modules.xml.xam/1 [1.31.1.1 1 201510222201]
	org.netbeans.api.xml.ui/1 [1.43.1 201510222201]
	org.netbeans.modules.xml.retriever/1 [1.30.1 201510222201]
	org.netbeans.modules.xml.schema.model/1 [1.31.1.1 1 201510222201]
	org.netbeans.modules.xml.axi [1.30.1 201510222201]
	org.netbeans.modules.editor.breadcrumbs/0 [1.16.1 201510222201]
	org.netbeans.modules.editor.bracesmatching/0 [1.38.1.44 201510222201]
	org.netbeans.modules.editor.deprecated.pre65formatting/0 [1.27.1.1.5.22.44 1 201510222201]
	org.netbeans.modules.editor.completion/1 [1.43.1.2 2 201510222201]
	org.netbeans.modules.editor.codetemplates/1 [1.41.1.1 1 201510222201]
	org.netbeans.modules.editor.actions/1 [1.29.1.44 201510222201]
	org.netbeans.core.ui/1 [1.44.1 201510222201]
	org.netbeans.api.search [1.20.1 201510222201]
	org.netbeans.modules.jumpto/1 [1.51.2.1 1 201604181316]
	org.netbeans.modules.csl.api/2 [2.51.2.2.1.1.8.1 2 201601300101]
	org.netbeans.modules.editor.structure/1 [1.46.1.1 1 201510222201]
	org.netbeans.modules.xml.lexer [1.28.1 201510222201]
	org.netbeans.modules.xml.text/2 [1.51.1 201510222201]
	org.netbeans.modules.xml [1.30.1 201510222201]
	org.netbeans.modules.servletapi/1 [1.38.1 201510222201]
	org.netbeans.modules.httpserver/2 [2.35.1.42 42 201510222201]
	org.netbeans.modules.xsl/1 [1.42.1 201510222201]
	org.netbeans.modules.xml.xdm/1 [1.32.1.1 1 201510222201]
	org.netbeans.modules.xml.wsdl.model/1 [1.32.1.1 1 201510222201]
	org.netbeans.libs.xerces/1 [1.37.1.281 281 201510222201]
	org.netbeans.modules.xml.tax/2 [1.42.1.281 201510222201]
	org.netbeans.modules.xml.tools/2 [1.42.1 201510222201]
	org.netbeans.modules.xml.tools.java [1.28.1 201510222201]
	org.netbeans.modules.xml.schema.completion [1.29.1 201510222201]
	org.netbeans.modules.xml.multiview/1 [1.37.1.2 2 201510222201]
	org.netbeans.modules.xml.jaxb.api/1 [1.25.1 201510222201]
	org.netbeans.modules.options.java [1.13.1 201510222201]
	org.apache.tools.ant.module/3 [3.79.1.2 2 201510222201]
	org.netbeans.modules.xml.jaxb/1 [1.29.1 201510222201]
	org.netbeans.modules.xml.catalog.ui [2.2.1.4 201510222201]
	org.netbeans.modules.whitelist [1.22.1 201510222201]
	org.netbeans.core.execution/1 [1.40.1 201510222201]
	org.netbeans.modules.sendopts/2 [2.34.1 201510222201]
	org.netbeans.modules.favorites/1 [1.45.1 201510222201]
	org.netbeans.modules.projectui [1.57.3.8.9 201604181316]
	org.netbeans.modules.welcome/1 [1.41.1 201510222201]
	org.netbeans.modules.websvc.wsstackapi/0 [1.25.1 201510222201]
	org.netbeans.modules.websvc.wsitmodelext [3.29.1 201510222201]
	org.netbeans.modules.project.libraries.ui/1 [1.51.1 201510222201]
	org.netbeans.modules.project.ant.ui/1 [1.64.1 201510222201]
	org.netbeans.modules.java.platform.ui/1 [1.39.1 201510222201]
	org.netbeans.modules.java.project.ui/1 [1.66.1 201510222201]
	org.netbeans.modules.j2ee.metadata/0 [1.31.1 201510222201]
	org.netbeans.modules.j2ee.metadata.model.support/1 [1.30.1 201510222201]
	org.netbeans.modules.schema2beans/1 [1.45.1 201510222201]
	org.netbeans.modules.j2ee.dd/1 [1.42.1.2 2 201510222201]
	org.netbeans.modules.j2ee.core/0 [1.26.1 201510222201]
	org.netbeans.api.web.webmodule [1.40.1 201510222201]
	org.netbeans.modules.j2ee.dd.webservice [1.33.1 201510222201]
	org.netbeans.modules.websvc.jaxws.lightapi [1.24.1 201510222201]
	org.netbeans.modules.websvc.jaxwsmodelapi/1 [1.26.1 201510222201]
	org.netbeans.libs.jaxb/1 [1.30.1 201510222201]
	org.netbeans.modules.websvc.jaxws21api/1 [1.30.1 201510222201]
	org.netbeans.modules.websvc.jaxws21/1 [1.31.1 201510222201]
	org.netbeans.modules.websvc.jaxwsmodel/1 [1.32.1 201510222201]
	org.netbeans.modules.java.sourceui/1 [1.42.1.1.25.32.2 1 201510222201]
	org.netbeans.modules.j2ee.core.utilities/0 [1.32.1 201510222201]
	org.netbeans.modules.properties/1 [1.53.1 201510222201]
	org.netbeans.modules.i18n/1 [1.52.1 201510222201]
	org.netbeans.modules.websvc.utilities/0 [1.27.1 201510222201]
	org.netbeans.modules.j2eeapis/1 [1.34.1 201510222201]
	org.netbeans.core.ide/1 [1.40.1 201510222201]
	org.netbeans.modules.server/0 [1.32.1 201510222201]
	org.netbeans.modules.j2eeserver/4 [1.112.1.1 1 201510222201]
	org.netbeans.modules.websvc.jaxwsapi [1.28.1 201510222201]
	org.netbeans.modules.websvc.websvcapi [1.33.1 201510222201]
	org.netbeans.modules.websvc.saas.api [1.30.1 201510222201]
	org.netbeans.modules.websvc.saas.codegen [1.29.1 201510222201]
	org.netbeans.modules.websvc.saas.codegen.java [1.29.1 201510222201]
	org.netbeans.modules.java.editor.lib/1 [1.37.1 201510222201]
	org.netbeans.modules.db.metadata.model/1 [1.10.1 201510222201]
	org.netbeans.modules.javahelp/1 [2.40.1 201510222201]
	org.netbeans.modules.db/1 [1.64.1.30 30 201510222201]
	org.netbeans.modules.dbapi [1.33.1.30 201510222201]
	org.netbeans.modules.dbschema/1 [1.40.1.4.30 4 201510222201]
	org.netbeans.modules.j2ee.persistenceapi/1 [1.33.1.1 1 201510222201]
	org.netbeans.modules.javaee.injection [1.5.1 201510222201]
	org.netbeans.modules.java.completion [1.4.1.1 1 201510222201]
	org.netbeans.modules.java.editor.base [2.64.1.1 1 201510222201]
	org.netbeans.modules.extexecution.base/2 [1.2.1 201510222201]
	org.netbeans.modules.extexecution/2 [1.47.1 201510222201]
	org.netbeans.modules.gsf.testrunner/2 [2.8.1 201510222201]
	org.netbeans.modules.gsf.testrunner.ui [1.9.2 201601300101]
	org.netbeans.modules.gototest/1 [1.32.1 201510222201]
	org.netbeans.modules.refactoring.java/1 [1.57.1.1.25 1 201510222201]
	org.netbeans.modules.java.editor/1 [2.65.1.11.1.1.1 11 201510222201]
	org.netbeans.modules.j2ee.eclipselink/1 [1.31.1 201510222201]
	org.netbeans.modules.j2ee.persistence [1.50.1.1 1 201510222201]
	org.netbeans.libs.antlr3.runtime [1.20.1.1 1 201510222201]
	org.netbeans.modules.java.api.common/0 [1.76.1 201510222201]
	org.netbeans.libs.json_simple/1 [0.11.1 201510222201]
	org.netbeans.modules.web.common [1.90.2 201601300101]
	org.netbeans.modules.j2ee.api.ejbmodule [1.39.1 201510222201]
	org.netbeans.modules.javaee.specs.support/0 [1.27.1 201510222201]
	org.netbeans.modules.extbrowser/1 [1.52.1 201510222201]
	org.netbeans.modules.web.browser.api [1.44.1 201510222201]
	org.netbeans.modules.j2ee.common/1 [1.104.1 201510222201]
	org.netbeans.modules.websvc.clientapi [1.34.1 201510222201]
	org.netbeans.modules.websvc.restapi/0 [1.38.1 201510222201]
	org.netbeans.modules.websvc.projectapi/0 [1.24.1 201510222201]
	org.netbeans.modules.websvc.core [1.46.1.1.4 1 201510222201]
	org.netbeans.api.visual [2.46.1 201510222201]
	org.netbeans.modules.websvc.design [1.27.1 201510222201]
	org.netbeans.modules.ant.browsetask [1.39.1 201510222201]
	org.netbeans.modules.javaee.project [1.20.1 201510222201]
	org.netbeans.modules.css.lib/1 [1.81.1 201510222201]
	org.netbeans.modules.html.lexer/1 [1.37.1 201510222201]
	org.netbeans.modules.html.editor.lib/3 [3.30.1 201510222201]
	org.netbeans.modules.web.indent [1.19.1 201510222201]
	org.netbeans.modules.css.model [1.30.1 201510222201]
	org.netbeans.modules.css.editor/1 [1.66.1 201510222201]
	org.netbeans.modules.html/1 [1.60.1 201510222201]
	org.netbeans.modules.html.editor/2 [2.53.1 201510222201]
	org.netbeans.modules.gsf.codecoverage [1.31.1 201510222201]
	org.netbeans.modules.web.clientproject.api [1.98.2 201601300101]
	org.netbeans.libs.junit4 [1.16.1 201510222201]
	org.netbeans.modules.junitlib [1.3.1 201510222201]
	org.netbeans.modules.java.testrunner [1.18.1 201510222201]
	org.netbeans.modules.junit/2 [2.71.1 201510222201]
	org.netbeans.lib.terminalemulator [1.33.3 201604181316]
	org.netbeans.modules.terminal [1.24.3 201604181316]
	org.netbeans.core.output2/1 [1.40.1 201510222201]
	org.netbeans.modules.servletjspapi/1 [1.32.1.25 25 201510222201]
	org.netbeans.libs.glassfish_logging/1 [1.27.1.20 20 201510222201]
	org.netbeans.modules.web.jspparser/3 [3.30.1 201510222201]
	org.netbeans.modules.web.project [1.75.1.1 1 201510222201]
	org.netbeans.modules.websvc.wsitconf [3.33.1 201510222201]
	org.netbeans.modules.websvc.saas.ui [1.27.1 201510222201]
	org.netbeans.modules.websvc.saas.services.zvents [1.26.1 201510222201]
	org.netbeans.modules.websvc.saas.services.zillow [1.26.1 201510222201]
	org.netbeans.modules.websvc.saas.services.weatherbug [1.26.1 201510222201]
	org.netbeans.modules.websvc.saas.services.strikeiron [1.27.1 201510222201]
	org.netbeans.modules.websvc.saas.services.google [1.27.1 201510222201]
	org.netbeans.modules.websvc.saas.services.flickr [1.27.1 201510222201]
	org.netbeans.modules.websvc.saas.services.delicious [1.26.1 201510222201]
	org.netbeans.modules.websvc.saas.services.amazon [1.27.1 201510222201]
	org.netbeans.core.multitabs/1 [1.11.1.1 1 201510222201]
	org.netbeans.modules.editor.bookmarks/1 [1.36.1 201510222201]
	org.netbeans.modules.editor.plain.lib/1 [1.32.1 201510222201]
	com.jcraft.jsch [0.1.53 0.1.53]
	org.netbeans.libs.jna/1 [1.41.1 201510222201]
	org.netbeans.modules.dlight.nativeexecution [1.37.7.1 1 201605061511]
	org.netbeans.modules.dlight.terminal [1.22.6.1 1 201604181316]
	org.netbeans.modules.tasklist.projectint/1 [1.28.1 201510222201]
	org.netbeans.modules.tasklist.todo/1 [1.30.1.1 1 201510222201]
	org.netbeans.modules.tasklist.ui/1 [1.30.1.1.1 1 201510222201]
	org.netbeans.modules.tasklist.kit [1.27.1 201510222201]
	org.netbeans.core.multitabs.project [1.9.1.1.1 1 201510222201]
	org.netbeans.modules.editor.search [1.23.1.0.44 0 201510222201]
	org.netbeans.modules.languages.diff [1.32.1 201510222201]
	org.apache.commons.logging [1.1.1 1.1.1]
	org.netbeans.modules.html.parser/1 [1.33.1.1 1 201510222201]
	org.netbeans.modules.html.validation/1 [1.29.1 201510222201]
	org.netbeans.libs.nashorn/1 [1.18.1 201510222201]
	org.netbeans.modules.javascript2.editor/1 [0.68.2 201601300101]
	org.netbeans.modules.javascript2.prototypejs [0.4.1 201510222201]
	org.netbeans.modules.javascript2.nodejs/0 [0.10.1 201510222201]
	org.netbeans.modules.javascript2.requirejs [0.5.2 201601300101]
	org.netbeans.modules.javascript2.extjs [1.8.1 201510222201]
	org.netbeans.modules.javascript2.jquery [1.8.1 201510222201]
	org.netbeans.modules.javascript2.knockout [1.9.1 201510222201]
	org.netbeans.modules.javascript2.jade/1 [0.6.1 201510222201]
	org.netbeans.modules.javascript2.kit/1 [0.13.1 201510222201]
	org.netbeans.modules.languages.manifest [1.31.1 201510222201]
	org.netbeans.modules.css.visual/3 [3.30.1 201510222201]
	org.netbeans.libs.bytelist/1 [0.26.1.1 1 201510222201]
	org.netbeans.libs.jvyamlb/1 [0.28.1 201510222201]
	org.netbeans.modules.languages.yaml [2.31.1 201510222201]
	org.netbeans.modules.image/1 [1.47.1 201510222201]
	org.netbeans.modules.editor.kit [1.31.1 201510222201]
	org.netbeans.modules.print [7.25.1 201510222201]
	org.netbeans.modules.autoupdate.cli [1.12.1 201510222201]
	org.netbeans.libs.osgi [1.20.1 201510222201]
	org.netbeans.libs.felix [2.14.1 201510222201]
	org.netbeans.modules.core.kit [1.29.1 201510222201]
	org.netbeans.modules.defaults/1 [1.30.1 201510222201]
	org.netbeans.modules.print.editor [7.25.1 201510222201]
	org.netbeans.modules.utilities/1 [1.60.1 201510222201]
	org.netbeans.modules.usersguide/1 [1.47.1 201510222201]
	org.netbeans.modules.editor.macros/0 [1.30.1.1.22 1 201510222201]
	org.netbeans.modules.editor.plain/2 [1.34.1 201510222201]
	org.netbeans.modules.ide.kit [1.32.1 201510222201]
	org.netbeans.modules.websvc.saas.kit [1.26.1 201510222201]
	org.netbeans.modules.websvc.saas.codegen.j2ee [1.27.1 201510222201]
	org.netbeans.modules.websvc.restlib/2 [2.10.1 201510222201]
	org.netbeans.modules.websvc.manager [1.30.1 201510222201]
	org.netbeans.modules.websvc.editor.hints [1.29.1 201510222201]
	org.netbeans.modules.websvc.metro.model [1.25.1 201510222201]
	org.netbeans.modules.j2ee.eclipselinkmodelgen/1 [1.31.1 201510222201]
	org.netbeans.modules.j2ee.jpa.refactoring [1.30.1 201510222201]
	org.netbeans.modules.j2ee.jpa.verification [1.34.1 201510222201]
	org.netbeans.libs.swingx/1 [1.26.1 201510222201]
	org.netbeans.modules.db.dataview [1.28.2 201601300101]
	org.netbeans.modules.db.core [1.35.1 201510222201]
	org.netbeans.modules.db.sql.editor [1.35.1.30 201510222201]
	org.netbeans.modules.db.drivers [1.28.1 201510222201]
	org.netbeans.modules.db.sql.visualeditor/1 [2.30.1.30 201510222201]
	org.netbeans.modules.db.mysql [0.27.1.2 2 201510222201]
	org.netbeans.modules.derby [1.39.1 201510222201]
	org.netbeans.modules.db.kit [1.29.1 201510222201]
	org.netbeans.modules.ant.debugger/1 [1.36.1.2 201510222201]
	org.netbeans.modules.ant.freeform/1 [1.45.1 201510222201]
	org.netbeans.modules.projectui.buildmenu/1 [1.25.1.1 1 201510222201]
	org.netbeans.modules.ant.kit [1.28.1 201510222201]
	org.netbeans.modules.debugger.jpda.ant [1.37.1 201510222201]
	org.netbeans.modules.java.j2seproject/1 [1.79.1.48 48 201510222201]
	org.netbeans.modules.javawebstart [1.32.1 201510222201]
	org.netbeans.modules.java.freeform/1 [1.42.1 201510222201]
	org.netbeans.modules.java.j2seembedded [1.8.1 201510222201]
	org.netbeans.modules.java.debug [1.37.1.1.25.2 1 201510222201]
	org.jdesktop.beansbinding/1 [1.26.1.121 121 201510222201]
	org.netbeans.modules.java.examples/1 [1.35.1 201510222201]
	org.netbeans.modules.java.hints.ui [1.17.1.1.13 1 201510222201]
	org.netbeans.modules.java.navigation/1 [1.38.1 201510222201]
	org.netbeans.modules.findbugs.installer [1.15.1 201510222201]
	org.netbeans.modules.java.hints.legacy.spi/1 [1.14.1.1.13 1 201510222201]
	org.netbeans.modules.java.hints/1 [1.80.1.16.11.1.1.32.2.1.13 16 201510222201]
	org.netbeans.modules.java.hints.declarative/1 [1.19.1.1.16.1.13 1 201510222201]
	org.netbeans.modules.java.j2seprofiles [1.7.1 201510222201]
	org.netbeans.modules.java.j2sedeploy [1.11.1 201510222201]
	org.netbeans.modules.java.j2seplatform/1 [1.40.1 201510222201]
	org.netbeans.modules.javadoc/1 [1.53.1 201510222201]
	org.netbeans.modules.nashorn.execution/1 [1.5.1 201510222201]
	org.netbeans.modules.beans/1 [1.50.1.1.11 1 201510222201]
	org.netbeans.modules.spellchecker.apimodule [1.24.1 201510222201]
	org.netbeans.modules.spellchecker.bindings.java/1 [1.29.1 201510222201]
	org.netbeans.modules.java.source.ant [1.30.1.1.2 1 201510222201]
	org.netbeans.modules.projectimport.eclipse.core/1 [2.29.1 201510222201]
	org.netbeans.modules.java.kit [1.34.1 201510222201]
	org.netbeans.modules.j2ee.persistence.kit [1.31.1 201510222201]
	org.netbeans.modules.web.webkit.debugging [1.50.2 201601300101]
	org.netbeans.modules.web.inspect [0.30.1 201510222201]
	org.netbeans.modules.web.beans/2 [2.20.1 201510222201]
	org.netbeans.modules.javaee.resources [1.12.1 201510222201]
	org.netbeans.modules.j2ee.ejbcore [1.52.1 201510222201]
	org.netbeans.modules.j2ee.ddloaders/1 [1.39.1.2 201510222201]
	org.netbeans.modules.glassfish.tooling/0 [1.5.2 201510222201]
	org.netbeans.modules.glassfish.common/0 [1.71.2 201510222201]
	org.netbeans.modules.j2ee.sun.dd/1 [1.35.1.1 1 201510222201]
	org.netbeans.modules.glassfish.eecommon/0 [1.39.1.1.1 1 201510222201]
	org.netbeans.modules.j2ee.sun.appsrv/1 [1.36.1.1 1 201510222201]
	org.netbeans.modules.j2ee.sun.ddui/1 [1.38.1.1.1 1 201510222201]
	org.netbeans.modules.glassfish.javaee/0 [1.43.1 201510222201]
	org.netbeans.modules.j2ee.genericserver [1.33.1 201510222201]
	org.netbeans.modules.javaee.api [1.22.1 201510222201]
	org.netbeans.modules.web.examples/1 [1.35.1 201510222201]
	org.netbeans.modules.javascript.gulp [0.8.2 201601300101]
	org.netbeans.modules.javascript2.debug/1 [1.11.1 201510222201]
	org.netbeans.modules.web.javascript.debugger [1.13.1 201510222201]
	org.netbeans.modules.selenium2.server [1.2.1 201510222201]
	org.netbeans.modules.selenium2 [1.4.1 201510222201]
	org.netbeans.modules.selenium2.webclient [1.8.1 201510222201]
	org.netbeans.modules.web.clientproject [1.85.2 201601300101]
	org.netbeans.modules.web.client.samples [1.15.1 201510222201]
	org.netbeans.modules.javascript.cdnjs/0 [0.8.1 201510222201]
	org.netbeans.modules.web.webkit.tooling [1.11.1 201510222201]
	org.netbeans.modules.javascript.bower [0.5.1 201510222201]
	org.netbeans.modules.javascript.karma/0 [0.16.1 201510222201]
	org.netbeans.lib.v8debug/1 [1.15.1 201510222201]
	org.netbeans.modules.javascript.v8debug/1 [1.7.1 201510222201]
	org.netbeans.libs.commons_compress/0 [0.5.1.181 181 201510222201]
	org.netbeans.modules.javascript.nodejs/0 [0.28.2 201601300101]
	org.netbeans.modules.netserver [1.14.1 201510222201]
	org.netbeans.modules.extbrowser.chrome [1.11.1 201510222201]
	org.netbeans.modules.javascript.grunt [0.9.2 201601300101]
	org.netbeans.libs.jstestdriver [1.11.1 201510222201]
	org.netbeans.modules.javascript.jstestdriver [0.13.1 201510222201]
	org.netbeans.modules.web.client.kit [1.17.1 201510222201]
	org.netbeans.modules.web.monitor/1 [1.44.1 201510222201]
	org.netbeans.modules.weblogic.common [1.12.1 201510222201]
	org.netbeans.modules.j2ee.weblogic9/1 [1.43.1.1 1 201510222201]
	org.netbeans.modules.el.lexer/1 [1.29.1 201510222201]
	org.netbeans.modules.jsp.lexer/1 [1.27.1 201510222201]
	org.netbeans.modules.target.iterator/1 [1.23.1 201510222201]
	org.netbeans.modules.web.core/2 [2.34.1.45.2 45 201510222201]
	org.netbeans.libs.elimpl/1 [1.21.1.1 1 201510222201]
	org.netbeans.modules.web.el [1.53.1 201510222201]
	org.netbeans.modules.web.core.syntax/2 [2.45.1.2.11 2 201510222201]
	org.netbeans.modules.web.refactoring [1.28.1.45 201510222201]
	org.netbeans.modules.javaee.beanvalidation [1.21.1 201510222201]
	org.netbeans.modules.languages.apacheconf [1.16.1 201510222201]
	org.netbeans.modules.javaee.wildfly/1 [1.4.2 201601300101]
	org.netbeans.modules.websvc.rest/0 [1.30.1 201510222201]
	org.netbeans.modules.web.client.rest [1.16.1 201510222201]
	org.netbeans.modules.j2ee.ant [1.36.1.1 201510222201]
	org.netbeans.modules.websocket [1.8.1 201510222201]
	org.netbeans.modules.debugger.jpda.projects [1.34.1 201510222201]
	org.netbeans.modules.debugger.jpda.projectsui [1.1.1 201510222201]
	org.netbeans.modules.debugger.jpda/2 [1.91.2.80 80 201601300101]
	org.netbeans.modules.debugger.jpda.ui/1 [1.52.2 201601300101]
	org.netbeans.modules.web.debug/1 [2.38.1 201510222201]
	org.netbeans.modules.cloud.common [1.13.1 201510222201]
	org.netbeans.libs.amazon/1 [1.12.1 201510222201]
	org.netbeans.modules.cloud.amazon/0 [1.14.1 201510222201]
	org.netbeans.modules.j2ee.samples [1.30.1 201510222201]
	org.netbeans.modules.j2ee.jboss4/1 [1.39.1 201510222201]
	org.netbeans.modules.web.jsfapi/1 [1.36.1 201510222201]
	org.netbeans.modules.web.freeform [1.34.1 201510222201]
	org.netbeans.libs.jstl/1 [2.36.1.123 123 201510222201]
	org.netbeans.modules.tomcat5/1 [1.44.1 201510222201]
	org.netbeans.modules.web.kit [1.30.1 201510222201]
	org.netbeans.modules.websvc.metro.samples/1 [1.28.1 201510222201]
	org.netbeans.modules.websvc.customization [1.28.1.2 201510222201]
	org.netbeans.modules.websvc.owsm [1.15.1 201510222201]
	org.netbeans.modules.websvc.metro.lib/1 [1.29.1 201510222201]
	org.netbeans.modules.websvc.kit [1.28.1 201510222201]
	org.netbeans.modules.apisupport.restsample [1.20.1 201510222201]
	org.netbeans.modules.websvc.rest.samples/0 [1.25.1 201510222201]
	org.netbeans.modules.websvc.restkit/0 [1.26.1 201510222201]
	org.netbeans.libs.commons_fileupload/1 [1.27.1 201510222201]
	org.netbeans.modules.web.struts/1 [1.35.1.1 1 201510222201]
	org.netbeans.modules.web.jsf/1 [1.71.1.2 2 201510222201]
	org.netbeans.modules.web.jsf.navigation/1 [2.28.1 201510222201]
	org.netbeans.modules.web.jsf20/1 [1.34.1.1 1 201510222201]
	org.netbeans.modules.web.jsf.editor [1.52.1 201510222201]
	org.netbeans.modules.web.jsf12/1 [1.26.1.12 12 201510222201]
	org.netbeans.modules.web.jsf12ri/1 [1.26.1.12 12 201510222201]
	org.netbeans.modules.web.jsf.kit [1.29.1 201510222201]
	org.netbeans.modules.web.primefaces [1.74.1 201510222201]
	org.netbeans.modules.web.jsf.richfaces [1.30.1 201510222201]
	org.netbeans.modules.web.jsf.icefaces [1.18.1 201510222201]
	org.netbeans.modules.versioning.core/1 [1.29.1.1.42 1 201510222201]
	org.netbeans.modules.versioning/1 [1.46.1.1 1 201510222201]
	org.netbeans.modules.versioning.util [1.68.3.42.1 201601300101]
	org.netbeans.modules.team.commons [1.47.1 201510222201]
	org.netbeans.modules.versioning.ui/1 [1.21.1.42.1 201510222201]
	org.netbeans.modules.versioning.system.cvss.installer [1.15.1 201510222201]
	org.netbeans.modules.masterfs.ui [2.2.1.2 201510222201]
	org.netbeans.modules.versioning.masterfs [1.13.1 201510222201]
	org.netbeans.modules.versioning.indexingbridge/0 [1.24.1 201510222201]
	org.netbeans.modules.utilities.project/1 [1.37.1 201510222201]
	org.netbeans.modules.updatecenters/1 [1.39.1 201510222201]
	org.netbeans.lib.uihandler [1.44.1 201510222201]
	org.netbeans.modules.uihandler [2.34.1 201510222201]
	org.netbeans.modules.uihandler.exceptionreporter [1.28.1 201510222201]
	org.netbeans.modules.java.testrunner.ui [1.3.1 201510222201]
	org.netbeans.libs.testng/1 [1.13.1 201510222201]
	org.netbeans.modules.testng [2.19.1 201510222201]
	org.netbeans.modules.testng.ui [1.7.1 201510222201]
	org.netbeans.modules.maven.embedder/2 [2.51.1 201510222201]
	org.netbeans.modules.maven.indexer/2 [2.35.1 201510222201]
	org.apache.commons.codec [1.3.0 1.3.0]
	org.netbeans.modules.maven.model/1 [1.41.1 201510222201]
	org.netbeans.modules.swing.validation/2 [1.31.1 201510222201]
	org.netbeans.modules.maven.indexer.ui/2 [2.33.1 201510222201]
	org.netbeans.modules.maven/2 [2.118.1 201510222201]
	org.netbeans.modules.testng.maven [2.15.1 201510222201]
	org.netbeans.modules.java.testrunner.ant [1.1.1 201510222201]
	org.netbeans.modules.testng.ant [2.14.1 201510222201]
	org.netbeans.modules.templates/1 [1.6.1 201510222201]
	org.netbeans.modules.team.ide [1.12.1 201510222201]
	org.netbeans.libs.ini4j/1 [1.33.1 201510222201]
	org.netbeans.libs.svnClientAdapter/1 [1.39.1 201510222201]
	org.netbeans.modules.subversion [1.40.2.42.1 201512151638]
	org.netbeans.libs.cglib/1 [1.25.1 201510222201]
	org.netbeans.libs.springframework/1 [1.36.1 201510222201]
	org.netbeans.modules.spring.beans/0 [1.38.1.1 1 201510222201]
	org.netbeans.modules.spring.webmvc [1.38.1 201510222201]
	org.netbeans.modules.spellchecker [1.34.1.1.7 1 201510222201]
	org.netbeans.modules.spellchecker.kit [1.24.1 201510222201]
	org.netbeans.modules.spellchecker.dictionary_en [1.21.1 201510222201]
	org.netbeans.modules.properties.syntax/1 [1.49.1 201510222201]
	org.netbeans.modules.spellchecker.bindings.properties [1.21.1 201510222201]
	org.netbeans.modules.spellchecker.bindings.htmlxml [1.26.1 201510222201]
	org.netbeans.modules.selenium2.webclient.protractor [1.3.1 201510222201]
	org.netbeans.modules.selenium2.webclient.mocha [1.6.1 201510222201]
	org.netbeans.modules.selenium2.java [1.1.1 201510222201]
	org.netbeans.modules.selenium2.maven [1.1.1 201510222201]
	org.netbeans.modules.projectimport.eclipse.web [1.26.1.1 201510222201]
	org.netbeans.modules.projectimport.eclipse.j2se [1.27.1.48 201510222201]
	org.netbeans.modules.projectapi.nb [1.2.1 201510222201]
	org.netbeans.modules.project.spi.intern.impl [1.2.1 201510222201]
	org.netbeans.modules.progress.ui [1.32.1 201510222201]
	org.netbeans.modules.profiler.utilities/1 [1.36.1 201510222201]
	org.netbeans.lib.profiler/1 [1.79.1 201510222201]
	org.netbeans.lib.profiler.charts/1 [1.28.1 201510222201]
	org.netbeans.lib.profiler.common/1 [1.39.1 201510222201]
	org.netbeans.modules.profiler.api/1 [1.39.1 201510222201]
	org.netbeans.lib.profiler.ui/1 [1.106.1 201510222201]
	org.netbeans.modules.profiler.attach/2 [2.20.1 201510222201]
	org.netbeans.modules.profiler/3 [3.21.1 201510222201]
	org.netbeans.modules.profiler.snaptracer/1 [1.22.1 201510222201]
	org.netbeans.modules.profiler.projectsupport [1.32.1 201510222201]
	org.netbeans.modules.profiler.ppoints [1.20.1 201510222201]
	org.netbeans.modules.profiler.oql/2 [2.15.1 201510222201]
	org.netbeans.modules.profiler.oql.language/0 [0.27.1 201510222201]
	org.netbeans.modules.profiler.options [1.17.1 201510222201]
	org.netbeans.modules.profiler.nbimpl/1 [1.23.1 201510222201]
	org.netbeans.modules.profiler.nbmodule/1 [1.34.1 201510222201]
	org.netbeans.modules.profiler.heapwalker [1.104.1 201510222201]
	org.netbeans.modules.profiler.kit [1.18.1 201510222201]
	org.netbeans.modules.profiler.j2se/1 [1.35.1 201510222201]
	org.netbeans.modules.profiler.j2ee/1 [1.36.1 201510222201]
	org.netbeans.modules.profiler.freeform/1 [1.34.1 201510222201]
	org.netbeans.modules.parsing.ui [1.13.1.1 201510222201]
	org.netbeans.modules.parsing.nb [1.2.1.8.1 201510222201]
	org.netbeans.modules.notifications [1.7.1 201510222201]
	org.netbeans.core.netigso [1.30.1 201510222201]
	org.netbeans.modules.netbinox [1.39.1 201510222201]
	org.eclipse.mylyn.commons.net [3.10.0 3.10.0.20131018-1210]
	org.eclipse.mylyn.tasks.core [3.10.0 3.10.0.20131010-2023]
	org.eclipse.core.jobs [3.5.101 3.5.101.v20120113-1953]
	org.eclipse.mylyn.wikitext.core [1.9.0 1.9.0.20131007-2055]
	org.netbeans.modules.bugtracking [1.108.2 201601300101]
	org.eclipse.equinox.common [3.6.0 3.6.0.v20110523]
	org.eclipse.core.runtime [3.7.0 3.7.0.v20110110]
	org.netbeans.modules.mylyn.util [1.33.1 201510222201]
	org.netbeans.modules.mercurial [1.41.2.42.1 201512151638]
	org.netbeans.modules.maven.spring/1 [1.28.1 201510222201]
	org.netbeans.modules.maven.coverage [1.22.1 201510222201]
	org.netbeans.modules.maven.repository/1 [1.41.1 201510222201]
	org.netbeans.modules.maven.graph/1 [1.31.1 201510222201]
	org.netbeans.modules.maven.grammar/1 [1.46.1.1 201510222201]
	org.netbeans.modules.maven.osgi/1 [1.34.1 201510222201]
	org.netbeans.modules.maven.refactoring [1.19.1 201510222201]
	org.netbeans.modules.maven.checkstyle [1.16.1 201510222201]
	org.netbeans.modules.maven.kit/1 [4.30.1 201510222201]
	org.netbeans.modules.maven.search [1.31.1 201510222201]
	org.netbeans.modules.maven.samples/1 [1.25.1 201510222201]
	org.netbeans.modules.maven.profiler/1 [1.31.1 201510222201]
	org.netbeans.modules.maven.persistence/1 [1.28.1 201510222201]
	org.netbeans.modules.junit.ui [1.3.1 201510222201]
	org.netbeans.modules.maven.junit.ui [1.3.1 201510222201]
	org.netbeans.modules.maven.junit/1 [1.32.1 201510222201]
	org.netbeans.modules.maven.jaxws [1.30.1 201510222201]
	org.netbeans.modules.maven.j2ee/1 [1.61.1 201510222201]
	org.netbeans.modules.maven.hints/1 [1.39.1 201510222201]
	org.netbeans.libs.freemarker/1 [2.33.1.238 238 201510222201]
	org.netbeans.modules.apisupport.project/1 [1.75.1 201510222201]
	org.netbeans.modules.maven.apisupport/1 [1.58.2 201601300101]
	org.netbeans.modules.masterfs.nio2 [1.14.1 201510222201]
	org.netbeans.modules.masterfs.macosx [1.12.1 201510222201]
	org.netbeans.modules.bugtracking.commons [1.7.1 201510222201]
	org.netbeans.modules.localtasks [1.24.1 201510222201]
	org.netbeans.modules.localhistory [1.33.1 201510222201]
	org.netbeans.modules.lexer.nbbridge/1 [1.31.1.1 201510222201]
	org.netbeans.modules.languages.ini [1.25.1 201510222201]
	org.netbeans.modules.ko4j.debugging [1.3.1 201510222201]
	org.netbeans.modules.keyring.fallback [1.7.1 201510222201]
	org.netbeans.modules.keyring.impl [1.23.1 201510222201]
	org.netbeans.modules.junit.ant.ui [1.4.1 201510222201]
	org.netbeans.modules.junit.ant [1.2.1 201510222201]
	org.netbeans.modules.javafx2.platform [1.25.1 201510222201]
	org.netbeans.modules.javafx2.project [1.29.1 201510222201]
	org.netbeans.modules.javafx2.editor [1.20.1.11.2 201510222201]
	org.netbeans.modules.javafx2.scenebuilder [1.16.1 201510222201]
	org.netbeans.modules.javafx2.samples [1.16.1 201510222201]
	org.netbeans.modules.debugger.jpda.visual/1 [1.16.1 201510222201]
	org.netbeans.modules.debugger.jpda.js/1 [1.5.1 201510222201]
	org.netbeans.modules.debugger.jpda.kit [1.14.1 201510222201]
	org.netbeans.modules.java.guards/0 [0.30.1 201510222201]
	org.netbeans.modules.java.source.queries [1.17.1 201510222201]
	org.netbeans.modules.form/2 [1.56.2.4 4 201601300101]
	org.jdesktop.layout/1 [1.32.1 201510222201]
	org.netbeans.modules.form.nb/0 [0.17.1.1.4 1 201510222201]
	org.netbeans.modules.form.binding/0 [0.16.1.1.4.1 1 201510222201]
	org.netbeans.modules.i18n.form/2 [1.49.1.4.1 201510222201]
	org.netbeans.modules.form.refactoring/0 [0.16.1.1.4.1 1 201510222201]
	org.netbeans.modules.form.kit [1.27.1 201510222201]
	org.netbeans.modules.javafx2.kit [1.16.1 201510222201]
	org.netbeans.modules.javaee7.api [1.6.1 201510222201]
	org.netbeans.modules.java.source.queriesimpl [1.16.1 201510222201]
	org.netbeans.modules.java.metrics [1.7.1 201510222201]
	org.netbeans.modules.j2ee.platform/1 [1.32.1 201510222201]
	org.netbeans.modules.j2ee.ejbverification [1.33.1 201510222201]
	org.netbeans.modules.j2ee.ejbrefactoring [1.27.1 201510222201]
	org.netbeans.modules.j2ee.clientproject [1.48.1.1 1 201510222201]
	org.netbeans.modules.j2ee.ejbjarproject [1.55.1 201510222201]
	org.netbeans.modules.j2ee.earproject [1.53.1 201510222201]
	org.netbeans.modules.j2ee.kit [1.26.1 201510222201]
	org.netbeans.modules.autoupdate.pluginimporter [1.19.1 201510222201]
	org.netbeans.modules.deadlock.detector [1.5.1 201510222201]
	org.netbeans.modules.ide.branding/1 [1.31.1 201510222201]
	org.netbeans.modules.ide.branding.kit [1.27.1 201510222201]
	org.netbeans.libs.commons_net/2 [2.19.1.33 33 201510222201]
	org.netbeans.modules.hudson [2.12.1 201510222201]
	org.netbeans.modules.hudson.ui [1.10.1 201510222201]
	org.netbeans.modules.hudson.tasklist [1.16.1 201510222201]
	org.netbeans.modules.hudson.subversion [1.28.1 201510222201]
	org.netbeans.modules.hudson.mercurial [1.28.1 201510222201]
	org.netbeans.modules.hudson.maven [1.28.1 201510222201]
	org.netbeans.modules.hudson.git [1.17.1 201510222201]
	org.netbeans.modules.hudson.ant [1.26.1 201510222201]
	org.netbeans.api.knockout [1.2.1 201510222201]
	org.netbeans.modules.html.knockout [1.10.1 201510222201]
	org.netbeans.modules.html.custom [1.5.1 201510222201]
	org.netbeans.core.browser/1 [1.27.1.1 1 201510222201]
	org.netbeans.modules.html.angular [1.11.1 201510222201]
	org.netbeans.modules.hibernate4lib/1 [1.6.1.238 201510222201]
	org.netbeans.modules.hibernate/1 [1.32.1.1 1 201510222201]
	org.netbeans.modules.hibernateweb [1.25.1 201510222201]
	org.eclipse.jgit [3.6.2 3.6.2.201501210735-r]
	org.netbeans.libs.jna.platform/1 [1.10.1 201510222201]
	org.netbeans.libs.jsch.agentproxy/1 [0.13.1 201510222201]
	org.netbeans.libs.git/1 [1.32.2 201601300101]
	org.netbeans.modules.git [1.19.3.1 201601300101]
	org.netbeans.modules.form.j2ee/0 [0.32.1.1.4.1 1 201510222201]
	org.apache.commons.io [1.4 1.4]
	org.netbeans.modules.extexecution.process [1.26.1 201510222201]
	org.netbeans.modules.extexecution.impl [1.24.1 201510222201]
	org.netbeans.modules.editor.mimelookup.impl/1 [1.31.1 201510222201]
	org.netbeans.modules.editor.global.format/1 [1.14.1.1 1 201510222201]
	org.netbeans.modules.debugger.jpda.heapwalk/1 [1.30.1 201510222201]
	org.netbeans.modules.css.prep [1.27.1 201510222201]
	org.netbeans.libs.plist [1.6.1 201510222201]
	org.netbeans.modules.cordova.platforms [1.37.1 201510222201]
	org.netbeans.modules.cordova.platforms.ios [1.27.1 201510222201]
	org.netbeans.modules.cordova.platforms.android [1.27.1 201510222201]
	org.netbeans.modules.cordova [1.33.1 201510222201]
	org.eclipse.mylyn.bugzilla.core [3.14.2 3.14.2.v20150217-2341]
	org.apache.commons.httpclient [3.1.0 3.1.0]
	org.netbeans.modules.bugzilla [1.76.2 201601300101]
	org.netbeans.modules.bugzilla.exceptionreporter [1.23.1 201510222201]
	org.netbeans.modules.bugtracking.bridge [1.44.1 201510222201]
	org.netbeans.modules.applemenu/1 [1.36.1 201510222201]
	org.netbeans.modules.apisupport.wizards [1.19.1 201510222201]
	org.netbeans.modules.apisupport.refactoring [1.36.1 201510222201]
	org.netbeans.modules.apisupport.ant [2.71.1 201510222201]
	org.netbeans.modules.apisupport.paintapp [1.30.1 201510222201]
	org.netbeans.modules.apisupport.osgidemo [1.22.1 201510222201]
	org.netbeans.libs.nbi.ant [1.21.1 201510222201]
	org.netbeans.libs.nbi.engine [1.20.1 201510222201]
	org.netbeans.modules.apisupport.installer [1.22.1 201510222201]
	org.netbeans.modules.apisupport.feedreader/1 [1.33.1 201510222201]
	org.netbeans.modules.apisupport.harness [1.41.1 201510222201]
	org.netbeans.modules.apisupport.crudsample [1.22.1 201510222201]
	org.netbeans.modules.apisupport.kit [1.29.1 201510222201]
	org.netbeans.modules.apisupport.installer.maven [1.21.1 201510222201]
	org.netbeans.modules.ant.grammar/1 [1.43.1 201510222201]
	org.netbeans.libs.svnClientAdapter.svnkit/1 [1.23.1 201510222201]
	org.netbeans.libs.svnClientAdapter.javahl/1 [1.23.1 201510222201]
	org.netbeans.libs.javafx [2.6.1 201510222201]
	org.netbeans.core.network [1.9.1 201510222201]
	org.netbeans.core.nativeaccess/1 [1.30.1 201510222201]
	org.netbeans.core.io.ui/1 [1.29.1 201510222201]
	org.netbeans.core.browser.webview/1 [1.14.1.1.1 1 201510222201]
	org.eclipse.mylyn.commons.xmlrpc [3.10.0 3.10.0.20130704-2116]
	org.eclipse.mylyn.commons.repositories.core [1.2.0 1.2.0.20130704-2116]
	org.eclipse.mylyn.commons.core [3.10.0 3.10.0.20130926-1710]
	org.eclipse.equinox.security [1.1.1 1.1.1.R37x_v20110822-1018]
	org.eclipse.equinox.registry [3.5.200 3.5.200.v20120522-1841]
	org.eclipse.equinox.preferences [3.4.2 3.4.2.v20120111-2020]
	org.eclipse.equinox.app [1.3.100 1.3.100.v20110321]
	org.eclipse.core.runtime.compatibility.auth [3.2.200 3.2.200.v20110110]
	org.eclipse.core.net [1.2.100 1.2.100.I20110511-0800]
	org.eclipse.core.contenttype [3.4.100 3.4.100.v20110423-0524]
	org.apache.xmlrpc [3.0.0 3.0.0]
	org.apache.ws.commons.util [1.0.1 1.0.1]
	org.apache.commons.lang [2.4.0 2.4.0]
	com.jcraft.jzlib [1.0.7 1.0.7]
	com.googlecode.javaewah.JavaEWAH [0.7.9 0.7.9]
INFO [org.netbeans.core.netigso.Netigso]: bundle org.eclipse.osgi@3.9.1.v20140110-1610 started
INFO [org.netbeans.core.network.proxy.NetworkProxyReloader]: System network proxy resolver: Mac
INFO [org.netbeans.core.network.proxy.NetworkProxyReloader]: System network proxy reloading failed! Trying fallback resolver.
INFO [org.netbeans.core.network.proxy.fallback.FallbackNetworkProxy]: Fallback system proxy resolver: no http_proxy variable found
INFO [org.netbeans.core.network.proxy.NetworkProxyReloader]: System network proxy reloading succeeded. Fallback provider was successful.
INFO [org.netbeans.core.network.proxy.NetworkProxyReloader]: System network proxy - mode: direct
INFO [org.netbeans.core.network.proxy.NetworkProxyReloader]: System network proxy: fell to default (correct if direct mode went before)
Diagnostic information
Input arguments:
	-Djdk.home=/Library/Java/JavaVirtualMachines/jdk1.8.0_91.jdk/Contents/Home
	-Dnetbeans.default_userdir_root=/Users/tlavecchia/Library/Application Support/NetBeans
	-Dnetbeans.dirs=/Applications/NetBeans/NetBeans 8.1.app/Contents/Resources/NetBeans/nb:/Applications/NetBeans/NetBeans 8.1.app/Contents/Resources/NetBeans/ergonomics:/Applications/NetBeans/NetBeans 8.1.app/Contents/Resources/NetBeans/ide:/Applications/NetBeans/NetBeans 8.1.app/Contents/Resources/NetBeans/extide:/Applications/NetBeans/NetBeans 8.1.app/Contents/Resources/NetBeans/java:/Applications/NetBeans/NetBeans 8.1.app/Contents/Resources/NetBeans/apisupport:/Applications/NetBeans/NetBeans 8.1.app/Contents/Resources/NetBeans/webcommon:/Applications/NetBeans/NetBeans 8.1.app/Contents/Resources/NetBeans/websvccommon:/Applications/NetBeans/NetBeans 8.1.app/Contents/Resources/NetBeans/enterprise:/Applications/NetBeans/NetBeans 8.1.app/Contents/Resources/NetBeans/mobility:/Applications/NetBeans/NetBeans 8.1.app/Contents/Resources/NetBeans/profiler:/Applications/NetBeans/NetBeans 8.1.app/Contents/Resources/NetBeans/python:/Applications/NetBeans/NetBeans 8.1.app/Contents/Resources/NetBeans/php:/Applications/NetBeans/NetBeans 8.1.app/Contents/Resources/NetBeans/identity:/Applications/NetBeans/NetBeans 8.1.app/Contents/Resources/NetBeans/harness:/Applications/NetBeans/NetBeans 8.1.app/Contents/Resources/NetBeans/cnd:/Applications/NetBeans/NetBeans 8.1.app/Contents/Resources/NetBeans/cndext:/Applications/NetBeans/NetBeans 8.1.app/Contents/Resources/NetBeans/dlight:/Applications/NetBeans/NetBeans 8.1.app/Contents/Resources/NetBeans/groovy:/Applications/NetBeans/NetBeans 8.1.app/Contents/Resources/NetBeans/extra:/Applications/NetBeans/NetBeans 8.1.app/Contents/Resources/NetBeans/javacard:/Applications/NetBeans/NetBeans 8.1.app/Contents/Resources/NetBeans/javafx:
	-Dnetbeans.home=/Applications/NetBeans/NetBeans 8.1.app/Contents/Resources/NetBeans/platform
	-Dcom.apple.mrj.application.apple.menu.about.name=NetBeans
	-Dnetbeans.importclass=org.netbeans.upgrade.AutoUpgrade
	-Dnetbeans.accept_license_class=org.netbeans.license.AcceptLicense
	-Xmx1024m
	-Xss2m
	-Xms32m
	-Dapple.laf.useScreenMenuBar=true
	-Dapple.awt.graphics.UseQuartz=true
	-Dsun.java2d.noddraw=true
	-Dsun.java2d.dpiaware=true
	-Dsun.zip.disableMemoryMapping=true
	-XX:+HeapDumpOnOutOfMemoryError
	-XX:HeapDumpPath=/Users/tlavecchia/Library/Application Support/NetBeans/8.1/var/log/heapdump.hprof
Compiler: HotSpot 64-Bit Tiered Compilers
Heap memory usage: initial 32.0MB maximum 910.5MB
Non heap memory usage: initial 2.4MB maximum -1b
Garbage collector: PS Scavenge (Collections=18 Total time spent=0s)
Garbage collector: PS MarkSweep (Collections=3 Total time spent=0s)
Classes: loaded=9918 total loaded=9922 unloaded 0
INFO [org.netbeans.core.ui.warmup.DiagnosticTask]: Total memory 34,359,738,368
INFO [glassfish]: Created GlassFish Server 4.1.1 instance with name GlassFish Server 4.1.1
INFO [org.netbeans.modules.tomcat5.deploy.TomcatManager]: TomEE version null, type null
INFO [null]: Last record repeated 3 more times.
INFO [global]

msg
Caused: org.netbeans.modules.masterfs.filebasedfs.utils.FSException: Cannot lock read-only file /Users/elon/NetBeansProjects/WebApplication1/nbproject/ant-deploy.xml.
	at org.netbeans.modules.masterfs.filebasedfs.utils.FSException.io(FSException.java:118)
	at org.netbeans.modules.masterfs.filebasedfs.fileobjects.FileObj.lock(FileObj.java:406)
	at org.netbeans.modules.j2ee.deployment.devmodules.api.AntDeploymentHelper.writeDeploymentScript(AntDeploymentHelper.java:118)
[catch] at org.netbeans.modules.javaee.project.api.ant.ui.J2EEProjectProperties.createDeploymentScript(J2EEProjectProperties.java:286)
	at org.netbeans.modules.javaee.project.api.ant.ui.J2EEProjectProperties.updateServerProperties(J2EEProjectProperties.java:343)
	at org.netbeans.modules.web.project.ui.customizer.WebProjectProperties$7.run(WebProjectProperties.java:946)
	at org.netbeans.modules.openide.util.DefaultMutexImplementation.postRequest(DefaultMutexImplementation.java:1028)
	at org.netbeans.modules.openide.util.DefaultMutexImplementation.postWriteRequest(DefaultMutexImplementation.java:356)
	at org.openide.util.Mutex.postWriteRequest(Mutex.java:388)
	at org.netbeans.modules.web.project.ui.customizer.WebProjectProperties.setServerInstanceInner(WebProjectProperties.java:941)
	at org.netbeans.modules.web.project.ui.customizer.WebProjectProperties.setServerInstance(WebProjectProperties.java:966)
	at org.netbeans.modules.web.project.WebProject$ProjectOpenedHookImpl.projectOpened(WebProject.java:1004)
	at org.netbeans.spi.project.ui.ProjectOpenedHook$1.projectOpened(ProjectOpenedHook.java:85)
	at org.netbeans.spi.project.ui.support.UILookupMergerSupport$OpenHookImpl.projectOpened(UILookupMergerSupport.java:244)
	at org.netbeans.spi.project.ui.ProjectOpenedHook$1.projectOpened(ProjectOpenedHook.java:85)
	at org.netbeans.modules.project.ui.OpenProjectList.notifyOpened(OpenProjectList.java:1298)
	at org.netbeans.modules.project.ui.OpenProjectList.access$1600(OpenProjectList.java:137)
	at org.netbeans.modules.project.ui.OpenProjectList$LoadOpenProjects.loadOnBackground(OpenProjectList.java:516)
	at org.netbeans.modules.project.ui.OpenProjectList$LoadOpenProjects.run(OpenProjectList.java:394)
	at org.openide.util.RequestProcessor$Task.run(RequestProcessor.java:1443)
	at org.netbeans.modules.openide.util.GlobalLookup.execute(GlobalLookup.java:68)
	at org.openide.util.lookup.Lookups.executeWith(Lookups.java:303)
	at org.openide.util.RequestProcessor$Processor.run(RequestProcessor.java:2058)
ALL [null]: Cannot lock read-only file /Users/elon/NetBeansProjects/WebApplication1/nbproject/ant-deploy.xml.
WARNING [org.netbeans.TopSecurityManager]: use of system property netbeans.user has been obsoleted in favor of InstalledFileLocator/Places at org.netbeans.modules.tomcat5.util.TomcatProperties.getAntDeploymentPropertiesFile(TomcatProperties.java:279)
SEVERE [org.openide.util.Exceptions]
java.io.IOException: Project folder is not writeable.
	at org.netbeans.modules.projectapi.nb.NbProjectManager.saveProject(NbProjectManager.java:657)
	at org.netbeans.api.project.ProjectManager.saveProject(ProjectManager.java:290)
	at org.netbeans.modules.web.project.ui.customizer.WebProjectProperties$7.run(WebProjectProperties.java:952)
	at org.netbeans.modules.openide.util.DefaultMutexImplementation.postRequest(DefaultMutexImplementation.java:1028)
	at org.netbeans.modules.openide.util.DefaultMutexImplementation.postWriteRequest(DefaultMutexImplementation.java:356)
	at org.openide.util.Mutex.postWriteRequest(Mutex.java:388)
	at org.netbeans.modules.web.project.ui.customizer.WebProjectProperties.setServerInstanceInner(WebProjectProperties.java:941)
[catch] at org.netbeans.modules.web.project.ui.customizer.WebProjectProperties.setServerInstance(WebProjectProperties.java:966)
	at org.netbeans.modules.web.project.WebProject$ProjectOpenedHookImpl.projectOpened(WebProject.java:1004)
	at org.netbeans.spi.project.ui.ProjectOpenedHook$1.projectOpened(ProjectOpenedHook.java:85)
	at org.netbeans.spi.project.ui.support.UILookupMergerSupport$OpenHookImpl.projectOpened(UILookupMergerSupport.java:244)
	at org.netbeans.spi.project.ui.ProjectOpenedHook$1.projectOpened(ProjectOpenedHook.java:85)
	at org.netbeans.modules.project.ui.OpenProjectList.notifyOpened(OpenProjectList.java:1298)
	at org.netbeans.modules.project.ui.OpenProjectList.access$1600(OpenProjectList.java:137)
	at org.netbeans.modules.project.ui.OpenProjectList$LoadOpenProjects.loadOnBackground(OpenProjectList.java:516)
	at org.netbeans.modules.project.ui.OpenProjectList$LoadOpenProjects.run(OpenProjectList.java:394)
	at org.openide.util.RequestProcessor$Task.run(RequestProcessor.java:1443)
	at org.netbeans.modules.openide.util.GlobalLookup.execute(GlobalLookup.java:68)
	at org.openide.util.lookup.Lookups.executeWith(Lookups.java:303)
	at org.openide.util.RequestProcessor$Processor.run(RequestProcessor.java:2058)
WARNING [org.netbeans.modules.java.j2seplatform.libraries.J2SELibraryTypeProvider]: Wrong Classpath entry file:/Applications/NetBeans/glassfish-4.1.1/glassfish/modules/endorsed/javax.annotation-api.jar in Library: Java-EE-GlassFish-v3-Prelude
WARNING [org.netbeans.modules.java.j2seplatform.libraries.J2SELibraryTypeProvider]: Wrong Classpath entry file:/Applications/NetBeans/glassfish-4.1.1/glassfish/modules/endorsed/jaxb-api.jar in Library: Java-EE-GlassFish-v3-Prelude
WARNING [org.netbeans.modules.java.j2seplatform.libraries.J2SELibraryTypeProvider]: Wrong Classpath entry file:/Applications/NetBeans/glassfish-4.1.1/glassfish/modules/endorsed/webservices-api-osgi.jar in Library: Java-EE-GlassFish-v3-Prelude
WARNING [org.netbeans.modules.java.j2seplatform.libraries.J2SELibraryTypeProvider]: Wrong Classpath entry file:/Applications/NetBeans/glassfish-4.1.1/glassfish/modules/bean-validator.jar in Library: Java-EE-GlassFish-v3-Prelude
WARNING [org.netbeans.modules.java.j2seplatform.libraries.J2SELibraryTypeProvider]: Wrong Classpath entry file:/Applications/NetBeans/glassfish-4.1.1/glassfish/modules/cdi-api.jar in Library: Java-EE-GlassFish-v3-Prelude
WARNING [org.netbeans.modules.java.j2seplatform.libraries.J2SELibraryTypeProvider]: Wrong Classpath entry file:/Applications/NetBeans/glassfish-4.1.1/glassfish/modules/javax.batch-api.jar in Library: Java-EE-GlassFish-v3-Prelude
WARNING [org.netbeans.modules.java.j2seplatform.libraries.J2SELibraryTypeProvider]: Wrong Classpath entry file:/Applications/NetBeans/glassfish-4.1.1/glassfish/modules/javax.ejb-api.jar in Library: Java-EE-GlassFish-v3-Prelude
WARNING [org.netbeans.modules.java.j2seplatform.libraries.J2SELibraryTypeProvider]: Wrong Classpath entry file:/Applications/NetBeans/glassfish-4.1.1/glassfish/modules/javax.el.jar in Library: Java-EE-GlassFish-v3-Prelude
WARNING [org.netbeans.modules.java.j2seplatform.libraries.J2SELibraryTypeProvider]: Wrong Classpath entry file:/Applications/NetBeans/glassfish-4.1.1/glassfish/modules/javax.enterprise.concurrent-api.jar in Library: Java-EE-GlassFish-v3-Prelude
WARNING [org.netbeans.modules.java.j2seplatform.libraries.J2SELibraryTypeProvider]: Wrong Classpath entry file:/Applications/NetBeans/glassfish-4.1.1/glassfish/modules/javax.enterprise.concurrent.jar in Library: Java-EE-GlassFish-v3-Prelude
WARNING [org.netbeans.modules.java.j2seplatform.libraries.J2SELibraryTypeProvider]: Wrong Classpath entry file:/Applications/NetBeans/glassfish-4.1.1/glassfish/modules/javax.enterprise.deploy-api.jar in Library: Java-EE-GlassFish-v3-Prelude
WARNING [org.netbeans.modules.java.j2seplatform.libraries.J2SELibraryTypeProvider]: Wrong Classpath entry file:/Applications/NetBeans/glassfish-4.1.1/glassfish/modules/javax.faces.jar in Library: Java-EE-GlassFish-v3-Prelude
WARNING [org.netbeans.modules.java.j2seplatform.libraries.J2SELibraryTypeProvider]: Wrong Classpath entry file:/Applications/NetBeans/glassfish-4.1.1/glassfish/modules/javax.inject.jar in Library: Java-EE-GlassFish-v3-Prelude
WARNING [org.netbeans.modules.java.j2seplatform.libraries.J2SELibraryTypeProvider]: Wrong Classpath entry file:/Applications/NetBeans/glassfish-4.1.1/glassfish/modules/javax.interceptor-api.jar in Library: Java-EE-GlassFish-v3-Prelude
WARNING [org.netbeans.modules.java.j2seplatform.libraries.J2SELibraryTypeProvider]: Wrong Classpath entry file:/Applications/NetBeans/glassfish-4.1.1/glassfish/modules/javax.jms-api.jar in Library: Java-EE-GlassFish-v3-Prelude
WARNING [org.netbeans.modules.java.j2seplatform.libraries.J2SELibraryTypeProvider]: Wrong Classpath entry file:/Applications/NetBeans/glassfish-4.1.1/glassfish/modules/javax.json.jar in Library: Java-EE-GlassFish-v3-Prelude
WARNING [org.netbeans.modules.java.j2seplatform.libraries.J2SELibraryTypeProvider]: Wrong Classpath entry file:/Applications/NetBeans/glassfish-4.1.1/glassfish/modules/javax.mail.jar in Library: Java-EE-GlassFish-v3-Prelude
WARNING [org.netbeans.modules.java.j2seplatform.libraries.J2SELibraryTypeProvider]: Wrong Classpath entry file:/Applications/NetBeans/glassfish-4.1.1/glassfish/modules/javax.management.j2ee-api.jar in Library: Java-EE-GlassFish-v3-Prelude
WARNING [org.netbeans.modules.java.j2seplatform.libraries.J2SELibraryTypeProvider]: Wrong Classpath entry file:/Applications/NetBeans/glassfish-4.1.1/glassfish/modules/javax.persistence.jar in Library: Java-EE-GlassFish-v3-Prelude
WARNING [org.netbeans.modules.java.j2seplatform.libraries.J2SELibraryTypeProvider]: Wrong Classpath entry file:/Applications/NetBeans/glassfish-4.1.1/glassfish/modules/javax.resource-api.jar in Library: Java-EE-GlassFish-v3-Prelude
WARNING [org.netbeans.modules.java.j2seplatform.libraries.J2SELibraryTypeProvider]: Wrong Classpath entry file:/Applications/NetBeans/glassfish-4.1.1/glassfish/modules/javax.security.auth.message-api.jar in Library: Java-EE-GlassFish-v3-Prelude
WARNING [org.netbeans.modules.java.j2seplatform.libraries.J2SELibraryTypeProvider]: Wrong Classpath entry file:/Applications/NetBeans/glassfish-4.1.1/glassfish/modules/javax.security.jacc-api.jar in Library: Java-EE-GlassFish-v3-Prelude
WARNING [org.netbeans.modules.java.j2seplatform.libraries.J2SELibraryTypeProvider]: Wrong Classpath entry file:/Applications/NetBeans/glassfish-4.1.1/glassfish/modules/javax.servlet-api.jar in Library: Java-EE-GlassFish-v3-Prelude
WARNING [org.netbeans.modules.java.j2seplatform.libraries.J2SELibraryTypeProvider]: Wrong Classpath entry file:/Applications/NetBeans/glassfish-4.1.1/glassfish/modules/javax.servlet.jsp-api.jar in Library: Java-EE-GlassFish-v3-Prelude
WARNING [org.netbeans.modules.java.j2seplatform.libraries.J2SELibraryTypeProvider]: Wrong Classpath entry file:/Applications/NetBeans/glassfish-4.1.1/glassfish/modules/javax.servlet.jsp.jar in Library: Java-EE-GlassFish-v3-Prelude
WARNING [org.netbeans.modules.java.j2seplatform.libraries.J2SELibraryTypeProvider]: Wrong Classpath entry file:/Applications/NetBeans/glassfish-4.1.1/glassfish/modules/javax.servlet.jsp.jstl-api.jar in Library: Java-EE-GlassFish-v3-Prelude
WARNING [org.netbeans.modules.java.j2seplatform.libraries.J2SELibraryTypeProvider]: Wrong Classpath entry file:/Applications/NetBeans/glassfish-4.1.1/glassfish/modules/javax.servlet.jsp.jstl.jar in Library: Java-EE-GlassFish-v3-Prelude
WARNING [org.netbeans.modules.java.j2seplatform.libraries.J2SELibraryTypeProvider]: Wrong Classpath entry file:/Applications/NetBeans/glassfish-4.1.1/glassfish/modules/javax.transaction-api.jar in Library: Java-EE-GlassFish-v3-Prelude
WARNING [org.netbeans.modules.java.j2seplatform.libraries.J2SELibraryTypeProvider]: Wrong Classpath entry file:/Applications/NetBeans/glassfish-4.1.1/glassfish/modules/javax.websocket-api.jar in Library: Java-EE-GlassFish-v3-Prelude
WARNING [org.netbeans.modules.java.j2seplatform.libraries.J2SELibraryTypeProvider]: Wrong Classpath entry file:/Applications/NetBeans/glassfish-4.1.1/glassfish/modules/javax.ws.rs-api.jar in Library: Java-EE-GlassFish-v3-Prelude
WARNING [org.netbeans.modules.java.j2seplatform.libraries.J2SELibraryTypeProvider]: Wrong Classpath entry file:/Applications/NetBeans/glassfish-4.1.1/glassfish/modules/javax.xml.registry-api.jar in Library: Java-EE-GlassFish-v3-Prelude
WARNING [org.netbeans.modules.java.j2seplatform.libraries.J2SELibraryTypeProvider]: Wrong Classpath entry file:/Applications/NetBeans/glassfish-4.1.1/glassfish/modules/javax.xml.rpc-api.jar in Library: Java-EE-GlassFish-v3-Prelude
WARNING [org.netbeans.modules.java.j2seplatform.libraries.J2SELibraryTypeProvider]: Wrong Classpath entry file:/Applications/NetBeans/glassfish-4.1.1/glassfish/modules/jaxb-osgi.jar in Library: Java-EE-GlassFish-v3-Prelude
WARNING [org.netbeans.modules.java.j2seplatform.libraries.J2SELibraryTypeProvider]: Wrong Classpath entry file:/Applications/NetBeans/glassfish-4.1.1/glassfish/modules/webservices-osgi.jar in Library: Java-EE-GlassFish-v3-Prelude
WARNING [org.netbeans.modules.java.j2seplatform.libraries.J2SELibraryTypeProvider]: Wrong Classpath entry file:/Applications/NetBeans/glassfish-4.1.1/glassfish/modules/weld-osgi-bundle.jar in Library: Java-EE-GlassFish-v3-Prelude
WARNING [org.netbeans.modules.java.j2seplatform.libraries.J2SELibraryTypeProvider]: Wrong Classpath entry file:/Applications/NetBeans/glassfish-4.1.1/mq/lib/jaxm-api.jar in Library: Java-EE-GlassFish-v3-Prelude
INFO [org.netbeans.modules.tomcat5.deploy.TomcatManager]: TomEE version null, type null
INFO [null]: Last record repeated 11 times in total.
INFO [org.netbeans.modules.parsing.impl.TaskProcessor]: Task: org.netbeans.modules.csl.navigation.ClassMemberNavigatorSourceFactory$ProxyElementScanningTask@343df04f : class org.netbeans.modules.csl.navigation.ClassMemberNavigatorSourceFactory$ProxyElementScanningTask ignored cancel for 2,274 ms.
INFO [org.netbeans.modules.parsing.impl.indexing.RepositoryUpdater]: Resolving dependencies took: 113 ms
INFO [org.netbeans.modules.parsing.impl.indexing.RepositoryUpdater]: Complete indexing of 57 binary roots took: 1,034 ms
INFO [org.netbeans.modules.parsing.impl.indexing.RepositoryUpdater]: Indexing of: /Users/elon/NetBeansProjects/WebApplication1/web took: 78 ms (New or modified files: 0, Deleted files: 0) [Adding listeners took: 0 ms]
INFO [org.netbeans.modules.parsing.impl.indexing.RepositoryUpdater]: Indexing of: /Users/tlavecchia/NetBeansProjects/homework4/test took: 1 ms (New or modified files: 0, Deleted files: 0) [Adding listeners took: 0 ms]
INFO [org.netbeans.modules.parsing.impl.indexing.RepositoryUpdater]: Indexing of: /Users/elon/NetBeansProjects/WebApplication1/test took: 0 ms (New or modified files: 0, Deleted files: 0) [Adding listeners took: 0 ms]
INFO [org.netbeans.modules.parsing.impl.indexing.RepositoryUpdater]: Indexing of: /Users/tlavecchia/NetBeansProjects/homework4/src/java took: 27 ms (New or modified files: 0, Deleted files: 0) [Adding listeners took: 0 ms]
INFO [org.netbeans.modules.parsing.impl.indexing.RepositoryUpdater]: Indexing of: /Applications/NetBeans/NetBeans 8.1.app/Contents/Resources/NetBeans/ide/jsstubs/reststubs.zip took: 52 ms (New or modified files: 0, Deleted files: 0) [Adding listeners took: 0 ms]
INFO [org.netbeans.modules.parsing.impl.indexing.RepositoryUpdater]: Indexing of: /Applications/NetBeans/NetBeans 8.1.app/Contents/Resources/NetBeans/ide/jsstubs/corestubs.zip took: 13 ms (New or modified files: 0, Deleted files: 0) [Adding listeners took: 0 ms]
INFO [org.netbeans.modules.parsing.impl.indexing.RepositoryUpdater]: Indexing of: /Users/elon/NetBeansProjects/WebApplication1/src/java took: 22 ms (New or modified files: 0, Deleted files: 0) [Adding listeners took: 0 ms]
INFO [org.netbeans.modules.parsing.impl.indexing.RepositoryUpdater]: Indexing of: /Users/tlavecchia/NetBeansProjects/homework4/web took: 26 ms (New or modified files: 0, Deleted files: 0) [Adding listeners took: 0 ms]
INFO [org.netbeans.modules.parsing.impl.indexing.RepositoryUpdater]: Indexing of: /Applications/NetBeans/NetBeans 8.1.app/Contents/Resources/NetBeans/ide/jsstubs/domstubs.zip took: 15 ms (New or modified files: 0, Deleted files: 0) [Adding listeners took: 0 ms]
INFO [org.netbeans.modules.parsing.impl.indexing.RepositoryUpdater]: Complete indexing of 9 source roots took: 234 ms (New or modified files: 0, Deleted files: 0) [Adding listeners took: 0 ms]
INFO [org.netbeans.modules.parsing.impl.TaskProcessor]: Task: org.netbeans.modules.csl.hints.GsfHintsProvider@ba9d10a : class org.netbeans.modules.csl.hints.GsfHintsProvider ignored cancel for 1,193 ms.
log4j:WARN No appenders could be found for logger (nu.validator.source.LocationRecorder).
log4j:WARN Please initialize the log4j system properly.
INFO [org.netbeans.modules.autoupdate.updateprovider.AutoupdateCatalogParser]: Unpaired license 00000006 without any module.
INFO [org.netbeans.spi.lexer.MutableTextInput]: !!WARNING!! Missing READ-LOCK when accessing TokenHierarchy: input-source:org.netbeans.editor.BaseDocument@55cb9525, mimeType='text/x-jsp', kitClass=null, length=379, version=1, file=null
java.lang.Exception
	at org.netbeans.lib.lexer.TokenHierarchyOperation.ensureReadLocked(TokenHierarchyOperation.java:406)
	at org.netbeans.lib.lexer.TokenHierarchyOperation.languagePaths(TokenHierarchyOperation.java:612)
	at org.netbeans.api.lexer.TokenHierarchy.languagePaths(TokenHierarchy.java:286)
	at org.netbeans.modules.web.indent.api.LexUtilities.getEmbeddedTokenSequences(LexUtilities.java:261)
	at org.netbeans.modules.web.indent.api.LexUtilities.createCodeBlocks(LexUtilities.java:328)
	at org.netbeans.modules.web.indent.api.support.AbstractIndenter.calculateIndentation(AbstractIndenter.java:306)
	at org.netbeans.modules.web.indent.api.support.AbstractIndenter.reindent(AbstractIndenter.java:233)
	at org.netbeans.modules.web.core.syntax.indent.JspIndentTask.reindent(JspIndentTask.java:59)
	at org.netbeans.modules.editor.indent.TaskHandler$MimeItem.runTask(TaskHandler.java:555)
	at org.netbeans.modules.editor.indent.TaskHandler.runTasks(TaskHandler.java:316)
	at org.netbeans.modules.editor.indent.IndentImpl.reformat(IndentImpl.java:365)
	at org.netbeans.modules.editor.indent.api.Reformat.reformat(Reformat.java:154)
	at org.netbeans.modules.editor.indent.IndentScriptEngineHack.eval(IndentScriptEngineHack.java:96)
	at javax.script.AbstractScriptEngine.eval(AbstractScriptEngine.java:264)
	at org.netbeans.modules.editor.indent.IndentScriptEngineHack.eval(IndentScriptEngineHack.java:125)
	at javax.script.AbstractScriptEngine.eval(AbstractScriptEngine.java:249)
	at org.netbeans.modules.templates.ScriptingCreateFromTemplateHandler.createFromTemplate(ScriptingCreateFromTemplateHandler.java:133)
	at org.netbeans.api.templates.CreateFromTemplateImpl.build(CreateFromTemplateImpl.java:121)
	at org.netbeans.api.templates.CreateFromTemplateImpl.build(CreateFromTemplateImpl.java:92)
	at org.netbeans.api.templates.FileBuilder.build(FileBuilder.java:250)
	at org.netbeans.api.templates.FileBuilder.createFromTemplate(FileBuilder.java:351)
	at org.openide.loaders.MultiDataObject.handleCreateFromTemplate(MultiDataObject.java:878)
	at org.openide.loaders.DataObject$CreateAction.run(DataObject.java:1597)
	at org.openide.loaders.DataObjectPool$1WrapAtomicAction.run(DataObjectPool.java:261)
	at org.openide.filesystems.EventControl.runAtomicAction(EventControl.java:127)
	at org.openide.filesystems.FileSystem.runAtomicAction(FileSystem.java:519)
	at org.openide.loaders.DataObjectPool.runAtomicAction(DataObjectPool.java:286)
	at org.openide.loaders.DataObject.invokeAtomicAction(DataObject.java:1051)
	at org.openide.loaders.DataObject.createFromTemplate(DataObject.java:983)
	at org.netbeans.modules.web.wizards.PageIterator.instantiate(PageIterator.java:288)
	at org.openide.loaders.TemplateWizard.handleInstantiate(TemplateWizard.java:605)
	at org.openide.loaders.TemplateWizard.instantiateNewObjects(TemplateWizard.java:439)
	at org.openide.loaders.TemplateWizardIterImpl.instantiate(TemplateWizardIterImpl.java:248)
	at org.openide.loaders.TemplateWizardIteratorWrapper.instantiate(TemplateWizardIteratorWrapper.java:160)
	at org.openide.WizardDescriptor.callInstantiateOpen(WizardDescriptor.java:1629)
	at org.openide.WizardDescriptor.callInstantiate(WizardDescriptor.java:1570)
	at org.openide.WizardDescriptor.access$2300(WizardDescriptor.java:92)
	at org.openide.WizardDescriptor$Listener$2$1.run(WizardDescriptor.java:2257)
	at org.openide.util.RequestProcessor$Task.run(RequestProcessor.java:1443)
	at org.netbeans.modules.openide.util.GlobalLookup.execute(GlobalLookup.java:68)
	at org.openide.util.lookup.Lookups.executeWith(Lookups.java:303)
	at org.openide.util.RequestProcessor$Processor.run(RequestProcessor.java:2058)
INFO [org.netbeans.spi.lexer.MutableTextInput]: !!WARNING!! Missing READ-LOCK when accessing TokenHierarchy: input-source:org.netbeans.editor.BaseDocument@55cb9525, mimeType='text/x-jsp', kitClass=null, length=379, version=1, file=null
java.lang.Exception
	at org.netbeans.lib.lexer.TokenHierarchyOperation.ensureReadLocked(TokenHierarchyOperation.java:406)
	at org.netbeans.lib.lexer.TokenHierarchyOperation.tokenSequenceList(TokenHierarchyOperation.java:447)
	at org.netbeans.api.lexer.TokenHierarchy.tokenSequenceList(TokenHierarchy.java:229)
	at org.netbeans.modules.web.indent.api.LexUtilities.getEmbeddedTokenSequences(LexUtilities.java:268)
	at org.netbeans.modules.web.indent.api.LexUtilities.createCodeBlocks(LexUtilities.java:328)
	at org.netbeans.modules.web.indent.api.support.AbstractIndenter.calculateIndentation(AbstractIndenter.java:306)
	at org.netbeans.modules.web.indent.api.support.AbstractIndenter.reindent(AbstractIndenter.java:233)
	at org.netbeans.modules.web.core.syntax.indent.JspIndentTask.reindent(JspIndentTask.java:59)
	at org.netbeans.modules.editor.indent.TaskHandler$MimeItem.runTask(TaskHandler.java:555)
	at org.netbeans.modules.editor.indent.TaskHandler.runTasks(TaskHandler.java:316)
	at org.netbeans.modules.editor.indent.IndentImpl.reformat(IndentImpl.java:365)
	at org.netbeans.modules.editor.indent.api.Reformat.reformat(Reformat.java:154)
	at org.netbeans.modules.editor.indent.IndentScriptEngineHack.eval(IndentScriptEngineHack.java:96)
	at javax.script.AbstractScriptEngine.eval(AbstractScriptEngine.java:264)
	at org.netbeans.modules.editor.indent.IndentScriptEngineHack.eval(IndentScriptEngineHack.java:125)
	at javax.script.AbstractScriptEngine.eval(AbstractScriptEngine.java:249)
	at org.netbeans.modules.templates.ScriptingCreateFromTemplateHandler.createFromTemplate(ScriptingCreateFromTemplateHandler.java:133)
	at org.netbeans.api.templates.CreateFromTemplateImpl.build(CreateFromTemplateImpl.java:121)
	at org.netbeans.api.templates.CreateFromTemplateImpl.build(CreateFromTemplateImpl.java:92)
	at org.netbeans.api.templates.FileBuilder.build(FileBuilder.java:250)
	at org.netbeans.api.templates.FileBuilder.createFromTemplate(FileBuilder.java:351)
	at org.openide.loaders.MultiDataObject.handleCreateFromTemplate(MultiDataObject.java:878)
	at org.openide.loaders.DataObject$CreateAction.run(DataObject.java:1597)
	at org.openide.loaders.DataObjectPool$1WrapAtomicAction.run(DataObjectPool.java:261)
	at org.openide.filesystems.EventControl.runAtomicAction(EventControl.java:127)
	at org.openide.filesystems.FileSystem.runAtomicAction(FileSystem.java:519)
	at org.openide.loaders.DataObjectPool.runAtomicAction(DataObjectPool.java:286)
	at org.openide.loaders.DataObject.invokeAtomicAction(DataObject.java:1051)
	at org.openide.loaders.DataObject.createFromTemplate(DataObject.java:983)
	at org.netbeans.modules.web.wizards.PageIterator.instantiate(PageIterator.java:288)
	at org.openide.loaders.TemplateWizard.handleInstantiate(TemplateWizard.java:605)
	at org.openide.loaders.TemplateWizard.instantiateNewObjects(TemplateWizard.java:439)
	at org.openide.loaders.TemplateWizardIterImpl.instantiate(TemplateWizardIterImpl.java:248)
	at org.openide.loaders.TemplateWizardIteratorWrapper.instantiate(TemplateWizardIteratorWrapper.java:160)
	at org.openide.WizardDescriptor.callInstantiateOpen(WizardDescriptor.java:1629)
	at org.openide.WizardDescriptor.callInstantiate(WizardDescriptor.java:1570)
	at org.openide.WizardDescriptor.access$2300(WizardDescriptor.java:92)
	at org.openide.WizardDescriptor$Listener$2$1.run(WizardDescriptor.java:2257)
	at org.openide.util.RequestProcessor$Task.run(RequestProcessor.java:1443)
	at org.netbeans.modules.openide.util.GlobalLookup.execute(GlobalLookup.java:68)
	at org.openide.util.lookup.Lookups.executeWith(Lookups.java:303)
	at org.openide.util.RequestProcessor$Processor.run(RequestProcessor.java:2058)
INFO [org.netbeans.spi.lexer.MutableTextInput]: !!WARNING!! Missing READ-LOCK when accessing TokenHierarchy: input-source:org.netbeans.editor.BaseDocument@55cb9525, mimeType='text/x-jsp', kitClass=null, length=379, version=1, file=null
java.lang.Exception
	at org.netbeans.lib.lexer.TokenHierarchyOperation.ensureReadLocked(TokenHierarchyOperation.java:406)
	at org.netbeans.lib.lexer.TokenHierarchyOperation.tokenSequence(TokenHierarchyOperation.java:431)
	at org.netbeans.lib.lexer.TokenHierarchyOperation.tokenSequence(TokenHierarchyOperation.java:427)
	at org.netbeans.lib.lexer.TokenHierarchyOperation.embeddedTokenSequences(TokenHierarchyOperation.java:459)
	at org.netbeans.api.lexer.TokenHierarchy.embeddedTokenSequences(TokenHierarchy.java:265)
	at org.netbeans.modules.web.indent.api.LexUtilities.getLanguage(LexUtilities.java:119)
	at org.netbeans.modules.web.indent.api.LexUtilities.getLanguage(LexUtilities.java:115)
	at org.netbeans.modules.web.indent.api.support.AbstractIndenter.processLanguage(AbstractIndenter.java:1194)
	at org.netbeans.modules.web.indent.api.support.AbstractIndenter.calculateIndentation(AbstractIndenter.java:373)
	at org.netbeans.modules.web.indent.api.support.AbstractIndenter.reindent(AbstractIndenter.java:233)
	at org.netbeans.modules.web.core.syntax.indent.JspIndentTask.reindent(JspIndentTask.java:59)
	at org.netbeans.modules.editor.indent.TaskHandler$MimeItem.runTask(TaskHandler.java:555)
	at org.netbeans.modules.editor.indent.TaskHandler.runTasks(TaskHandler.java:316)
	at org.netbeans.modules.editor.indent.IndentImpl.reformat(IndentImpl.java:365)
	at org.netbeans.modules.editor.indent.api.Reformat.reformat(Reformat.java:154)
	at org.netbeans.modules.editor.indent.IndentScriptEngineHack.eval(IndentScriptEngineHack.java:96)
	at javax.script.AbstractScriptEngine.eval(AbstractScriptEngine.java:264)
	at org.netbeans.modules.editor.indent.IndentScriptEngineHack.eval(IndentScriptEngineHack.java:125)
	at javax.script.AbstractScriptEngine.eval(AbstractScriptEngine.java:249)
	at org.netbeans.modules.templates.ScriptingCreateFromTemplateHandler.createFromTemplate(ScriptingCreateFromTemplateHandler.java:133)
	at org.netbeans.api.templates.CreateFromTemplateImpl.build(CreateFromTemplateImpl.java:121)
	at org.netbeans.api.templates.CreateFromTemplateImpl.build(CreateFromTemplateImpl.java:92)
	at org.netbeans.api.templates.FileBuilder.build(FileBuilder.java:250)
	at org.netbeans.api.templates.FileBuilder.createFromTemplate(FileBuilder.java:351)
	at org.openide.loaders.MultiDataObject.handleCreateFromTemplate(MultiDataObject.java:878)
	at org.openide.loaders.DataObject$CreateAction.run(DataObject.java:1597)
	at org.openide.loaders.DataObjectPool$1WrapAtomicAction.run(DataObjectPool.java:261)
	at org.openide.filesystems.EventControl.runAtomicAction(EventControl.java:127)
	at org.openide.filesystems.FileSystem.runAtomicAction(FileSystem.java:519)
	at org.openide.loaders.DataObjectPool.runAtomicAction(DataObjectPool.java:286)
	at org.openide.loaders.DataObject.invokeAtomicAction(DataObject.java:1051)
	at org.openide.loaders.DataObject.createFromTemplate(DataObject.java:983)
	at org.netbeans.modules.web.wizards.PageIterator.instantiate(PageIterator.java:288)
	at org.openide.loaders.TemplateWizard.handleInstantiate(TemplateWizard.java:605)
	at org.openide.loaders.TemplateWizard.instantiateNewObjects(TemplateWizard.java:439)
	at org.openide.loaders.TemplateWizardIterImpl.instantiate(TemplateWizardIterImpl.java:248)
	at org.openide.loaders.TemplateWizardIteratorWrapper.instantiate(TemplateWizardIteratorWrapper.java:160)
	at org.openide.WizardDescriptor.callInstantiateOpen(WizardDescriptor.java:1629)
	at org.openide.WizardDescriptor.callInstantiate(WizardDescriptor.java:1570)
	at org.openide.WizardDescriptor.access$2300(WizardDescriptor.java:92)
	at org.openide.WizardDescriptor$Listener$2$1.run(WizardDescriptor.java:2257)
	at org.openide.util.RequestProcessor$Task.run(RequestProcessor.java:1443)
	at org.netbeans.modules.openide.util.GlobalLookup.execute(GlobalLookup.java:68)
	at org.openide.util.lookup.Lookups.executeWith(Lookups.java:303)
	at org.openide.util.RequestProcessor$Processor.run(RequestProcessor.java:2058)
WARNING [org.openide.util.WeakListenerImpl]: Can't remove java.beans.PropertyChangeListener using method org.netbeans.modules.web.core.jsploader.TagLibParseSupport.removePropertyChangeListener from org.netbeans.modules.web.core.jsploader.TagLibParseSupport@19336949
WARNING [null]: Last record repeated more than 10 times, further logs of this record are ignored until the log record changes.
WARNING [null]: Last record repeated 62 times in total.
INFO [org.netbeans.modules.tomcat5.deploy.TomcatManager]: TomEE version null, type null
INFO [null]: Last record repeated again.
INFO [org.netbeans.modules.parsing.impl.indexing.RepositoryUpdater]: Resolving dependencies took: 285 ms
INFO [org.netbeans.modules.parsing.impl.indexing.RepositoryUpdater]: Complete indexing of 0 binary roots took: 1 ms
INFO [org.netbeans.modules.parsing.impl.indexing.RepositoryUpdater]: Complete indexing of 0 source roots took: 0 ms (New or modified files: 0, Deleted files: 0) [Adding listeners took: 0 ms]
INFO [org.netbeans.modules.parsing.impl.indexing.RepositoryUpdater]: Resolving dependencies took: 2 ms
INFO [org.netbeans.modules.parsing.impl.indexing.RepositoryUpdater]: Complete indexing of 2 binary roots took: 214 ms
INFO [org.netbeans.modules.parsing.impl.indexing.RepositoryUpdater]: Complete indexing of 0 source roots took: 0 ms (New or modified files: 0, Deleted files: 0) [Adding listeners took: 0 ms]
INFO [org.netbeans.modules.parsing.impl.indexing.RepositoryUpdater]: Resolving dependencies took: 3 ms
INFO [org.netbeans.modules.parsing.impl.indexing.RepositoryUpdater]: Complete indexing of 0 binary roots took: 0 ms
INFO [org.netbeans.modules.parsing.impl.indexing.RepositoryUpdater]: Indexing of: /Users/tlavecchia/NetBeansProjects/homework4/src/java took: 8 ms (New or modified files: 0, Deleted files: 0) [Adding listeners took: 0 ms]
INFO [org.netbeans.modules.parsing.impl.indexing.RepositoryUpdater]: Indexing of: /Users/tlavecchia/NetBeansProjects/homework4/web took: 17 ms (New or modified files: 0, Deleted files: 0) [Adding listeners took: 0 ms]
INFO [org.netbeans.modules.parsing.impl.indexing.RepositoryUpdater]: Complete indexing of 2 source roots took: 25 ms (New or modified files: 0, Deleted files: 0) [Adding listeners took: 0 ms]
WARNING [org.netbeans.TopSecurityManager]: use of system property netbeans.user has been obsoleted in favor of InstalledFileLocator/Places at org.netbeans.modules.java.api.common.project.BaseActionProvider.verifyUserPropertiesFile(BaseActionProvider.java:2307)
WARNING [org.netbeans.modules.options.keymap.LayersBridge]: Invalid shortcut: org.openide.loaders.BrokenDataShadow@4b5c8dd7[MultiFileObject@6f81374b[Keymaps/NetBeans/D-BACK_QUOTE.shadow]]
WARNING [null]: Last record repeated again.
INFO [org.netbeans.spi.lexer.MutableTextInput]: !!WARNING!! Missing READ-LOCK when accessing TokenHierarchy: input-source:org.netbeans.modules.editor.NbEditorDocument@4b5caf2c, mimeType='text/xml', kitClass=null, length=660, version=33, file=org.netbeans.modules.j2ee.ddloaders.web.DDDataObject@7be90703[/Users/tlavecchia/NetBeansProjects/homework4/web/WEB-INF/web.xml@e23ec903:503a567f]
java.lang.Exception
	at org.netbeans.lib.lexer.TokenHierarchyOperation.ensureReadLocked(TokenHierarchyOperation.java:406)
	at org.netbeans.lib.lexer.TokenHierarchyOperation.tokenSequence(TokenHierarchyOperation.java:431)
	at org.netbeans.lib.lexer.TokenHierarchyOperation.tokenSequence(TokenHierarchyOperation.java:427)
	at org.netbeans.api.lexer.TokenHierarchy.tokenSequence(TokenHierarchy.java:186)
	at org.netbeans.modules.xml.text.completion.XMLCompletionQuery.shouldCloseTag(XMLCompletionQuery.java:468)
	at org.netbeans.modules.xml.text.completion.XMLCompletionQuery.queryValues(XMLCompletionQuery.java:351)
	at org.netbeans.modules.xml.text.completion.XMLCompletionQuery.query(XMLCompletionQuery.java:127)
	at org.netbeans.modules.xml.text.completion.XMLCompletionProvider$Query.query(XMLCompletionProvider.java:124)
	at org.netbeans.spi.editor.completion.support.AsyncCompletionTask.run(AsyncCompletionTask.java:223)
	at org.openide.util.RequestProcessor$Task.run(RequestProcessor.java:1443)
	at org.netbeans.modules.openide.util.GlobalLookup.execute(GlobalLookup.java:68)
	at org.openide.util.lookup.Lookups.executeWith(Lookups.java:303)
	at org.openide.util.RequestProcessor$Processor.run(RequestProcessor.java:2058)
INFO [org.netbeans.spi.project.support.ant.GlobFileBuiltQuery]: Found target for /Users/tlavecchia/NetBeansProjects/homework4/src/java/edu/elon/servlet/Library.java: /Users/tlavecchia/NetBeansProjects/homework4/build/web/WEB-INF/classes/edu/elon/servlet/Library.class
