Timestamp	Process	TID	Area	Category	EventID	Level	Message	Correlation
07/11/2016 18:27:12.627 	com.microsoft.Outlook	0xb0421000	                        com.microsoft.Outlook	mbu.instrument	iangv	Information 	Configuration {"FriendlyAppVersion":"15.19.1 (160212)","FriendlyOSVersion":"Mac OS X 10.11.5 (15F34)","DATAID_SCREEN_DPI":144,"Screens":[{"deviceColorSpaceName":"NSCalibratedRGBColorSpace","deviceBitsPerSample":8,"Index":0,"deviceResolutionWidth":144,"deviceResolutionHeight":144,"width":2560,"originY":0,"originX":0,"height":1440}],"NumScreens":1,"DATAID_SYS_VOL_SPACE":409976.4,"ProcessArchitecture":"i386","DATAID_RESOLUTION":2560,"MainScreenIndex":0,"DATAID_SCREEN_DEPTH":24,"DATAID_OS_BUILD":"15F34","DATAID_SYS_VOL_SIZE":476154.2,"DATAID_HOME_VOL_SPACE":409976.4,"DATAID_HOME_VOL_SIZE":476154.2}	825EDB75-2809-4B79-ADC4-0681D8FEB5F9 
07/11/2016 18:27:12.627 	com.microsoft.Outlook	0xb0421000	                        com.microsoft.Outlook	mbu.instrument	iab2v	Information 	Configuration Gathering Perf {"timeInMs":0}	825EDB75-2809-4B79-ADC4-0681D8FEB5F9 
07/11/2016 18:27:12.627 	com.microsoft.Outlook	0xb0421000	                        com.microsoft.Outlook	ULS.Heartbeat	iaaaa	Information 	99F47D71-AB01-5520-8C30-26038757B88D	825EDB75-2809-4B79-ADC4-0681D8FEB5F9 
07/11/2016 18:27:12.627 	com.microsoft.Outlook	0xb0421000	                        com.microsoft.Outlook	outlook.build	ibvlt	Information 	Build Information {"Build_Stage": "4", "Build_Flavor": "Ship"}	825EDB75-2809-4B79-ADC4-0681D8FEB5F9 
07/11/2016 18:27:12.693 	com.microsoft.Outlook	0xb0421000	                        com.microsoft.Outlook	Identity Authentication Client	awuuf	Information 	[IdentityManager] OfflineInit {"Message": "IdentityManager Offline Init."}	825EDB75-2809-4B79-ADC4-0681D8FEB5F9 
07/11/2016 18:27:12.693 	com.microsoft.Outlook	0xb0421000	                        com.microsoft.Outlook	Identity Authentication Client	awut9	Information 	[Authentication] IsCustomEnv {"Message": "Service is NOT using custom environment.", "Name": "LiveId", "CustomEnv": "INT"}	825EDB75-2809-4B79-ADC4-0681D8FEB5F9 
07/11/2016 18:27:12.693 	com.microsoft.Outlook	0xb0421000	                        com.microsoft.Outlook	Identity Authentication Client	awuuj	Information 	[IdentityManager] SetOneDriveServiceFallbackUrls {"Message": "Using Production Environment for OneDrive."}	825EDB75-2809-4B79-ADC4-0681D8FEB5F9 
07/11/2016 18:27:12.697 	com.microsoft.Outlook	0xb0421000	                        com.microsoft.Outlook	Identity Authentication Client	awuuk	Information 	[IdentityManager] LoadAndValidateCachedIdentities {"Message": "Reading persisted identities.", "Size": 0}	825EDB75-2809-4B79-ADC4-0681D8FEB5F9 
07/11/2016 18:27:12.701 	com.microsoft.Outlook	0xb0421000	                        com.microsoft.Outlook	Memory Resource Usage	a5h8g	Information 	CurrentProcessWideMemoryUsage {"ScopeInstance": 2, "BytesUsedDelta": 983040, "BytesUsedAtComplete": 59482112}	825EDB75-2809-4B79-ADC4-0681D8FEB5F9 
07/11/2016 18:27:12.701 	com.microsoft.Outlook	0xb0421000	                        com.microsoft.Outlook	Identity SharedCred Client	a9iej	Information 	[SharedCred] LoadAllCreds {"Message": "Loading stored credentials for prefix.", "CredType": "ADAL:"}	825EDB75-2809-4B79-ADC4-0681D8FEB5F9 
07/11/2016 18:27:12.701 	com.microsoft.Outlook	0xb0421000	                        com.microsoft.Outlook	Scope Summary	a5h8g	Information 	{"ScopeName": "[IdentityLiblet] Init", "StartTime": 2016-07-11T18:27:12Z, "DurationToCompleteInMilliseconds": 7, "DurationToCompleteInMillisecondsHighPrecision": 7.857126, "ScopeInstance": 2, "ScopeParentInstance": 0, "TopActivityInstance": 2, "Success": true}	825EDB75-2809-4B79-ADC4-0681D8FEB5F9 
07/11/2016 18:27:12.701 	com.microsoft.Outlook	0xb0421000	                        com.microsoft.Outlook	IdentityAuthenticationCredStore	ibzdd	Information 	[COfficeCredStore] InitInstance {"Message": "InitInstance succeeded!"}	825EDB75-2809-4B79-ADC4-0681D8FEB5F9 
07/11/2016 18:27:12.701 	com.microsoft.Outlook	0xb0421000	                        com.microsoft.Outlook	IdentityAuthenticationCredStore	ibzdd	Information 	[COfficeCredStore] InitInstance {"Message": "InitInstance succeeded!"}	825EDB75-2809-4B79-ADC4-0681D8FEB5F9 
07/11/2016 18:27:12.703 	com.microsoft.Outlook	0xb0421000	                        com.microsoft.Outlook	Logging Liblet	ib12r	Information 	CustomerLoggingEnabled check {"PreviousEnabledState": false, "PreviousSessionCount": 0, "NewEnabledState": false, "NewSessionCount": 0}	825EDB75-2809-4B79-ADC4-0681D8FEB5F9 
07/11/2016 18:27:12.703 	com.microsoft.Outlook	0xb0421000	                        com.microsoft.Outlook	Logging Liblet	a2lez	Information 	Logging liblet initialized.	825EDB75-2809-4B79-ADC4-0681D8FEB5F9 
07/11/2016 18:27:12.703 	com.microsoft.Outlook	0xb0421000	                        com.microsoft.Outlook	TimerScope	ian13	Information 	{"_originalTraceTime": 2016-07-11T18:27:12Z, "ID": "outlook.app.boot", "Instance": 1, "Action": "Start"}	825EDB75-2809-4B79-ADC4-0681D8FEB5F9 
07/11/2016 18:27:12.703 	com.microsoft.Outlook	0xb0421000	                        com.microsoft.Outlook	WLM	iacr1	Information 	Registry Load Time {"_originalTraceTime": 2016-07-11T18:27:12Z, "Seconds": 0.006268, "Keys": 339, "Values": 2397}	825EDB75-2809-4B79-ADC4-0681D8FEB5F9 
07/11/2016 18:27:12.705 	com.microsoft.Outlook	0xb0421000	                        com.microsoft.Outlook	Identity Authentication Client	awuug	Information 	[IdentityManager] CreateProfileManagerIfNeeded {"Message": "Initializing Profiles."}	825EDB75-2809-4B79-ADC4-0681D8FEB5F9 
07/11/2016 18:27:12.707 	com.microsoft.Outlook	0xb0421000	                        com.microsoft.Outlook	Rules Engine	ib6oq	Information 		825EDB75-2809-4B79-ADC4-0681D8FEB5F9 
07/11/2016 18:27:12.719 	com.microsoft.Outlook	0xb0421000	                        com.microsoft.Outlook	Experiment Liblet	a9a2q	Information 	Feature Query Status {"FeatureName": "Microsoft.Office.Experiment.PollingDuration", "FlightName": "ofecgl4pfbgfif0", "TreatmentValue": 0}	825EDB75-2809-4B79-ADC4-0681D8FEB5F9 
07/11/2016 18:27:12.719 	com.microsoft.Outlook	0xb0421000	                        com.microsoft.Outlook	Experiment Liblet	bbpzt	Information 	CachedFlightsNumberLineInfo {"CachedFlightsNumberLineInfo": "NoNL:NoFlights"}	825EDB75-2809-4B79-ADC4-0681D8FEB5F9 
07/11/2016 18:27:12.719 	com.microsoft.Outlook	0xb0421000	                        com.microsoft.Outlook	Experiment Liblet	baxy9	Information 	Sending Experimentation request with GUID {"RequestGUID": "77200D14-BB4B-A24B-B8DE-33D32269688C"}	825EDB75-2809-4B79-ADC4-0681D8FEB5F9 
07/11/2016 18:27:12.729 	com.microsoft.Outlook	0xb0115000	                        com.microsoft.Outlook	ApxOL01	ibnh1	Warning 	Assert Fired {"AssertMsg": "noErr == err"}	825EDB75-2809-4B79-ADC4-0681D8FEB5F9 
07/11/2016 18:27:12.729 	com.microsoft.Outlook	0xb0197000	                        com.microsoft.Outlook	IdentityAuthenticationCredStore	ibzd0	Information 	[COfficeCredStore] GetAuthScheme {"Message": "AuthScheme for Url.", "Proxy": "Proxy", "Url": "<Url is PII>", "AuthScheme": 0}	825EDB75-2809-4B79-ADC4-0681D8FEB5F9 
07/11/2016 18:27:12.729 	com.microsoft.Outlook	0xb0197000	                        com.microsoft.Outlook	IdentityDocToServiceMapping	azr7p	Information 	[DocToServiceMapping] GetLiveIdServiceParams {"Message": "No service params for Url.", "Url": "<Url is PII>", "DomainOnly": false}	825EDB75-2809-4B79-ADC4-0681D8FEB5F9 
07/11/2016 18:27:12.729 	com.microsoft.Outlook	0xb0197000	                        com.microsoft.Outlook	IdentityAuthenticationCredStore	ibzd0	Information 	[COfficeCredStore] GetAuthScheme {"Message": "AuthScheme for Url.", "Proxy": "Server", "Url": "<Url is PII>", "AuthScheme": 0}	825EDB75-2809-4B79-ADC4-0681D8FEB5F9 
07/11/2016 18:27:12.731 	com.microsoft.Outlook	0xb0081000	                        com.microsoft.Outlook	Identity Authentication Client	awuur	Information 	[IdentityManager] AreCredsDifferent {"Message": "Background Tasks with differences.", "IdentityProvider": "ADAL", "Size": 0}	825EDB75-2809-4B79-ADC4-0681D8FEB5F9 
07/11/2016 18:27:12.756 	com.microsoft.Outlook	0xb0115000	                        com.microsoft.Outlook	Performance Hang Detection	ibyng	Information 	Hang detection started.	825EDB75-2809-4B79-ADC4-0681D8FEB5F9 
07/11/2016 18:27:12.757 	com.microsoft.Outlook	0xb0115000	                        com.microsoft.Outlook	merp.sqm.public	iam9v	Information 	Configuration {"DATAID_NUM_PROC":8,"LocaleCurrent":"en_US","DATAID_BUILD_REVISION":5,"DATAID_OS_MAJORVERSION":10,"DATAID_PROC_SPEED":4000,"DATAID_MEMORY":32768,"DATAID_OS_MINORVERSION":11,"DATAID_OFFICE_SKU_LANG":1033,"DATAID_OFFICE_UI_LANG":1033,"DATAID_APPMINORVER":19,"DATAID_APPVER":1,"LocalePreferred":"en","ProcessorID":7,"DATAID_APPMAJORVER":15,"LocaleCountryCodeCurrent":"US","MachineKind":"iMac15,1"}	825EDB75-2809-4B79-ADC4-0681D8FEB5F9 
07/11/2016 18:27:12.762 	com.microsoft.Outlook	0xb0115000	                        com.microsoft.Outlook	merp.sqm.public	iam9t	Information 	{"UserGuid":"4193655283-14878-22072-f39fd54b47aa43c5"}	825EDB75-2809-4B79-ADC4-0681D8FEB5F9 
07/11/2016 18:27:12.762 	com.microsoft.Outlook	0xb0115000	                        com.microsoft.Outlook	merp.sqm.public	iam9u	Information 	{"MachineGuid":"4193655283-14878-22072-2439fd54b47aa43c5"}	825EDB75-2809-4B79-ADC4-0681D8FEB5F9 
07/11/2016 18:27:12.798 	com.microsoft.Outlook	0xb0115000	                        com.microsoft.Outlook	Experiment Liblet	a8x55	Information 	FlightList {"flight": "ofcwsyd3mflud501"}	825EDB75-2809-4B79-ADC4-0681D8FEB5F9 
07/11/2016 18:27:12.798 	com.microsoft.Outlook	0xb0115000	                        com.microsoft.Outlook	Experiment Liblet	a8x55	Information 	FlightList {"flight": "ofaqditzgub3ox01"}	825EDB75-2809-4B79-ADC4-0681D8FEB5F9 
07/11/2016 18:27:12.798 	com.microsoft.Outlook	0xb0115000	                        com.microsoft.Outlook	Experiment Liblet	bbpzs	Information 	FlightNumberlineInfo {"FlightNumberlineInfo": "muidflt251=ofaqditzgub3ox01,muidflt250=ofcwsyd3mflud501", "LockType": 2}	825EDB75-2809-4B79-ADC4-0681D8FEB5F9 
07/11/2016 18:27:12.798 	com.microsoft.Outlook	0xb0115000	                        com.microsoft.Outlook	Experiment Liblet	baxza	Information 	EDGE request GUID and response numberline info {"RequestGUID": "77200D14-BB4B-A24B-B8DE-33D32269688C", "FlightNumberlineInfo": "preallocation=userbasedstrategy,muidflt250=ofcwsyd3mflud501,muidflt251=ofaqditzgub3ox01"}	825EDB75-2809-4B79-ADC4-0681D8FEB5F9 
07/11/2016 18:27:12.798 	com.microsoft.Outlook	0xb0115000	                        com.microsoft.Outlook	Experiment Liblet	bb4ad	Information 	Setting the callback for validation.	825EDB75-2809-4B79-ADC4-0681D8FEB5F9 
07/11/2016 18:27:12.798 	com.microsoft.Outlook	0xb0115000	                        com.microsoft.Outlook	Experiment Liblet	bb4ac	Information 	Validating the core exposure control scenarios using FeatureGate.	825EDB75-2809-4B79-ADC4-0681D8FEB5F9 
07/11/2016 18:27:12.798 	com.microsoft.Outlook	0xb0115000	                        com.microsoft.Outlook	Experiment Liblet	a9a2s	Information 	Feature Query Status {"FeatureName": "Microsoft.Office.Experimentation.DarkFeature", "FlightName": "ofhneiyiqzku6l0", "Scope": 0, "IsInScope": false, "TreatmentValue": false}	825EDB75-2809-4B79-ADC4-0681D8FEB5F9 
07/11/2016 18:27:12.798 	com.microsoft.Outlook	0xb0115000	                        com.microsoft.Outlook	Experiment Liblet	bcjel	Information 	Could not get stored Dogfood string	825EDB75-2809-4B79-ADC4-0681D8FEB5F9 
07/11/2016 18:27:12.798 	com.microsoft.Outlook	0xb0115000	                        com.microsoft.Outlook	Experiment Liblet	a9a2s	Information 	Feature Query Status {"FeatureName": "Microsoft.Office.Experimentation.ScopeDogfoodFeature", "FlightName": "ofukatwskwnuga0", "Scope": 4, "IsInScope": false, "TreatmentValue": false}	825EDB75-2809-4B79-ADC4-0681D8FEB5F9 
07/11/2016 18:27:12.799 	com.microsoft.Outlook	0xb0081000	                        com.microsoft.Outlook	Experiment Liblet	a9a2q	Information 	Feature Query Status {"FeatureName": "msft-internal", "FlightName": "ofzim3zlrl3dbh0", "TreatmentValue": 0}	825EDB75-2809-4B79-ADC4-0681D8FEB5F9 
07/11/2016 18:27:12.799 	com.microsoft.Outlook	0xb0081000	                        com.microsoft.Outlook	Experiment Liblet	a9a2q	Information 	Feature Query Status {"FeatureName": "msft-internal", "FlightName": "ofzim3zlrl3dbh0", "TreatmentValue": 0}	825EDB75-2809-4B79-ADC4-0681D8FEB5F9 
07/11/2016 18:27:12.799 	com.microsoft.Outlook	0xb0081000	                        com.microsoft.Outlook	Experiment Liblet	a9a2s	Information 	Feature Query Status {"FeatureName": "Microsoft.Office.Experimentation.ScopeMicrosoftFeature", "FlightName": "ofgylbjkzod6qo0", "Scope": 1, "IsInScope": false, "TreatmentValue": false}	825EDB75-2809-4B79-ADC4-0681D8FEB5F9 
07/11/2016 18:27:12.799 	com.microsoft.Outlook	0xb0081000	                        com.microsoft.Outlook	Experiment Liblet	a9a2s	Information 	Feature Query Status {"FeatureName": "Microsoft.Office.Experimentation.ScopeProductionFeature", "FlightName": "ofnlgl1ukft34x0", "Scope": 3, "IsInScope": true, "TreatmentValue": true}	825EDB75-2809-4B79-ADC4-0681D8FEB5F9 
07/11/2016 18:27:12.799 	com.microsoft.Outlook	0xb0081000	                        com.microsoft.Outlook	Experiment Liblet	bb398	Information 	Scope::PRODUCTION Validation successful.	825EDB75-2809-4B79-ADC4-0681D8FEB5F9 
07/11/2016 18:27:12.799 	com.microsoft.Outlook	0xb0081000	                        com.microsoft.Outlook	Experiment Liblet	a9a2s	Information 	Feature Query Status {"FeatureName": "Microsoft.Office.Experimentation.ExcelRampUpTest", "FlightName": "ofhje5mvkiuyqa0", "Scope": 0, "IsInScope": false, "TreatmentValue": false}	825EDB75-2809-4B79-ADC4-0681D8FEB5F9 
07/11/2016 18:27:12.799 	com.microsoft.Outlook	0xb0081000	                        com.microsoft.Outlook	Experiment Liblet	a9a2s	Information 	Feature Query Status {"FeatureName": "Microsoft.Office.Experimentation.WordEBrakeTest", "FlightName": "of4djqauesgwvy0", "Scope": 3, "IsInScope": true, "TreatmentValue": true}	825EDB75-2809-4B79-ADC4-0681D8FEB5F9 
07/11/2016 18:27:12.799 	com.microsoft.Outlook	0xb0081000	                        com.microsoft.Outlook	Experiment Liblet	bb4aa	Information 	E-Brake is not applicable here as the PRODUCTION feature is enabled.	825EDB75-2809-4B79-ADC4-0681D8FEB5F9 
07/11/2016 18:27:12.799 	com.microsoft.Outlook	0xb0081000	                        com.microsoft.Outlook	Experiment Liblet	a9a2s	Information 	Feature Query Status {"FeatureName": "Microsoft.Office.Experimentation.PowerpointTrafficTest", "FlightName": "ofqcpyq1mym6yv0", "Scope": 0, "IsInScope": false, "TreatmentValue": false}	825EDB75-2809-4B79-ADC4-0681D8FEB5F9 
07/11/2016 18:27:12.943 	com.microsoft.Outlook	0xb0197000	                        com.microsoft.Outlook	WebServiceApi	ayvua	Information 	[ServiceRequestHelper] ProcessRequest {"Message": "Request was Successfully processed", "RequestId": 1, "HttpStatusCode": 200}	825EDB75-2809-4B79-ADC4-0681D8FEB5F9 
07/11/2016 18:27:12.970 	com.microsoft.Outlook	0xb0115000	                        com.microsoft.Outlook	Identity SharedCred Client	a9iej	Information 	[SharedCred] LoadAllCreds {"Message": "Loading stored credentials for prefix.", "CredType": "live:cid="}	825EDB75-2809-4B79-ADC4-0681D8FEB5F9 
07/11/2016 18:27:12.972 	com.microsoft.Outlook	0xb031d000	                        com.microsoft.Outlook	Identity Authentication Client	awuur	Information 	[IdentityManager] AreCredsDifferent {"Message": "Background Tasks with differences.", "IdentityProvider": "LiveId", "Size": 0}	825EDB75-2809-4B79-ADC4-0681D8FEB5F9 
07/11/2016 18:27:12.972 	com.microsoft.Outlook	0xb031d000	                        com.microsoft.Outlook	Identity Authentication Client	awuu4	Information 	[IdentityManager] ReloadIdentities {"Message": "Reloading identities for identity provider.", "IdentityProvider": "SSPI"}	825EDB75-2809-4B79-ADC4-0681D8FEB5F9 
07/11/2016 18:27:12.972 	com.microsoft.Outlook	0xb031d000	                        com.microsoft.Outlook	Identity SharedCred Client	a9iej	Information 	[SharedCred] LoadAllCreds {"Message": "Loading stored credentials for prefix.", "CredType": "SSPI:"}	825EDB75-2809-4B79-ADC4-0681D8FEB5F9 
07/11/2016 18:27:12.972 	com.microsoft.Outlook	0xb039f000	                        com.microsoft.Outlook	Identity Authentication Client	awuu7	Information 	[IdentityManager] ReloadIdentities {"Message": "IdentityProvider has 0 identities."}	825EDB75-2809-4B79-ADC4-0681D8FEB5F9 
07/11/2016 18:27:12.972 	com.microsoft.Outlook	0xb039f000	                        com.microsoft.Outlook	Identity Authentication Client	awuws	Information 	[ProfileManager] RunBackgroundTasks {"Message": "Background tasks: profile count.", "ProfileListSize": 0}	825EDB75-2809-4B79-ADC4-0681D8FEB5F9 
07/11/2016 18:27:12.972 	com.microsoft.Outlook	0xb039f000	                        com.microsoft.Outlook	Identity Authentication Client	awuxb	Information 	[ProfileManager] CreateConnectedProfileIfNeeded {"Message": "Looking for Connected account for profile."}	825EDB75-2809-4B79-ADC4-0681D8FEB5F9 
07/11/2016 18:27:12.972 	com.microsoft.Outlook	0xb039f000	                        com.microsoft.Outlook	Identity Authentication Client	awuww	Information 	[ProfileManager] RunBackgroundTasks {"Message": "Looking for single persisted OrgId/ADAL identity for profile."}	825EDB75-2809-4B79-ADC4-0681D8FEB5F9 
07/11/2016 18:27:13.061 	com.microsoft.Outlook	0xb039f000	                        com.microsoft.Outlook	outlook.build	ibtin	Information 	Outlook Build Info {"App Version": "15.19.1 (160212)"}	825EDB75-2809-4B79-ADC4-0681D8FEB5F9 
07/11/2016 18:27:13.061 	com.microsoft.Outlook	0xb039f000	                        com.microsoft.Outlook	outlook.device.metadata	ibvps	Information 	Device Metadata {"DeviceID": "99F47D71-AB01-5520-8C30-26038757B88D"}	825EDB75-2809-4B79-ADC4-0681D8FEB5F9 
07/11/2016 18:27:13.103 	com.microsoft.Outlook	0xb0197000	                        com.microsoft.Outlook	FirstRun Client	iblqz	Information 	Opening panel in setupWindowController awakeFromNib {"Name": "WelcomeONOLK_Panel"}	825EDB75-2809-4B79-ADC4-0681D8FEB5F9 
07/11/2016 18:27:13.215 	com.microsoft.Outlook	0xb031d000	                        com.microsoft.Outlook	TimerScope	ian13	Information 	{"ID": "outlook.app.active", "Instance": 2, "Action": "Start"}	825EDB75-2809-4B79-ADC4-0681D8FEB5F9 
07/11/2016 18:27:13.215 	com.microsoft.Outlook	0xb031d000	                        com.microsoft.Outlook	ULS.Heartbeat	iaaaa	Information 	99F47D71-AB01-5520-8C30-26038757B88D	825EDB75-2809-4B79-ADC4-0681D8FEB5F9 
07/11/2016 18:27:13.216 	com.microsoft.Outlook	0xb031d000	                        com.microsoft.Outlook	IdentityAuthenticationCredStore	ibzdd	Information 	[COfficeCredStore] InitInstance {"Message": "InitInstance succeeded!"}	825EDB75-2809-4B79-ADC4-0681D8FEB5F9 
07/11/2016 18:27:13.218 	com.microsoft.Outlook	0xb039f000	                        com.microsoft.Outlook	Roaming	axaev	Information 	CacheManager::CleanUpCachedUsers {"Message": "Clean up does not run in processes where Roaming is disabled!"}	825EDB75-2809-4B79-ADC4-0681D8FEB5F9 
07/11/2016 18:27:13.852 	com.microsoft.Outlook	0xb0197000	                        com.microsoft.Outlook	outlook.cocoa.events.userinteraction	ibvvp	Information 	Ribbon and Menu Usage {"EventType": "KEY", "Area": "MENU", "UID": "deferTerminate:|(null)"}	825EDB75-2809-4B79-ADC4-0681D8FEB5F9 
07/11/2016 18:27:13.859 	com.microsoft.Outlook	0xb0197000	                        com.microsoft.Outlook	TimerScope	ian14	Information 	{"ID": "outlook.app.active", "Instance": 2, "Action": "Stop", "Result": 643996}	825EDB75-2809-4B79-ADC4-0681D8FEB5F9 
07/11/2016 18:27:13.860 	com.microsoft.Outlook	0xb0197000	                        com.microsoft.Outlook	outlook.process	ib0qr	Information 	Application Quit Successfully	825EDB75-2809-4B79-ADC4-0681D8FEB5F9 
07/11/2016 18:27:13.926 	com.microsoft.Outlook	0xb0197000	                        com.microsoft.Outlook	Rules Engine	ib6op	Information 		825EDB75-2809-4B79-ADC4-0681D8FEB5F9 
07/11/2016 18:27:13.941 	com.microsoft.Outlook	0xb039f000	                        com.microsoft.Outlook	Memory Resource Usage	a5ia1	Information 	CurrentProcessWideMemoryUsage {"ScopeInstance": 3, "BytesUsedDelta": 602112, "BytesUsedAtComplete": 97075200}	825EDB75-2809-4B79-ADC4-0681D8FEB5F9 
07/11/2016 18:27:13.941 	com.microsoft.Outlook	0xb039f000	                        com.microsoft.Outlook	Scope Summary	a5ia1	Information 	{"ScopeName": "Mso::Telemetry::RuleManager::LoadXmlRules", "StartTime": 2016-07-11T18:27:13Z, "DurationToCompleteInMilliseconds": 14, "DurationToCompleteInMillisecondsHighPrecision": 14.058883, "ScopeInstance": 3, "ScopeParentInstance": 0, "TopActivityInstance": 3, "Success": true}	825EDB75-2809-4B79-ADC4-0681D8FEB5F9 
07/11/2016 18:27:13.973 	com.microsoft.Outlook	0xb04a3000	                        com.microsoft.Outlook	Memory Resource Usage	a9joq	Information 	CurrentProcessWideMemoryUsage {"ScopeInstance": 4, "BytesUsedDelta": 32768, "BytesUsedAtComplete": 97308672}	825EDB75-2809-4B79-ADC4-0681D8FEB5F9 
07/11/2016 18:27:13.973 	com.microsoft.Outlook	0xb04a3000	                        com.microsoft.Outlook	Scope Summary	a9joq	Information 	{"ScopeName": "Mso::Telemetry::DiskPayloadManager::WritePayloadToDisk", "StartTime": 2016-07-11T18:27:13Z, "DurationToCompleteInMilliseconds": 0, "DurationToCompleteInMillisecondsHighPrecision": 0.766078, "ScopeInstance": 4, "ScopeParentInstance": 0, "TopActivityInstance": 4, "Success": true}	825EDB75-2809-4B79-ADC4-0681D8FEB5F9 
07/11/2016 18:27:13.974 	com.microsoft.Outlook	0xb0115000	                        com.microsoft.Outlook	Logging Liblet	a2le0	Information 	Logging liblet uninitializing.	825EDB75-2809-4B79-ADC4-0681D8FEB5F9 
07/11/2016 18:27:13.975 	com.microsoft.Outlook	0xb0197000	                        com.microsoft.Outlook	IdentityAuthenticationCredStore	ibzdf	Information 	[COfficeCredStore] UninitInstance {"Message": "UninitInstance"}	825EDB75-2809-4B79-ADC4-0681D8FEB5F9 
07/11/2016 18:27:13.975 	com.microsoft.Outlook	0xb0197000	                        com.microsoft.Outlook	IdentityAuthenticationCredStore	ibzdf	Information 	[COfficeCredStore] UninitInstance {"Message": "UninitInstance"}	825EDB75-2809-4B79-ADC4-0681D8FEB5F9 
07/11/2016 18:27:13.975 	com.microsoft.Outlook	0xb0197000	                        com.microsoft.Outlook	IdentityAuthenticationCredStore	ibzdf	Information 	[COfficeCredStore] UninitInstance {"Message": "UninitInstance"}	825EDB75-2809-4B79-ADC4-0681D8FEB5F9 
07/11/2016 18:27:13.975 	com.microsoft.Outlook	0xb0197000	                        com.microsoft.Outlook	IdentityAuthenticationCredStore	ibzdb	Information 	[COfficeCredStore] Release {"Message": "Deleting CredStore instance."}	825EDB75-2809-4B79-ADC4-0681D8FEB5F9 
07/11/2016 18:27:13.975 	com.microsoft.Outlook	0xb0197000	                        com.microsoft.Outlook	Identity Authentication Client	awuut	Information 	[IdentityManager] ~IdentityManager {"Message": "Uninit IdentityManager"}	825EDB75-2809-4B79-ADC4-0681D8FEB5F9 
07/11/2016 18:27:13.975 	com.microsoft.Outlook	0xb0197000	                        com.microsoft.Outlook	Identity Authentication Client	awuwq	Information 	[ProfileManager] ProfileManager {"Message": "Number of profiles at shutdown.", "ProfileListSize": 0}	825EDB75-2809-4B79-ADC4-0681D8FEB5F9 
