Timestamp	Process	TID	Area	Category	EventID	Level	Message	Correlation
06/09/2016 14:36:40.952 	com.microsoft.Word	0xb0219000	                        com.microsoft.Word	mbu.instrument	iangv	Information 	Configuration {"FriendlyAppVersion":"15.22.1 (160512)","FriendlyOSVersion":"Mac OS X 10.11.5 (15F34)","DATAID_SCREEN_DPI":144,"Screens":[{"deviceColorSpaceName":"NSCalibratedRGBColorSpace","deviceBitsPerSample":8,"Index":0,"deviceResolutionWidth":144,"deviceResolutionHeight":144,"width":2560,"originY":0,"originX":0,"height":1440}],"NumScreens":1,"DATAID_SYS_VOL_SPACE":445106.8,"ProcessArchitecture":"i386","DATAID_RESOLUTION":2560,"MainScreenIndex":0,"DATAID_SCREEN_DEPTH":24,"DATAID_OS_BUILD":"15F34","DATAID_SYS_VOL_SIZE":476154.2,"DATAID_HOME_VOL_SPACE":445106.8,"DATAID_HOME_VOL_SIZE":476154.2}	BF1D3AD9-8E4C-47A3-BBB7-26ACB08F2F79 
06/09/2016 14:36:40.953 	com.microsoft.Word	0xb0219000	                        com.microsoft.Word	mbu.instrument	iab2v	Information 	Configuration Gathering Perf {"timeInMs":0}	BF1D3AD9-8E4C-47A3-BBB7-26ACB08F2F79 
06/09/2016 14:36:40.953 	com.microsoft.Word	0xb0219000	                        com.microsoft.Word	ULS.Heartbeat	iaaaa	Information 	99F47D71-AB01-5520-8C30-26038757B88D	BF1D3AD9-8E4C-47A3-BBB7-26ACB08F2F79 
06/09/2016 14:36:41.019 	com.microsoft.Word	0xb0197000	                        com.microsoft.Word	Identity Authentication Client	awuuf	Information 	[IdentityManager] OfflineInit {"Message": "IdentityManager Offline Init."}	BF1D3AD9-8E4C-47A3-BBB7-26ACB08F2F79 
06/09/2016 14:36:41.019 	com.microsoft.Word	0xb0197000	                        com.microsoft.Word	Identity Authentication Client	awut9	Information 	[Authentication] IsCustomEnv {"Message": "Service is NOT using custom environment.", "Name": "LiveId", "CustomEnv": "INT"}	BF1D3AD9-8E4C-47A3-BBB7-26ACB08F2F79 
06/09/2016 14:36:41.019 	com.microsoft.Word	0xb0197000	                        com.microsoft.Word	Identity Authentication Client	awuuj	Information 	[IdentityManager] SetOneDriveServiceFallbackUrls {"Message": "Using Production Environment for OneDrive."}	BF1D3AD9-8E4C-47A3-BBB7-26ACB08F2F79 
06/09/2016 14:36:41.023 	com.microsoft.Word	0xb0197000	                        com.microsoft.Word	Identity Authentication Client	awuuk	Information 	[IdentityManager] LoadAndValidateCachedIdentities {"Message": "Reading persisted identities.", "Size": 0}	BF1D3AD9-8E4C-47A3-BBB7-26ACB08F2F79 
06/09/2016 14:36:41.027 	com.microsoft.Word	0xb0219000	                        com.microsoft.Word	Memory Resource Usage	a5h8g	Information 	CurrentProcessWideMemoryUsage {"ScopeInstance": 2, "BytesUsedDelta": 921600, "BytesUsedAtComplete": 58269696}	BF1D3AD9-8E4C-47A3-BBB7-26ACB08F2F79 
06/09/2016 14:36:41.027 	com.microsoft.Word	0xb0219000	                        com.microsoft.Word	Identity SharedCred Client	a9iej	Information 	[SharedCred] LoadAllCreds {"Message": "Loading stored credentials for prefix.", "CredType": "ADAL:"}	BF1D3AD9-8E4C-47A3-BBB7-26ACB08F2F79 
06/09/2016 14:36:41.027 	com.microsoft.Word	0xb0219000	                        com.microsoft.Word	Scope Summary	a5h8g	Information 	{"ScopeName": "[IdentityLiblet] Init", "StartTime": 2016-06-09T14:36:41Z, "DurationToCompleteInMilliseconds": 8, "DurationToCompleteInMillisecondsHighPrecision": 8.166094, "ScopeInstance": 2, "ScopeParentInstance": 0, "TopActivityInstance": 2, "Success": true}	BF1D3AD9-8E4C-47A3-BBB7-26ACB08F2F79 
06/09/2016 14:36:41.027 	com.microsoft.Word	0xb0197000	                        com.microsoft.Word	IdentityAuthenticationCredStore	ibzdd	Information 	[COfficeCredStore] InitInstance {"Message": "InitInstance succeeded!"}	BF1D3AD9-8E4C-47A3-BBB7-26ACB08F2F79 
06/09/2016 14:36:41.027 	com.microsoft.Word	0xb0197000	                        com.microsoft.Word	IdentityAuthenticationCredStore	ibzdd	Information 	[COfficeCredStore] InitInstance {"Message": "InitInstance succeeded!"}	BF1D3AD9-8E4C-47A3-BBB7-26ACB08F2F79 
06/09/2016 14:36:41.029 	com.microsoft.Word	0xb0197000	                        com.microsoft.Word	Logging Liblet	ib12r	Information 	CustomerLoggingEnabled check {"PreviousEnabledState": false, "PreviousSessionCount": 0, "NewEnabledState": false, "NewSessionCount": 0}	BF1D3AD9-8E4C-47A3-BBB7-26ACB08F2F79 
06/09/2016 14:36:41.029 	com.microsoft.Word	0xb0197000	                        com.microsoft.Word	Logging Liblet	a2lez	Information 	Logging liblet initialized.	BF1D3AD9-8E4C-47A3-BBB7-26ACB08F2F79 
06/09/2016 14:36:41.031 	com.microsoft.Word	0xb0197000	                        com.microsoft.Word	Identity Authentication Client	awuug	Information 	[IdentityManager] CreateProfileManagerIfNeeded {"Message": "Initializing Profiles."}	BF1D3AD9-8E4C-47A3-BBB7-26ACB08F2F79 
06/09/2016 14:36:41.033 	com.microsoft.Word	0xb0197000	                        com.microsoft.Word	Experiment Liblet	bef14	Information 	In FlightManager::Init()	BF1D3AD9-8E4C-47A3-BBB7-26ACB08F2F79 
06/09/2016 14:36:41.033 	com.microsoft.Word	0xb0197000	                        com.microsoft.Word	Experiment Liblet	bdlx2	Information 	FeatureList {"Source": "Edge", "FeatureName": "ofcwsyd3mflud50"}	BF1D3AD9-8E4C-47A3-BBB7-26ACB08F2F79 
06/09/2016 14:36:41.034 	com.microsoft.Word	0xb0197000	                        com.microsoft.Word	Experiment Liblet	bdlx2	Information 	FeatureList {"Source": "Edge", "FeatureName": "ofaqditzgub3ox0"}	BF1D3AD9-8E4C-47A3-BBB7-26ACB08F2F79 
06/09/2016 14:36:41.034 	com.microsoft.Word	0xb0197000	                        com.microsoft.Word	Experiment Liblet	bcjel	Information 	Could not get stored Dogfood string	BF1D3AD9-8E4C-47A3-BBB7-26ACB08F2F79 
06/09/2016 14:36:41.034 	com.microsoft.Word	0xb031d000	                        com.microsoft.Word	Experiment Liblet	bd9vd	Information 	In PopulateFeatureNameForFlight {"FeatureName": "Microsoft.Office.Experiment.PollingDuration", "Flight Name": "ofecgl4pfbgfif0"}	BF1D3AD9-8E4C-47A3-BBB7-26ACB08F2F79 
06/09/2016 14:36:41.034 	com.microsoft.Word	0xb031d000	                        com.microsoft.Word	Experiment Liblet	bbpzt	Information 	CachedFlightsNumberLineInfo {"CachedFlightsNumberLineInfo": "preallocation=userbasedstrategy,muidflt250=ofcwsyd3mflud501,muidflt251=ofaqditzgub3ox01"}	BF1D3AD9-8E4C-47A3-BBB7-26ACB08F2F79 
06/09/2016 14:36:41.035 	com.microsoft.Word	0xb031d000	                        com.microsoft.Word	Experiment Liblet	bekuu	Information 	Setting the callback for validation.	BF1D3AD9-8E4C-47A3-BBB7-26ACB08F2F79 
06/09/2016 14:36:41.035 	com.microsoft.Word	0xb031d000	                        com.microsoft.Word	Experiment Liblet	benmp	Information 	Creating Edge request {"RequestGUID": "7F299631-B56C-D94D-ACB6-96DE1A6BD74A"}	BF1D3AD9-8E4C-47A3-BBB7-26ACB08F2F79 
06/09/2016 14:36:41.035 	com.microsoft.Word	0xb031d000	                        com.microsoft.Word	Experiment Liblet	bdlx1	Information 	Could not retrieve flights from persistent cache	BF1D3AD9-8E4C-47A3-BBB7-26ACB08F2F79 
06/09/2016 14:36:41.035 	com.microsoft.Word	0xb031d000	                        com.microsoft.Word	Rules Engine	ib6oq	Information 		BF1D3AD9-8E4C-47A3-BBB7-26ACB08F2F79 
06/09/2016 14:36:41.041 	com.microsoft.Word	0xb031d000	                        com.microsoft.Word	TimerScope	ian13	Information 	{"_originalTraceTime": 2016-06-09T14:36:40Z, "ID": "word.bootMainToActive", "Instance": 1, "Action": "Start"}	BF1D3AD9-8E4C-47A3-BBB7-26ACB08F2F79 
06/09/2016 14:36:41.041 	com.microsoft.Word	0xb031d000	                        com.microsoft.Word	WLM	ib6vf	Information 	Registry Load Time {"_originalTraceTime": 2016-06-09T14:36:40Z, "Seconds": 0.006840, "Keys": 381, "Values": 2075}	BF1D3AD9-8E4C-47A3-BBB7-26ACB08F2F79 
06/09/2016 14:36:41.041 	com.microsoft.Word	0xb031d000	                        com.microsoft.Word	Performance Hang Detection	ibyng	Information 	Hang detection started. {"_originalTraceTime": 2016-06-09T14:36:40Z}	BF1D3AD9-8E4C-47A3-BBB7-26ACB08F2F79 
06/09/2016 14:36:41.042 	com.microsoft.Word	0xb0629000	                        com.microsoft.Word	merp.sqm.public	iam9v	Information 	Configuration {"DATAID_NUM_PROC":8,"LocaleCurrent":"en_US","DATAID_BUILD_REVISION":5,"DATAID_OS_MAJORVERSION":10,"DATAID_PROC_SPEED":4000,"DATAID_MEMORY":32768,"DATAID_OS_MINORVERSION":11,"DATAID_OFFICE_SKU_LANG":1033,"DATAID_OFFICE_UI_LANG":1033,"DATAID_APPMINORVER":22,"DATAID_APPVER":1,"LocalePreferred":"en","DATAID_APPVERDOT":160512,"DATAID_APPMAJORVER":15,"ProcessorID":7,"MachineKind":"iMac15,1","LocaleCountryCodeCurrent":"US"}	BF1D3AD9-8E4C-47A3-BBB7-26ACB08F2F79 
06/09/2016 14:36:41.042 	com.microsoft.Word	0xb0629000	                        com.microsoft.Word	merp.sqm.public	iam9t	Information 	{"UserGuid":"1316927150-61553-5943-ec196e3ea5b79eb"}	BF1D3AD9-8E4C-47A3-BBB7-26ACB08F2F79 
06/09/2016 14:36:41.042 	com.microsoft.Word	0xb0629000	                        com.microsoft.Word	merp.sqm.public	iam9u	Information 	{"MachineGuid":"1316927150-61553-5943-236196e3ea5b79eb"}	BF1D3AD9-8E4C-47A3-BBB7-26ACB08F2F79 
06/09/2016 14:36:41.043 	com.microsoft.Word	0xb031d000	                        com.microsoft.Word	MbuInstrument	ib78a	Information 	Accessibility Settings {"IncreaseContrast": false, "DifferentiateWithoutColor": false, "ReduceTransparency": false, "UAZoomEnabled": false}	BF1D3AD9-8E4C-47A3-BBB7-26ACB08F2F79 
06/09/2016 14:36:41.050 	com.microsoft.Word	0xb031d000	                        com.microsoft.Word	Memory Resource Usage	a5ia1	Information 	CurrentProcessWideMemoryUsage {"ScopeInstance": 3, "BytesUsedDelta": 1044480, "BytesUsedAtComplete": 61931520}	BF1D3AD9-8E4C-47A3-BBB7-26ACB08F2F79 
06/09/2016 14:36:41.050 	com.microsoft.Word	0xb031d000	                        com.microsoft.Word	Scope Summary	a5ia1	Information 	{"ScopeName": "Mso::Telemetry::RuleManager::LoadXmlRules", "StartTime": 2016-06-09T14:36:41Z, "DurationToCompleteInMilliseconds": 9, "DurationToCompleteInMillisecondsHighPrecision": 9.314943, "ScopeInstance": 3, "ScopeParentInstance": 0, "TopActivityInstance": 3, "Success": true}	BF1D3AD9-8E4C-47A3-BBB7-26ACB08F2F79 
06/09/2016 14:36:41.054 	com.microsoft.Word	0xb0629000	                        com.microsoft.Word	MbuFont	ibutp	Information 	{"NumFonts": 610, "NumCreatedFonts": 40, "NumErsatzFonts": 0}	BF1D3AD9-8E4C-47A3-BBB7-26ACB08F2F79 
06/09/2016 14:36:41.057 	com.microsoft.Word	0xb0629000	                        com.microsoft.Word	IdentityAuthenticationCredStore	ibzd0	Information 	[COfficeCredStore] GetAuthScheme {"Message": "AuthScheme for Url.", "Proxy": "Proxy", "Url": "<Url is PII>", "AuthScheme": 0}	BF1D3AD9-8E4C-47A3-BBB7-26ACB08F2F79 
06/09/2016 14:36:41.057 	com.microsoft.Word	0xb0197000	                        com.microsoft.Word	IdentityDocToServiceMapping	azr7p	Information 	[DocToServiceMapping] GetLiveIdServiceParams {"Message": "No service params for Url.", "Url": "<Url is PII>", "DomainOnly": false}	BF1D3AD9-8E4C-47A3-BBB7-26ACB08F2F79 
06/09/2016 14:36:41.057 	com.microsoft.Word	0xb0197000	                        com.microsoft.Word	IdentityAuthenticationCredStore	ibzd0	Information 	[COfficeCredStore] GetAuthScheme {"Message": "AuthScheme for Url.", "Proxy": "Server", "Url": "<Url is PII>", "AuthScheme": 0}	BF1D3AD9-8E4C-47A3-BBB7-26ACB08F2F79 
06/09/2016 14:36:41.061 	com.microsoft.Word	0xb06ab000	                        com.microsoft.Word	Identity Authentication Client	awuur	Information 	[IdentityManager] AreCredsDifferent {"Message": "Background Tasks with differences.", "IdentityProvider": "ADAL", "Size": 0}	BF1D3AD9-8E4C-47A3-BBB7-26ACB08F2F79 
06/09/2016 14:36:41.135 	com.microsoft.Word	0xb0115000	                        com.microsoft.Word	Experiment Liblet	a8x55	Information 	FlightList {"flight": "ofcwsyd3mflud501"}	BF1D3AD9-8E4C-47A3-BBB7-26ACB08F2F79 
06/09/2016 14:36:41.136 	com.microsoft.Word	0xb0115000	                        com.microsoft.Word	Experiment Liblet	a8x55	Information 	FlightList {"flight": "ofaqditzgub3ox01"}	BF1D3AD9-8E4C-47A3-BBB7-26ACB08F2F79 
06/09/2016 14:36:41.136 	com.microsoft.Word	0xb06ab000	                        com.microsoft.Word	Experiment Liblet	bdlxx	Information 	EDGE request GUID and response numberline info {"RequestGUID": "7F299631-B56C-D94D-ACB6-96DE1A6BD74A", "FlightNumberlineInfo": "preallocation=userbasedstrategy,muidflt250=ofcwsyd3mflud501,muidflt251=ofaqditzgub3ox01"}	BF1D3AD9-8E4C-47A3-BBB7-26ACB08F2F79 
06/09/2016 14:36:41.144 	com.microsoft.Word	0xb0219000	                        com.microsoft.Word	Experiment Liblet	bbpzs	Information 	FlightNumberlineInfo {"FlightNumberlineInfo": "preallocation=userbasedstrategy,muidflt251=ofaqditzgub3ox01,muidflt250=ofcwsyd3mflud501", "LockType": 2, "ECSConfigs": "P-R-18363-2-7,P-R-18351-2-4,P-R-18164-26268-3"}	BF1D3AD9-8E4C-47A3-BBB7-26ACB08F2F79 
06/09/2016 14:36:41.288 	com.microsoft.Word	0xb0081000	                        com.microsoft.Word	WebServiceApi	ayvua	Information 	[ServiceRequestHelper] ProcessRequest {"Message": "Request was Successfully processed", "RequestId": 1, "HttpStatusCode": 200}	BF1D3AD9-8E4C-47A3-BBB7-26ACB08F2F79 
06/09/2016 14:36:41.295 	com.microsoft.Word	0xb0081000	                        com.microsoft.Word	Identity SharedCred Client	a9iej	Information 	[SharedCred] LoadAllCreds {"Message": "Loading stored credentials for prefix.", "CredType": "live:cid="}	BF1D3AD9-8E4C-47A3-BBB7-26ACB08F2F79 
06/09/2016 14:36:41.295 	com.microsoft.Word	0xb0081000	                        com.microsoft.Word	Identity Authentication Client	awuur	Information 	[IdentityManager] AreCredsDifferent {"Message": "Background Tasks with differences.", "IdentityProvider": "LiveId", "Size": 0}	BF1D3AD9-8E4C-47A3-BBB7-26ACB08F2F79 
06/09/2016 14:36:41.295 	com.microsoft.Word	0xb0081000	                        com.microsoft.Word	Identity SharedCred Client	a9iej	Information 	[SharedCred] LoadAllCreds {"Message": "Loading stored credentials for prefix.", "CredType": "ADAL:"}	BF1D3AD9-8E4C-47A3-BBB7-26ACB08F2F79 
06/09/2016 14:36:41.295 	com.microsoft.Word	0xb0081000	                        com.microsoft.Word	IdentityADALClient	a0kaz	Information 	[ADALLibrary] InitIdentities {"Message": "Initializing ADAL identities."}	BF1D3AD9-8E4C-47A3-BBB7-26ACB08F2F79 
06/09/2016 14:36:41.295 	com.microsoft.Word	0xb0081000	                        com.microsoft.Word	Identity Authentication Client	awuu4	Information 	[IdentityManager] ReloadIdentities {"Message": "Reloading identities for identity provider.", "IdentityProvider": "ADAL"}	BF1D3AD9-8E4C-47A3-BBB7-26ACB08F2F79 
06/09/2016 14:36:41.295 	com.microsoft.Word	0xb0081000	                        com.microsoft.Word	Identity Authentication Client	awuu6	Information 	[IdentityManager] ReloadIdentities {"Message": "Skipping initialization of identities from creds for provider.", "IdentityProvider": "ADAL"}	BF1D3AD9-8E4C-47A3-BBB7-26ACB08F2F79 
06/09/2016 14:36:41.295 	com.microsoft.Word	0xb0081000	                        com.microsoft.Word	Identity Authentication Client	awuu4	Information 	[IdentityManager] ReloadIdentities {"Message": "Reloading identities for identity provider.", "IdentityProvider": "SSPI"}	BF1D3AD9-8E4C-47A3-BBB7-26ACB08F2F79 
06/09/2016 14:36:41.295 	com.microsoft.Word	0xb0081000	                        com.microsoft.Word	Identity SharedCred Client	a9iej	Information 	[SharedCred] LoadAllCreds {"Message": "Loading stored credentials for prefix.", "CredType": "SSPI:"}	BF1D3AD9-8E4C-47A3-BBB7-26ACB08F2F79 
06/09/2016 14:36:41.295 	com.microsoft.Word	0xb0081000	                        com.microsoft.Word	Licensing client liblet	ibwic	Information 	License State {"Type": "Perpetual License", "OLSLicenseId": "02992-000-000010", "ACID": null, "DidRunPreview": "No", "UserId": ""}	BF1D3AD9-8E4C-47A3-BBB7-26ACB08F2F79 
06/09/2016 14:36:41.296 	com.microsoft.Word	0xb0081000	                        com.microsoft.Word	Identity Authentication Client	awuu7	Information 	[IdentityManager] ReloadIdentities {"Message": "IdentityProvider has 0 identities."}	BF1D3AD9-8E4C-47A3-BBB7-26ACB08F2F79 
06/09/2016 14:36:41.296 	com.microsoft.Word	0xb0081000	                        com.microsoft.Word	Identity Authentication Client	awuws	Information 	[ProfileManager] RunBackgroundTasks {"Message": "Background tasks: profile count.", "ProfileListSize": 0}	BF1D3AD9-8E4C-47A3-BBB7-26ACB08F2F79 
06/09/2016 14:36:41.296 	com.microsoft.Word	0xb0081000	                        com.microsoft.Word	Identity Authentication Client	awuxb	Information 	[ProfileManager] CreateConnectedProfileIfNeeded {"Message": "Looking for Connected account for profile."}	BF1D3AD9-8E4C-47A3-BBB7-26ACB08F2F79 
06/09/2016 14:36:41.296 	com.microsoft.Word	0xb0081000	                        com.microsoft.Word	Identity Authentication Client	awuww	Information 	[ProfileManager] RunBackgroundTasks {"Message": "Looking for single persisted OrgId/ADAL identity for profile."}	BF1D3AD9-8E4C-47A3-BBB7-26ACB08F2F79 
06/09/2016 14:36:41.296 	com.microsoft.Word	0xb0081000	                        com.microsoft.Word	Experiment Liblet	bd9vd	Information 	In PopulateFeatureNameForFlight {"FeatureName": "Microsoft.Office.Graphics.FastAcc", "Flight Name": "ofas3eiflxlznq0"}	BF1D3AD9-8E4C-47A3-BBB7-26ACB08F2F79 
06/09/2016 14:36:41.296 	com.microsoft.Word	0xb0081000	                        com.microsoft.Word	Experiment Liblet	a9a2s	Information 	Feature Query Status {"FeatureName": "Microsoft.Office.Graphics.FastAcc", "FlightName": "ofas3eiflxlznq0", "Scope": 0, "IsInScope": false, "TreatmentValue": false}	BF1D3AD9-8E4C-47A3-BBB7-26ACB08F2F79 
06/09/2016 14:36:41.453 	com.microsoft.Word	0xb0081000	                        com.microsoft.Word	MbuInstrument	ibxdj	Warning 	Standard error {"Message": "2016-06-09 10:36:41.453 Microsoft Word[11234:210389] NSAllowAppKitWeakReferences=YES"}	BF1D3AD9-8E4C-47A3-BBB7-26ACB08F2F79 
06/09/2016 14:36:41.536 	com.microsoft.Word	0xb0219000	                        com.microsoft.Word	CocoaUI.ThemePreferences	ibidz	Information 	Initial Boot Theme {"CUIThemePreferencesType": 0}	BF1D3AD9-8E4C-47A3-BBB7-26ACB08F2F79 
06/09/2016 14:36:41.543 	com.microsoft.Word	0xb0197000	                        com.microsoft.Word	MbuInstrument	ibxdj	Warning 	Standard error {"Message": "2016-06-09 10:36:41.543 Microsoft Word[11234:210389] ApplePersistenceIgnoreState: Existing state will not be touched. New state will be written to /var/folders/yj/qm6_4v851ll7914_qx316xxdt6yhs8/T/com.microsoft.Word/com.microsoft.Word.savedState"}	BF1D3AD9-8E4C-47A3-BBB7-26ACB08F2F79 
06/09/2016 14:36:41.607 	com.microsoft.Word	0xb0081000	                        com.microsoft.Word	Identity Authentication Client	a2ouq	Information 	[ProfileManager] GetSystemUserProfile {"Message": "No default identity"}	BF1D3AD9-8E4C-47A3-BBB7-26ACB08F2F79 
06/09/2016 14:36:41.609 	com.microsoft.Word	0xb0081000	                        com.microsoft.Word	OfficeServicesManager	a1t8f	Information 	OfficeServicesManagerBase::GetConnectedServices {"Message": "GetConnectedServices() was called."}	BF1D3AD9-8E4C-47A3-BBB7-26ACB08F2F79 
06/09/2016 14:36:41.610 	com.microsoft.Word	0xb0219000	                        com.microsoft.Word	FileUIKit	iam60	Information 	[ConnectedServicesCallback] ServicesNotification {"AddedServices": 0, "TypeOfAddedServices": "", "RemovedServices": 0, "TypeOfRemovedServices": ""}	BF1D3AD9-8E4C-47A3-BBB7-26ACB08F2F79 
06/09/2016 14:36:41.610 	com.microsoft.Word	0xb0219000	                        com.microsoft.Word	OfficeServicesManager	a11to	Information 	[OfficeServicesManagerBase] GetConnectedServices {"Message": "GetConnectedServices() returned synchronously.", "UserId": null, "Capabilities": 16385, "Options": 6}	BF1D3AD9-8E4C-47A3-BBB7-26ACB08F2F79 
06/09/2016 14:36:41.652 	com.microsoft.Word	0xb0219000	                        com.microsoft.Word	IdentityAuthenticationCredStore	ibzdd	Information 	[COfficeCredStore] InitInstance {"Message": "InitInstance succeeded!"}	BF1D3AD9-8E4C-47A3-BBB7-26ACB08F2F79 
06/09/2016 14:36:41.684 	com.microsoft.Word	0xb0197000	                        com.microsoft.Word	OfficeServicesManager	a1t8f	Information 	OfficeServicesManagerBase::GetConnectedServices {"Message": "GetConnectedServices() was called."}	BF1D3AD9-8E4C-47A3-BBB7-26ACB08F2F79 
06/09/2016 14:36:41.685 	com.microsoft.Word	0xb0197000	                        com.microsoft.Word	FileUIKit	iam60	Information 	[ConnectedServicesCallback] ServicesNotification {"AddedServices": 0, "TypeOfAddedServices": "", "RemovedServices": 0, "TypeOfRemovedServices": ""}	BF1D3AD9-8E4C-47A3-BBB7-26ACB08F2F79 
06/09/2016 14:36:41.685 	com.microsoft.Word	0xb0197000	                        com.microsoft.Word	OfficeServicesManager	a11to	Information 	[OfficeServicesManagerBase] GetConnectedServices {"Message": "GetConnectedServices() returned synchronously.", "UserId": null, "Capabilities": 16385, "Options": 22}	BF1D3AD9-8E4C-47A3-BBB7-26ACB08F2F79 
06/09/2016 14:36:41.687 	com.microsoft.Word	0xb0081000	                        com.microsoft.Word	IdentityAuthenticationCredStore	ibzd0	Information 	[COfficeCredStore] GetAuthScheme {"Message": "AuthScheme for Url.", "Proxy": "Proxy", "Url": "<Url is PII>", "AuthScheme": 0}	BF1D3AD9-8E4C-47A3-BBB7-26ACB08F2F79 
06/09/2016 14:36:41.687 	com.microsoft.Word	0xb0081000	                        com.microsoft.Word	IdentityDocToServiceMapping	azr7p	Information 	[DocToServiceMapping] GetLiveIdServiceParams {"Message": "No service params for Url.", "Url": "<Url is PII>", "DomainOnly": false}	BF1D3AD9-8E4C-47A3-BBB7-26ACB08F2F79 
06/09/2016 14:36:41.687 	com.microsoft.Word	0xb0081000	                        com.microsoft.Word	IdentityAuthenticationCredStore	ibzd0	Information 	[COfficeCredStore] GetAuthScheme {"Message": "AuthScheme for Url.", "Proxy": "Server", "Url": "<Url is PII>", "AuthScheme": 0}	BF1D3AD9-8E4C-47A3-BBB7-26ACB08F2F79 
06/09/2016 14:36:41.729 	com.microsoft.Word	0xb06ab000	                        com.microsoft.Word	OfficeSpace_DesktopClickstream	ibur2	Information 	Clickstream Logging {"tcid": 23392, "tcidParent": 0}	BF1D3AD9-8E4C-47A3-BBB7-26ACB08F2F79 
06/09/2016 14:36:41.810 	com.microsoft.Word	0xb0081000	                        com.microsoft.Word	Experiment Liblet	bd9vd	Information 	In PopulateFeatureNameForFlight {"FeatureName": "Microsoft.Office.Word.AXTableEditing", "Flight Name": "ofdqmachtdaur40"}	BF1D3AD9-8E4C-47A3-BBB7-26ACB08F2F79 
06/09/2016 14:36:41.810 	com.microsoft.Word	0xb0081000	                        com.microsoft.Word	Experiment Liblet	bddu6	Information 	Feature Query Status {"FeatureName": "Microsoft.Office.Word.AXTableEditing", "FlightName": "ofdqmachtdaur40", "TreatmentValue": 0}	BF1D3AD9-8E4C-47A3-BBB7-26ACB08F2F79 
06/09/2016 14:36:41.810 	com.microsoft.Word	0xb0081000	                        com.microsoft.Word	Experiment Liblet	bd9vd	Information 	In PopulateFeatureNameForFlight {"FeatureName": "Microsoft.Office.Outlook.TableSupport", "Flight Name": "ofilfmq4laqux40"}	BF1D3AD9-8E4C-47A3-BBB7-26ACB08F2F79 
06/09/2016 14:36:41.810 	com.microsoft.Word	0xb0081000	                        com.microsoft.Word	Experiment Liblet	bddu6	Information 	Feature Query Status {"FeatureName": "Microsoft.Office.Outlook.TableSupport", "FlightName": "ofilfmq4laqux40", "TreatmentValue": 0}	BF1D3AD9-8E4C-47A3-BBB7-26ACB08F2F79 
06/09/2016 14:36:41.810 	com.microsoft.Word	0xb0081000	                        com.microsoft.Word	Experiment Liblet	bd9vd	Information 	In PopulateFeatureNameForFlight {"FeatureName": "Microsoft.Office.Word.EnableWebScalingZoomReset", "Flight Name": "ofanpaeym3wxlz0"}	BF1D3AD9-8E4C-47A3-BBB7-26ACB08F2F79 
06/09/2016 14:36:41.810 	com.microsoft.Word	0xb0081000	                        com.microsoft.Word	Experiment Liblet	bddu6	Information 	Feature Query Status {"FeatureName": "Microsoft.Office.Word.EnableWebScalingZoomReset", "FlightName": "ofanpaeym3wxlz0", "TreatmentValue": 1}	BF1D3AD9-8E4C-47A3-BBB7-26ACB08F2F79 
06/09/2016 14:36:41.811 	com.microsoft.Word	0xb0081000	                        com.microsoft.Word	Experiment Liblet	bd9vd	Information 	In PopulateFeatureNameForFlight {"FeatureName": "Microsoft.Office.Word.ShowPasteboardPrintLayout", "Flight Name": "ofdl6xkd31gki20"}	BF1D3AD9-8E4C-47A3-BBB7-26ACB08F2F79 
06/09/2016 14:36:41.811 	com.microsoft.Word	0xb0081000	                        com.microsoft.Word	Experiment Liblet	bddu6	Information 	Feature Query Status {"FeatureName": "Microsoft.Office.Word.ShowPasteboardPrintLayout", "FlightName": "ofdl6xkd31gki20", "TreatmentValue": 1}	BF1D3AD9-8E4C-47A3-BBB7-26ACB08F2F79 
06/09/2016 14:36:41.811 	com.microsoft.Word	0xb0081000	                        com.microsoft.Word	Experiment Liblet	bd9vd	Information 	In PopulateFeatureNameForFlight {"FeatureName": "Microsoft.Office.Word.ContentControls", "Flight Name": "of3og1haea5zna0"}	BF1D3AD9-8E4C-47A3-BBB7-26ACB08F2F79 
06/09/2016 14:36:41.811 	com.microsoft.Word	0xb0081000	                        com.microsoft.Word	Experiment Liblet	bddu6	Information 	Feature Query Status {"FeatureName": "Microsoft.Office.Word.ContentControls", "FlightName": "of3og1haea5zna0", "TreatmentValue": 0}	BF1D3AD9-8E4C-47A3-BBB7-26ACB08F2F79 
06/09/2016 14:36:41.811 	com.microsoft.Word	0xb0081000	                        com.microsoft.Word	Experiment Liblet	bd9vd	Information 	In PopulateFeatureNameForFlight {"FeatureName": "Microsoft.Office.Word.NewProofingLogic", "Flight Name": "of2123d2f3tdkw0"}	BF1D3AD9-8E4C-47A3-BBB7-26ACB08F2F79 
06/09/2016 14:36:41.811 	com.microsoft.Word	0xb0081000	                        com.microsoft.Word	Experiment Liblet	bddu6	Information 	Feature Query Status {"FeatureName": "Microsoft.Office.Word.NewProofingLogic", "FlightName": "of2123d2f3tdkw0", "TreatmentValue": 1}	BF1D3AD9-8E4C-47A3-BBB7-26ACB08F2F79 
06/09/2016 14:36:41.811 	com.microsoft.Word	0xb0081000	                        com.microsoft.Word	Experiment Liblet	bd9vd	Information 	In PopulateFeatureNameForFlight {"FeatureName": "Microsoft.Office.Word.UseBCSForPDFConversion", "Flight Name": "ofsdr6zu5duwrk0"}	BF1D3AD9-8E4C-47A3-BBB7-26ACB08F2F79 
06/09/2016 14:36:41.811 	com.microsoft.Word	0xb0081000	                        com.microsoft.Word	Experiment Liblet	bddu6	Information 	Feature Query Status {"FeatureName": "Microsoft.Office.Word.UseBCSForPDFConversion", "FlightName": "ofsdr6zu5duwrk0", "TreatmentValue": 0}	BF1D3AD9-8E4C-47A3-BBB7-26ACB08F2F79 
06/09/2016 14:36:41.811 	com.microsoft.Word	0xb0081000	                        com.microsoft.Word	MBU Ungraceful Exit Logging	ibak3	Information 	Previous process session exited gracefully {"ExitWasGraceful": true, "SessionId": "BD7CED75-050D-4232-B6FC-34881A768443", "SessionStartTime": 2016-06-09T14:32:39Z, "SessionVersion": "15.19.1", "SessionBuildNumber": "160212", "SessionDuration": 2001-01-01T00:00:25Z, "StackHash": null, "MERPSessionID": null, "SessionIDSMatch": false}	BF1D3AD9-8E4C-47A3-BBB7-26ACB08F2F79 
06/09/2016 14:36:41.841 	com.microsoft.Word	0xb0935000	                        com.microsoft.Word	Mbukernel	ib7u3	Information 	MBUApplication Boot Start {"bootTimeStaticInit": 154198434319, "bootTimeMainStart": 154198817657, "bootTimeFinishLaunchStart": 154198843458, "bootTimeFinishLaunchEnd": 154199791046}	BF1D3AD9-8E4C-47A3-BBB7-26ACB08F2F79 
06/09/2016 14:36:41.857 	com.microsoft.Word	0xb0935000	                        com.microsoft.Word	Word Logging	ib9s3	Information 	WDAppDelegate::applicationDidFinishLaunching:Start	BF1D3AD9-8E4C-47A3-BBB7-26ACB08F2F79 
06/09/2016 14:36:41.858 	com.microsoft.Word	0xb031d000	                        com.microsoft.Word	Word Logging	ib9s9	Information 	WDAppDelegate::doSetupUIExperience:Start	BF1D3AD9-8E4C-47A3-BBB7-26ACB08F2F79 
06/09/2016 14:36:41.858 	com.microsoft.Word	0xb031d000	                        com.microsoft.Word	Word Logging	ib9s8	Information 	WDAppDelegate::showDocStage	BF1D3AD9-8E4C-47A3-BBB7-26ACB08F2F79 
06/09/2016 14:36:41.858 	com.microsoft.Word	0xb031d000	                        com.microsoft.Word	Word Logging	ib9ta	Information 	WDAppDelegate::doSetupUIExperience:End	BF1D3AD9-8E4C-47A3-BBB7-26ACB08F2F79 
06/09/2016 14:36:41.858 	com.microsoft.Word	0xb031d000	                        com.microsoft.Word	Word Logging	ib9s4	Information 	WDAppDelegate::applicationDidFinishLaunching:End {"DidFinishLaunching": false, "ShowWhatsNew": true}	BF1D3AD9-8E4C-47A3-BBB7-26ACB08F2F79 
06/09/2016 14:36:41.858 	com.microsoft.Word	0xb031d000	                        com.microsoft.Word	Mbukernel	ib7u4	Information 	MBUApplication Boot Finish {"bootTimeLaunchDidFinish": 154199808682}	BF1D3AD9-8E4C-47A3-BBB7-26ACB08F2F79 
06/09/2016 14:36:41.861 	com.microsoft.Word	0xb0935000	                        com.microsoft.Word	TimerScope	ian13	Information 	{"ID": "word.active", "Instance": 2, "Action": "Start"}	BF1D3AD9-8E4C-47A3-BBB7-26ACB08F2F79 
06/09/2016 14:36:41.861 	com.microsoft.Word	0xb0935000	                        com.microsoft.Word	TimerScope	ian14	Information 	{"ID": "word.bootMainToActive", "Instance": 1, "Action": "Stop", "Result": 1115737}	BF1D3AD9-8E4C-47A3-BBB7-26ACB08F2F79 
06/09/2016 14:36:41.861 	com.microsoft.Word	0xb031d000	                        com.microsoft.Word	ULS.Heartbeat	iaaaa	Information 	99F47D71-AB01-5520-8C30-26038757B88D	BF1D3AD9-8E4C-47A3-BBB7-26ACB08F2F79 
06/09/2016 14:36:41.862 	com.microsoft.Word	0xb0935000	                        com.microsoft.Word	Mbukernel	ib7u5	Information 	MBUApplication Boot Idle {"bootTimeIdle": 154199812626}	BF1D3AD9-8E4C-47A3-BBB7-26ACB08F2F79 
06/09/2016 14:36:41.863 	com.microsoft.Word	0xb08b3000	                        com.microsoft.Word	IdentityAuthenticationCredStore	ibzdd	Information 	[COfficeCredStore] InitInstance {"Message": "InitInstance succeeded!"}	BF1D3AD9-8E4C-47A3-BBB7-26ACB08F2F79 
06/09/2016 14:36:41.868 	com.microsoft.Word	0xb031d000	                        com.microsoft.Word	Csi Telemetry	ibqd7	Warning 	CSI reported an event {"TelemetryId": 666160, "TelemetryType": 777041, "ServerFileID": "", "Details": "", "FutureUse1": "", "FutureUse2": "", "FutureUse3": "", "FutureUse4": "", "FutureUse5": ""}	BF1D3AD9-8E4C-47A3-BBB7-26ACB08F2F79 
06/09/2016 14:36:41.868 	com.microsoft.Word	0xb031d000	                        com.microsoft.Word	MruServiceApi	axqsb	Information 	MruServiceApi: MruDocumentsApi: READ called {"UniqueId": "UnsignedUser", "Application": "Word", "Locale": "en-US", "MaxItems": 100, "ItemOptions": 14, "CorrelationId": "7930ACBF-1045-4736-8043-9779EECBFBDC"}	BF1D3AD9-8E4C-47A3-BBB7-26ACB08F2F79 
06/09/2016 14:36:41.869 	com.microsoft.Word	0xb031d000	                        com.microsoft.Word	MruServiceApi	axqsf	Information 	MruServiceApi: MruDocumentsApi: READ - cached items callback {"UniqueId": "UnsignedUser", "Application": "Word", "Locale": "en-US", "RequestDuration": 0, "NumberOfItems": 0, "MaxItems": 100}	BF1D3AD9-8E4C-47A3-BBB7-26ACB08F2F79 
06/09/2016 14:36:41.869 	com.microsoft.Word	0xb06ab000	                        com.microsoft.Word	Memory Resource Usage	beo99	Information 	CurrentProcessWideMemoryUsage {"ScopeInstance": 4, "BytesUsedDelta": 110592, "BytesUsedAtComplete": 84176896}	BF1D3AD9-8E4C-47A3-BBB7-26ACB08F2F79 
06/09/2016 14:36:41.869 	com.microsoft.Word	0xb06ab000	                        com.microsoft.Word	Scope Summary	beo99	Information 	{"ScopeName": "MruDocumentsApi::ReadRequest", "StartTime": 2016-06-09T14:36:41Z, "DurationToCompleteInMilliseconds": 0, "DurationToCompleteInMillisecondsHighPrecision": 0.291914, "ScopeInstance": 4, "ScopeParentInstance": 0, "TopActivityInstance": 4, "Success": true}	BF1D3AD9-8E4C-47A3-BBB7-26ACB08F2F79 
06/09/2016 14:36:41.870 	com.microsoft.Word	0xb0115000	                        com.microsoft.Word	MruServiceApi	axqsb	Information 	MruServiceApi: MruDocumentsApi: READ called {"UniqueId": "UnsignedUser", "Application": "Word", "Locale": "en-US", "MaxItems": 100, "ItemOptions": 14, "CorrelationId": "B8A17747-1A98-445E-AE6A-848A9FD1181C"}	BF1D3AD9-8E4C-47A3-BBB7-26ACB08F2F79 
06/09/2016 14:36:41.870 	com.microsoft.Word	0xb0115000	                        com.microsoft.Word	MruServiceApi	axqsf	Information 	MruServiceApi: MruDocumentsApi: READ - cached items callback {"UniqueId": "UnsignedUser", "Application": "Word", "Locale": "en-US", "RequestDuration": 0, "NumberOfItems": 0, "MaxItems": 100}	BF1D3AD9-8E4C-47A3-BBB7-26ACB08F2F79 
06/09/2016 14:36:41.870 	com.microsoft.Word	0xb0115000	                        com.microsoft.Word	Memory Resource Usage	beo99	Information 	CurrentProcessWideMemoryUsage {"ScopeInstance": 5, "BytesUsedDelta": 12288, "BytesUsedAtComplete": 84418560}	BF1D3AD9-8E4C-47A3-BBB7-26ACB08F2F79 
06/09/2016 14:36:41.870 	com.microsoft.Word	0xb0115000	                        com.microsoft.Word	Scope Summary	beo99	Information 	{"ScopeName": "MruDocumentsApi::ReadRequest", "StartTime": 2016-06-09T14:36:41Z, "DurationToCompleteInMilliseconds": 0, "DurationToCompleteInMillisecondsHighPrecision": 0.091979, "ScopeInstance": 5, "ScopeParentInstance": 0, "TopActivityInstance": 5, "Success": true}	BF1D3AD9-8E4C-47A3-BBB7-26ACB08F2F79 
06/09/2016 14:36:41.871 	com.microsoft.Word	0xb06ab000	                        com.microsoft.Word	Word Logging	ibse6	Information 	TmcDoOffFileNew:Start	BF1D3AD9-8E4C-47A3-BBB7-26ACB08F2F79 
06/09/2016 14:36:41.871 	com.microsoft.Word	0xb06ab000	                        com.microsoft.Word	Word Logging	ib9s6	Information 	WDAppDelegate:openDocStage:Start {"ConfigFlags": 4}	BF1D3AD9-8E4C-47A3-BBB7-26ACB08F2F79 
06/09/2016 14:36:41.871 	com.microsoft.Word	0xb06ab000	                        com.microsoft.Word	FileUIKit	ib5fn	Information 	Switching tabs {"TabId": 1}	BF1D3AD9-8E4C-47A3-BBB7-26ACB08F2F79 
06/09/2016 14:36:41.918 	com.microsoft.Word	0xb06ab000	                        com.microsoft.Word	OfficeServicesManager	a1t8f	Information 	OfficeServicesManagerBase::GetConnectedServices {"Message": "GetConnectedServices() was called."}	BF1D3AD9-8E4C-47A3-BBB7-26ACB08F2F79 
06/09/2016 14:36:41.919 	com.microsoft.Word	0xb0629000	                        com.microsoft.Word	FileUIKit	iam60	Information 	[ConnectedServicesCallback] ServicesNotification {"AddedServices": 0, "TypeOfAddedServices": "", "RemovedServices": 0, "TypeOfRemovedServices": ""}	BF1D3AD9-8E4C-47A3-BBB7-26ACB08F2F79 
06/09/2016 14:36:41.919 	com.microsoft.Word	0xb0629000	                        com.microsoft.Word	OfficeServicesManager	a11to	Information 	[OfficeServicesManagerBase] GetConnectedServices {"Message": "GetConnectedServices() returned synchronously.", "UserId": null, "Capabilities": 16385, "Options": 22}	BF1D3AD9-8E4C-47A3-BBB7-26ACB08F2F79 
06/09/2016 14:36:41.923 	com.microsoft.Word	0xb0629000	                        com.microsoft.Word	WebServiceApi	ayvua	Information 	[ServiceRequestHelper] ProcessRequest {"Message": "Request was Successfully processed", "RequestId": 2, "HttpStatusCode": 200}	BF1D3AD9-8E4C-47A3-BBB7-26ACB08F2F79 
06/09/2016 14:36:41.923 	com.microsoft.Word	0xb06ab000	                        com.microsoft.Word	OfficeServicesManager	a11tv	Information 	[CatalogRequestCallback] OnSuccessStruct {"Message": "The web call to fetch the service catalog succeeded."}	BF1D3AD9-8E4C-47A3-BBB7-26ACB08F2F79 
06/09/2016 14:36:41.963 	com.microsoft.Word	0xb031d000	                        com.microsoft.Word	File New	ib5dh	Information 	Number of custom template thumbnails rendered in DocStage at app launch {"custom template thumbnail Count": 0}	BF1D3AD9-8E4C-47A3-BBB7-26ACB08F2F79 
06/09/2016 14:36:41.999 	com.microsoft.Word	0xb031d000	                        com.microsoft.Word	Word Logging	ib9s7	Information 	WDAppDelegate:openDocStage:End	BF1D3AD9-8E4C-47A3-BBB7-26ACB08F2F79 
06/09/2016 14:36:41.999 	com.microsoft.Word	0xb031d000	                        com.microsoft.Word	Word Logging	ibse7	Information 	TmcDoOffFileNew:End {"TmcResult": 1}	BF1D3AD9-8E4C-47A3-BBB7-26ACB08F2F79 
06/09/2016 14:36:41.999 	com.microsoft.Word	0xb06ab000	                        com.microsoft.Word	MruServiceApi	axqsb	Information 	MruServiceApi: MruDocumentsApi: READ called {"UniqueId": "UnsignedUser", "Application": "Word", "Locale": "en-US", "MaxItems": 100, "ItemOptions": 14, "CorrelationId": "3ED37709-F0EA-42B2-8BD2-2071307FEC7B"}	BF1D3AD9-8E4C-47A3-BBB7-26ACB08F2F79 
06/09/2016 14:36:41.999 	com.microsoft.Word	0xb031d000	                        com.microsoft.Word	MruServiceApi	axqsf	Information 	MruServiceApi: MruDocumentsApi: READ - cached items callback {"UniqueId": "UnsignedUser", "Application": "Word", "Locale": "en-US", "RequestDuration": 0, "NumberOfItems": 0, "MaxItems": 100}	BF1D3AD9-8E4C-47A3-BBB7-26ACB08F2F79 
06/09/2016 14:36:41.999 	com.microsoft.Word	0xb031d000	                        com.microsoft.Word	Memory Resource Usage	beo99	Information 	CurrentProcessWideMemoryUsage {"ScopeInstance": 6, "BytesUsedDelta": 4096, "BytesUsedAtComplete": 87015424}	BF1D3AD9-8E4C-47A3-BBB7-26ACB08F2F79 
06/09/2016 14:36:41.999 	com.microsoft.Word	0xb031d000	                        com.microsoft.Word	Scope Summary	beo99	Information 	{"ScopeName": "MruDocumentsApi::ReadRequest", "StartTime": 2016-06-09T14:36:41Z, "DurationToCompleteInMilliseconds": 0, "DurationToCompleteInMillisecondsHighPrecision": 0.113648, "ScopeInstance": 6, "ScopeParentInstance": 0, "TopActivityInstance": 6, "Success": true}	BF1D3AD9-8E4C-47A3-BBB7-26ACB08F2F79 
06/09/2016 14:36:42.120 	com.microsoft.Word	0xb0081000	                        com.microsoft.Word	FileUIKit	icdcl	Information 	DocStage Ready For Input {"docStageReadyForInput": 154200069808}	BF1D3AD9-8E4C-47A3-BBB7-26ACB08F2F79 
06/09/2016 14:36:42.120 	com.microsoft.Word	0xb031d000	                        com.microsoft.Word	Identity Authentication Client	a07y2	Warning 	[IdentityManager] GetIdentityForUniqueId {"Message": "Could not get identity for empty id."}	BF1D3AD9-8E4C-47A3-BBB7-26ACB08F2F79 
06/09/2016 14:36:42.120 	com.microsoft.Word	0xb031d000	                        com.microsoft.Word	MruServiceApi	axqsb	Information 	MruServiceApi: MruDocumentsApi: READ called {"UniqueId": "UnsignedUser", "Application": "Word", "Locale": "en-US", "MaxItems": 100, "ItemOptions": 14, "CorrelationId": "D4848A5C-66F8-48DA-8D47-C722E9B4C05E"}	BF1D3AD9-8E4C-47A3-BBB7-26ACB08F2F79 
06/09/2016 14:36:42.120 	com.microsoft.Word	0xb031d000	                        com.microsoft.Word	MruServiceApi	axqsf	Information 	MruServiceApi: MruDocumentsApi: READ - cached items callback {"UniqueId": "UnsignedUser", "Application": "Word", "Locale": "en-US", "RequestDuration": 0, "NumberOfItems": 0, "MaxItems": 100}	BF1D3AD9-8E4C-47A3-BBB7-26ACB08F2F79 
06/09/2016 14:36:42.120 	com.microsoft.Word	0xb031d000	                        com.microsoft.Word	Memory Resource Usage	beo99	Information 	CurrentProcessWideMemoryUsage {"ScopeInstance": 7, "BytesUsedDelta": 8192, "BytesUsedAtComplete": 120938496}	BF1D3AD9-8E4C-47A3-BBB7-26ACB08F2F79 
06/09/2016 14:36:42.120 	com.microsoft.Word	0xb031d000	                        com.microsoft.Word	Scope Summary	beo99	Information 	{"ScopeName": "MruDocumentsApi::ReadRequest", "StartTime": 2016-06-09T14:36:42Z, "DurationToCompleteInMilliseconds": 0, "DurationToCompleteInMillisecondsHighPrecision": 0.142403, "ScopeInstance": 7, "ScopeParentInstance": 0, "TopActivityInstance": 7, "Success": true}	BF1D3AD9-8E4C-47A3-BBB7-26ACB08F2F79 
06/09/2016 14:36:42.120 	com.microsoft.Word	0xb031d000	                        com.microsoft.Word	Identity Authentication Client	a07y2	Warning 	[IdentityManager] GetIdentityForUniqueId {"Message": "Could not get identity for empty id."}	BF1D3AD9-8E4C-47A3-BBB7-26ACB08F2F79 
06/09/2016 14:36:42.121 	com.microsoft.Word	0xb0b3d000	                        com.microsoft.Word	MruServiceApi	axqsb	Information 	MruServiceApi: MruDocumentsApi: READ called {"UniqueId": "UnsignedUser", "Application": "Word", "Locale": "en-US", "MaxItems": 100, "ItemOptions": 14, "CorrelationId": "6E9BBD30-B82B-4AEE-B19F-0AD4AEA95F57"}	BF1D3AD9-8E4C-47A3-BBB7-26ACB08F2F79 
06/09/2016 14:36:42.121 	com.microsoft.Word	0xb0b3d000	                        com.microsoft.Word	MruServiceApi	axqsf	Information 	MruServiceApi: MruDocumentsApi: READ - cached items callback {"UniqueId": "UnsignedUser", "Application": "Word", "Locale": "en-US", "RequestDuration": 0, "NumberOfItems": 0, "MaxItems": 100}	BF1D3AD9-8E4C-47A3-BBB7-26ACB08F2F79 
06/09/2016 14:36:42.121 	com.microsoft.Word	0xb0b3d000	                        com.microsoft.Word	Memory Resource Usage	beo99	Information 	CurrentProcessWideMemoryUsage {"ScopeInstance": 8, "BytesUsedDelta": 8192, "BytesUsedAtComplete": 120958976}	BF1D3AD9-8E4C-47A3-BBB7-26ACB08F2F79 
06/09/2016 14:36:42.121 	com.microsoft.Word	0xb0b3d000	                        com.microsoft.Word	Scope Summary	beo99	Information 	{"ScopeName": "MruDocumentsApi::ReadRequest", "StartTime": 2016-06-09T14:36:42Z, "DurationToCompleteInMilliseconds": 0, "DurationToCompleteInMillisecondsHighPrecision": 0.087881, "ScopeInstance": 8, "ScopeParentInstance": 0, "TopActivityInstance": 8, "Success": true}	BF1D3AD9-8E4C-47A3-BBB7-26ACB08F2F79 
06/09/2016 14:36:42.125 	com.microsoft.Word	0xb0cc3000	                        com.microsoft.Word	Identity Authentication Client	a07y2	Warning 	[IdentityManager] GetIdentityForUniqueId {"Message": "Could not get identity for empty id."}	BF1D3AD9-8E4C-47A3-BBB7-26ACB08F2F79 
06/09/2016 14:36:42.126 	com.microsoft.Word	0xb0dc7000	                        com.microsoft.Word	Identity Authentication Client	a07y2	Warning 	[IdentityManager] GetIdentityForUniqueId {"Message": "Could not get identity for empty id."}	BF1D3AD9-8E4C-47A3-BBB7-26ACB08F2F79 
06/09/2016 14:36:42.126 	com.microsoft.Word	0xb0dc7000	                        com.microsoft.Word	Identity Authentication Client	a07y2	Warning 	[IdentityManager] GetIdentityForUniqueId {"Message": "Could not get identity for empty id."}	BF1D3AD9-8E4C-47A3-BBB7-26ACB08F2F79 
06/09/2016 14:36:42.126 	com.microsoft.Word	0xb0dc7000	                        com.microsoft.Word	MruServiceApi	axqsb	Information 	MruServiceApi: MruDocumentsApi: READ called {"UniqueId": "UnsignedUser", "Application": "Word", "Locale": "en-US", "MaxItems": 100, "ItemOptions": 14, "CorrelationId": "747CC83A-0A74-49DB-91D4-1984F1CDC74B"}	BF1D3AD9-8E4C-47A3-BBB7-26ACB08F2F79 
06/09/2016 14:36:42.126 	com.microsoft.Word	0xb0dc7000	                        com.microsoft.Word	MruServiceApi	axqsf	Information 	MruServiceApi: MruDocumentsApi: READ - cached items callback {"UniqueId": "UnsignedUser", "Application": "Word", "Locale": "en-US", "RequestDuration": 0, "NumberOfItems": 0, "MaxItems": 100}	BF1D3AD9-8E4C-47A3-BBB7-26ACB08F2F79 
06/09/2016 14:36:42.126 	com.microsoft.Word	0xb0dc7000	                        com.microsoft.Word	Memory Resource Usage	beo99	Information 	CurrentProcessWideMemoryUsage {"ScopeInstance": 9, "BytesUsedDelta": 0, "BytesUsedAtComplete": 121061376}	BF1D3AD9-8E4C-47A3-BBB7-26ACB08F2F79 
06/09/2016 14:36:42.126 	com.microsoft.Word	0xb0dc7000	                        com.microsoft.Word	Scope Summary	beo99	Information 	{"ScopeName": "MruDocumentsApi::ReadRequest", "StartTime": 2016-06-09T14:36:42Z, "DurationToCompleteInMilliseconds": 0, "DurationToCompleteInMillisecondsHighPrecision": 0.146868, "ScopeInstance": 9, "ScopeParentInstance": 0, "TopActivityInstance": 9, "Success": true}	BF1D3AD9-8E4C-47A3-BBB7-26ACB08F2F79 
06/09/2016 14:36:42.147 	com.microsoft.Word	0xb0ecb000	                        com.microsoft.Word	Identity Authentication Client	a07y2	Warning 	[IdentityManager] GetIdentityForUniqueId {"Message": "Could not get identity for empty id."}	BF1D3AD9-8E4C-47A3-BBB7-26ACB08F2F79 
06/09/2016 14:36:42.177 	com.microsoft.Word	0xb0b3d000	                        com.microsoft.Word	MruServiceApi	axqsb	Information 	MruServiceApi: MruDocumentsApi: READ called {"UniqueId": "UnsignedUser", "Application": "Word", "Locale": "en-US", "MaxItems": 100, "ItemOptions": 14, "CorrelationId": "6C217F18-F430-4C30-8931-FE13233546C7"}	BF1D3AD9-8E4C-47A3-BBB7-26ACB08F2F79 
06/09/2016 14:36:42.177 	com.microsoft.Word	0xb0b3d000	                        com.microsoft.Word	MruServiceApi	axqsf	Information 	MruServiceApi: MruDocumentsApi: READ - cached items callback {"UniqueId": "UnsignedUser", "Application": "Word", "Locale": "en-US", "RequestDuration": 0, "NumberOfItems": 0, "MaxItems": 100}	BF1D3AD9-8E4C-47A3-BBB7-26ACB08F2F79 
06/09/2016 14:36:42.177 	com.microsoft.Word	0xb0b3d000	                        com.microsoft.Word	Memory Resource Usage	beo99	Information 	CurrentProcessWideMemoryUsage {"ScopeInstance": 10, "BytesUsedDelta": 0, "BytesUsedAtComplete": 119697408}	BF1D3AD9-8E4C-47A3-BBB7-26ACB08F2F79 
06/09/2016 14:36:42.177 	com.microsoft.Word	0xb0b3d000	                        com.microsoft.Word	Scope Summary	beo99	Information 	{"ScopeName": "MruDocumentsApi::ReadRequest", "StartTime": 2016-06-09T14:36:42Z, "DurationToCompleteInMilliseconds": 0, "DurationToCompleteInMillisecondsHighPrecision": 0.121378, "ScopeInstance": 10, "ScopeParentInstance": 0, "TopActivityInstance": 10, "Success": true}	BF1D3AD9-8E4C-47A3-BBB7-26ACB08F2F79 
06/09/2016 14:36:42.188 	com.microsoft.Word	0xb0c41000	                        com.microsoft.Word	Identity Authentication Client	a07y2	Warning 	[IdentityManager] GetIdentityForUniqueId {"Message": "Could not get identity for empty id."}	BF1D3AD9-8E4C-47A3-BBB7-26ACB08F2F79 
06/09/2016 14:36:42.200 	com.microsoft.Word	0xb0c41000	                        com.microsoft.Word	OfficeServicesManager	a11uh	Information 	[CallBackItem] NotifyCallback {"Message": "Callback was notified.", "UserId": ""}	BF1D3AD9-8E4C-47A3-BBB7-26ACB08F2F79 
06/09/2016 14:36:42.200 	com.microsoft.Word	0xb0c41000	                        com.microsoft.Word	FileUIKit	iam60	Information 	[ConnectedServicesCallback] ServicesNotification {"AddedServices": 0, "TypeOfAddedServices": "", "RemovedServices": 0, "TypeOfRemovedServices": ""}	BF1D3AD9-8E4C-47A3-BBB7-26ACB08F2F79 
06/09/2016 14:36:42.200 	com.microsoft.Word	0xb0c41000	                        com.microsoft.Word	OfficeServicesManager	a11uh	Information 	[CallBackItem] NotifyCallback {"Message": "Callback was notified.", "UserId": ""}	BF1D3AD9-8E4C-47A3-BBB7-26ACB08F2F79 
06/09/2016 14:36:42.202 	com.microsoft.Word	0xb0c41000	                        com.microsoft.Word	MruServiceApi	axqsb	Information 	MruServiceApi: MruDocumentsApi: READ called {"UniqueId": "UnsignedUser", "Application": "Word", "Locale": "en-US", "MaxItems": 100, "ItemOptions": 14, "CorrelationId": "7CD81F0A-35B2-4E7F-A3CC-E8F1A9B16384"}	BF1D3AD9-8E4C-47A3-BBB7-26ACB08F2F79 
06/09/2016 14:36:42.202 	com.microsoft.Word	0xb0dc7000	                        com.microsoft.Word	MruServiceApi	axqsf	Information 	MruServiceApi: MruDocumentsApi: READ - cached items callback {"UniqueId": "UnsignedUser", "Application": "Word", "Locale": "en-US", "RequestDuration": 0, "NumberOfItems": 0, "MaxItems": 100}	BF1D3AD9-8E4C-47A3-BBB7-26ACB08F2F79 
06/09/2016 14:36:42.202 	com.microsoft.Word	0xb0dc7000	                        com.microsoft.Word	Memory Resource Usage	beo99	Information 	CurrentProcessWideMemoryUsage {"ScopeInstance": 11, "BytesUsedDelta": 0, "BytesUsedAtComplete": 119758848}	BF1D3AD9-8E4C-47A3-BBB7-26ACB08F2F79 
06/09/2016 14:36:42.202 	com.microsoft.Word	0xb0dc7000	                        com.microsoft.Word	Scope Summary	beo99	Information 	{"ScopeName": "MruDocumentsApi::ReadRequest", "StartTime": 2016-06-09T14:36:42Z, "DurationToCompleteInMilliseconds": 0, "DurationToCompleteInMillisecondsHighPrecision": 0.112877, "ScopeInstance": 11, "ScopeParentInstance": 0, "TopActivityInstance": 11, "Success": true}	BF1D3AD9-8E4C-47A3-BBB7-26ACB08F2F79 
06/09/2016 14:36:42.202 	com.microsoft.Word	0xb1051000	                        com.microsoft.Word	Identity Authentication Client	a07y2	Warning 	[IdentityManager] GetIdentityForUniqueId {"Message": "Could not get identity for empty id."}	BF1D3AD9-8E4C-47A3-BBB7-26ACB08F2F79 
06/09/2016 14:36:42.492 	com.microsoft.Word	0xb0b3d000	                        com.microsoft.Word	Roaming	axaew	Information 	CacheManager::CleanUpCachedUsers {"Message": "Beginning to run CleanUpCachedUsers"}	BF1D3AD9-8E4C-47A3-BBB7-26ACB08F2F79 
06/09/2016 14:36:42.492 	com.microsoft.Word	0xb0b3d000	                        com.microsoft.Word	Roaming	axaey	Information 	CacheManager::CleanUpCachedUsers {"Message": "Finished CleanUpCachedUsers"}	BF1D3AD9-8E4C-47A3-BBB7-26ACB08F2F79 
06/09/2016 14:36:43.744 	com.microsoft.Word	0xb1051000	                        com.microsoft.Word	TimerScope	ian13	Information 	{"ID": "word.open", "Instance": 3, "Action": "Start"}	BF1D3AD9-8E4C-47A3-BBB7-26ACB08F2F79 
06/09/2016 14:36:43.776 	com.microsoft.Word	0xb0b3d000	                        com.microsoft.Word	OUIRibbonGroupTitles	iblk8	Information 	Ribbon Group Titles Preference on Launch {"ShouldShowGroupTitles": false}	BF1D3AD9-8E4C-47A3-BBB7-26ACB08F2F79 
06/09/2016 14:36:44.084 	com.microsoft.Word	0xb1051000	                        com.microsoft.Word	Word Display	icdqr	Information 	UpdateWwdStart {"pdod": 0x0x7c51a400, "Doc Kind": "Doc", "pmwd": 0x0x82bc6c10, "hwwd": 0x0x7c41da78, "hwnd": 0x000000x0, "View Type": "Draft", "Pct Zoom": 100, "RM View": true, "rcwDisp.xp": 0, "rcwDisp.yp": 0, "rcwDisp.dxp": 1215, "rcwDisp.dyp": 1034}	BF1D3AD9-8E4C-47A3-BBB7-26ACB08F2F79 
06/09/2016 14:36:44.093 	com.microsoft.Word	0xb1051000	                        com.microsoft.Word	Word Display	icdqp	Information 	UpdateWwdStop	BF1D3AD9-8E4C-47A3-BBB7-26ACB08F2F79 
06/09/2016 14:36:44.133 	com.microsoft.Word	0xb1051000	                        com.microsoft.Word	Word View	ib760	Information 	WwdViewTypeChange {"Caller": "CmdPageViewOnCpSee", "pdodMain": 0x0x7c51a400, "pmwd": 0x0x82bc6c10, "hwwd": 0x0x7c41da78, "Old View Type": "Draft", "New View Type": "Page"}	BF1D3AD9-8E4C-47A3-BBB7-26ACB08F2F79 
06/09/2016 14:36:44.137 	com.microsoft.Word	0xb0dc7000	                        com.microsoft.Word	Word Display	icdqr	Information 	UpdateWwdStart {"pdod": 0x0x7c51a400, "Doc Kind": "Doc", "pmwd": 0x0x82bc6c10, "hwwd": 0x0x7c41da78, "hwnd": 0x000000x0, "View Type": "Page", "Pct Zoom": 100, "RM View": true, "rcwDisp.xp": 0, "rcwDisp.yp": 0, "rcwDisp.dxp": 1215, "rcwDisp.dyp": 1034}	BF1D3AD9-8E4C-47A3-BBB7-26ACB08F2F79 
06/09/2016 14:36:44.145 	com.microsoft.Word	0xb0dc7000	                        com.microsoft.Word	Word Display	icdqp	Information 	UpdateWwdStop	BF1D3AD9-8E4C-47A3-BBB7-26ACB08F2F79 
06/09/2016 14:36:44.146 	com.microsoft.Word	0xb0dc7000	                        com.microsoft.Word	Word Display	icdqr	Information 	UpdateWwdStart {"pdod": 0x0x7c51a400, "Doc Kind": "Doc", "pmwd": 0x0x82bc6c10, "hwwd": 0x0x7c41da78, "hwnd": 0x000000x0, "View Type": "Page", "Pct Zoom": 100, "RM View": true, "rcwDisp.xp": 0, "rcwDisp.yp": 0, "rcwDisp.dxp": 1215, "rcwDisp.dyp": 1034}	BF1D3AD9-8E4C-47A3-BBB7-26ACB08F2F79 
06/09/2016 14:36:44.146 	com.microsoft.Word	0xb0dc7000	                        com.microsoft.Word	Word Display	icdqp	Information 	UpdateWwdStop	BF1D3AD9-8E4C-47A3-BBB7-26ACB08F2F79 
06/09/2016 14:36:44.146 	com.microsoft.Word	0xb0dc7000	                        com.microsoft.Word	Word Display	icdqr	Information 	UpdateWwdStart {"pdod": 0x0x7c51a400, "Doc Kind": "Doc", "pmwd": 0x0x82bc6c10, "hwwd": 0x0x7c41da78, "hwnd": 0x000000x0, "View Type": "Page", "Pct Zoom": 100, "RM View": true, "rcwDisp.xp": 0, "rcwDisp.yp": 0, "rcwDisp.dxp": 1215, "rcwDisp.dyp": 1034}	BF1D3AD9-8E4C-47A3-BBB7-26ACB08F2F79 
06/09/2016 14:36:44.146 	com.microsoft.Word	0xb0dc7000	                        com.microsoft.Word	Word Display	icdqp	Information 	UpdateWwdStop	BF1D3AD9-8E4C-47A3-BBB7-26ACB08F2F79 
06/09/2016 14:36:44.175 	com.microsoft.Word	0xb0dc7000	                        com.microsoft.Word	Word Display	icdqr	Information 	UpdateWwdStart {"pdod": 0x0x7c51a400, "Doc Kind": "Doc", "pmwd": 0x0x82bc6c10, "hwwd": 0x0x7c41da78, "hwnd": 0x000000x0, "View Type": "Page", "Pct Zoom": 100, "RM View": true, "rcwDisp.xp": 0, "rcwDisp.yp": 0, "rcwDisp.dxp": 1215, "rcwDisp.dyp": 1034}	BF1D3AD9-8E4C-47A3-BBB7-26ACB08F2F79 
06/09/2016 14:36:44.175 	com.microsoft.Word	0xb0c41000	                        com.microsoft.Word	Word Display	icdqp	Information 	UpdateWwdStop	BF1D3AD9-8E4C-47A3-BBB7-26ACB08F2F79 
06/09/2016 14:36:44.230 	com.microsoft.Word	0xb1051000	                        com.microsoft.Word	TimerScope	ian14	Information 	{"ID": "word.open", "Instance": 3, "Action": "Stop", "Result": 485753}	BF1D3AD9-8E4C-47A3-BBB7-26ACB08F2F79 
06/09/2016 14:36:44.231 	com.microsoft.Word	0xb1051000	                        com.microsoft.Word	FileProperty	ibbz0	Information 	File Open {"FileType": "", "FileSizeInKB": 0, "FileLocation": "LOCAL", "FileVersion": 15, "PageNumberCount": 1}	BF1D3AD9-8E4C-47A3-BBB7-26ACB08F2F79 
06/09/2016 14:36:44.231 	com.microsoft.Word	0xb1051000	                        com.microsoft.Word	File New	ibxbh	Information 	Create based on the template {"Source": "DocStage: Created new file", "TemplateType": "Blank Template", "TemplateLabel": "Blank Document", "TemplateId": "Blank"}	BF1D3AD9-8E4C-47A3-BBB7-26ACB08F2F79 
06/09/2016 14:36:44.250 	com.microsoft.Word	0xb0dc7000	                        com.microsoft.Word	Word Display	icdqr	Information 	UpdateWwdStart {"pdod": 0x0x7c51a400, "Doc Kind": "Doc", "pmwd": 0x0x82bc6c10, "hwwd": 0x0x7c41da78, "hwnd": 0x000000x0, "View Type": "Page", "Pct Zoom": 100, "RM View": true, "rcwDisp.xp": 0, "rcwDisp.yp": 0, "rcwDisp.dxp": 1215, "rcwDisp.dyp": 1034}	BF1D3AD9-8E4C-47A3-BBB7-26ACB08F2F79 
06/09/2016 14:36:44.250 	com.microsoft.Word	0xb0dc7000	                        com.microsoft.Word	Word Display	icdqp	Information 	UpdateWwdStop	BF1D3AD9-8E4C-47A3-BBB7-26ACB08F2F79 
06/09/2016 14:36:44.286 	com.microsoft.Word	0xb0c41000	                        com.microsoft.Word	ARC Telemetry	a1b9g	Information 	Factory is attempting to create new device	BF1D3AD9-8E4C-47A3-BBB7-26ACB08F2F79 
06/09/2016 14:36:44.378 	com.microsoft.Word	0xb0629000	                        com.microsoft.Word	Word Display	icdqr	Information 	UpdateWwdStart {"pdod": 0x0x7c51a400, "Doc Kind": "Doc", "pmwd": 0x0x82bc6c10, "hwwd": 0x0x7c41da78, "hwnd": 0x000000x0, "View Type": "Page", "Pct Zoom": 100, "RM View": true, "rcwDisp.xp": 0, "rcwDisp.yp": 0, "rcwDisp.dxp": 1215, "rcwDisp.dyp": 1034}	BF1D3AD9-8E4C-47A3-BBB7-26ACB08F2F79 
06/09/2016 14:36:44.378 	com.microsoft.Word	0xb0629000	                        com.microsoft.Word	Word Display	icdqp	Information 	UpdateWwdStop	BF1D3AD9-8E4C-47A3-BBB7-26ACB08F2F79 
06/09/2016 14:36:44.382 	com.microsoft.Word	0xb0b3d000	                        com.microsoft.Word	MruServiceApi	axqsb	Information 	MruServiceApi: MruDocumentsApi: READ called {"UniqueId": "UnsignedUser", "Application": "Word", "Locale": "en-US", "MaxItems": 100, "ItemOptions": 14, "CorrelationId": "3EE2A68A-8183-4064-848E-3C18D50B4147"}	BF1D3AD9-8E4C-47A3-BBB7-26ACB08F2F79 
06/09/2016 14:36:44.382 	com.microsoft.Word	0xb0b3d000	                        com.microsoft.Word	MruServiceApi	axqsf	Information 	MruServiceApi: MruDocumentsApi: READ - cached items callback {"UniqueId": "UnsignedUser", "Application": "Word", "Locale": "en-US", "RequestDuration": 0, "NumberOfItems": 0, "MaxItems": 100}	BF1D3AD9-8E4C-47A3-BBB7-26ACB08F2F79 
06/09/2016 14:36:44.382 	com.microsoft.Word	0xb0b3d000	                        com.microsoft.Word	Memory Resource Usage	beo99	Information 	CurrentProcessWideMemoryUsage {"ScopeInstance": 12, "BytesUsedDelta": 40960, "BytesUsedAtComplete": 152817664}	BF1D3AD9-8E4C-47A3-BBB7-26ACB08F2F79 
06/09/2016 14:36:44.382 	com.microsoft.Word	0xb0b3d000	                        com.microsoft.Word	Scope Summary	beo99	Information 	{"ScopeName": "MruDocumentsApi::ReadRequest", "StartTime": 2016-06-09T14:36:44Z, "DurationToCompleteInMilliseconds": 0, "DurationToCompleteInMillisecondsHighPrecision": 0.124454, "ScopeInstance": 12, "ScopeParentInstance": 0, "TopActivityInstance": 12, "Success": true}	BF1D3AD9-8E4C-47A3-BBB7-26ACB08F2F79 
06/09/2016 14:36:44.382 	com.microsoft.Word	0xb0b3d000	                        com.microsoft.Word	Identity Authentication Client	a07y2	Warning 	[IdentityManager] GetIdentityForUniqueId {"Message": "Could not get identity for empty id."}	BF1D3AD9-8E4C-47A3-BBB7-26ACB08F2F79 
06/09/2016 14:36:45.587 	com.microsoft.Word	0xb06ab000	                        com.microsoft.Word	OfficeSpace_DesktopClickstream	ibur2	Information 	Clickstream Logging {"tcid": 31801, "tcidParent": 474}	BF1D3AD9-8E4C-47A3-BBB7-26ACB08F2F79 
06/09/2016 14:36:46.926 	com.microsoft.Word	0xb0081000	                        com.microsoft.Word	OfficeSpace_DesktopClickstream	ibur2	Information 	Clickstream Logging {"tcid": 522, "tcidParent": 0}	BF1D3AD9-8E4C-47A3-BBB7-26ACB08F2F79 
06/09/2016 14:36:48.052 	com.microsoft.Word	0xb0b3d000	                        com.microsoft.Word	Office SDM Dialog Usage	ibzji	Information 	{"Content": "sdm_dlgt_dltCustGeneral"}	BF1D3AD9-8E4C-47A3-BBB7-26ACB08F2F79 
06/09/2016 14:36:53.228 	com.microsoft.Word	0xb1051000	                        com.microsoft.Word	Word Display	icdqr	Information 	UpdateWwdStart {"pdod": 0x0x7c51a400, "Doc Kind": "Doc", "pmwd": 0x0x82bc6c10, "hwwd": 0x0x7c41da78, "hwnd": 0x000000x0, "View Type": "Page", "Pct Zoom": 100, "RM View": true, "rcwDisp.xp": 0, "rcwDisp.yp": 0, "rcwDisp.dxp": 1215, "rcwDisp.dyp": 1034}	BF1D3AD9-8E4C-47A3-BBB7-26ACB08F2F79 
06/09/2016 14:36:53.228 	com.microsoft.Word	0xb0081000	                        com.microsoft.Word	Word Display	icdqp	Information 	UpdateWwdStop	BF1D3AD9-8E4C-47A3-BBB7-26ACB08F2F79 
06/09/2016 14:36:53.877 	com.microsoft.Word	0xb0b3d000	                        com.microsoft.Word	OfficeSpace_DesktopClickstream	ibur2	Information 	Clickstream Logging {"tcid": 30010, "tcidParent": 474}	BF1D3AD9-8E4C-47A3-BBB7-26ACB08F2F79 
06/09/2016 14:36:53.878 	com.microsoft.Word	0xb0b3d000	                        com.microsoft.Word	OfficeSpace_DesktopClickstream	ibur2	Information 	Clickstream Logging {"tcid": 30009, "tcidParent": 474}	BF1D3AD9-8E4C-47A3-BBB7-26ACB08F2F79 
06/09/2016 14:36:53.881 	com.microsoft.Word	0xb0b3d000	                        com.microsoft.Word	OfficeSpace_DesktopClickstream	ibur2	Information 	Clickstream Logging {"tcid": 30008, "tcidParent": 474}	BF1D3AD9-8E4C-47A3-BBB7-26ACB08F2F79 
06/09/2016 14:36:53.883 	com.microsoft.Word	0xb0b3d000	                        com.microsoft.Word	OfficeSpace_DesktopClickstream	ibur2	Information 	Clickstream Logging {"tcid": 30444, "tcidParent": 0}	BF1D3AD9-8E4C-47A3-BBB7-26ACB08F2F79 
06/09/2016 14:36:53.883 	com.microsoft.Word	0xb0b3d000	                        com.microsoft.Word	OfficeSpace_DesktopClickstream	ibur2	Information 	Clickstream Logging {"tcid": 30445, "tcidParent": 0}	BF1D3AD9-8E4C-47A3-BBB7-26ACB08F2F79 
06/09/2016 14:36:53.883 	com.microsoft.Word	0xb0b3d000	                        com.microsoft.Word	OfficeSpace_DesktopClickstream	ibur2	Information 	Clickstream Logging {"tcid": 30446, "tcidParent": 0}	BF1D3AD9-8E4C-47A3-BBB7-26ACB08F2F79 
06/09/2016 14:36:53.883 	com.microsoft.Word	0xb0b3d000	                        com.microsoft.Word	OfficeSpace_DesktopClickstream	ibur2	Information 	Clickstream Logging {"tcid": 30460, "tcidParent": 0}	BF1D3AD9-8E4C-47A3-BBB7-26ACB08F2F79 
06/09/2016 14:36:53.883 	com.microsoft.Word	0xb0b3d000	                        com.microsoft.Word	OfficeSpace_DesktopClickstream	ibur2	Information 	Clickstream Logging {"tcid": 30447, "tcidParent": 0}	BF1D3AD9-8E4C-47A3-BBB7-26ACB08F2F79 
06/09/2016 14:36:53.885 	com.microsoft.Word	0xb0b3d000	                        com.microsoft.Word	OfficeSpace_DesktopClickstream	ibur2	Information 	Clickstream Logging {"tcid": 30007, "tcidParent": 474}	BF1D3AD9-8E4C-47A3-BBB7-26ACB08F2F79 
06/09/2016 14:36:53.885 	com.microsoft.Word	0xb0b3d000	                        com.microsoft.Word	OfficeSpace_DesktopClickstream	ibur2	Information 	Clickstream Logging {"tcid": 23459, "tcidParent": 0}	BF1D3AD9-8E4C-47A3-BBB7-26ACB08F2F79 
06/09/2016 14:36:53.885 	com.microsoft.Word	0xb0b3d000	                        com.microsoft.Word	OfficeSpace_DesktopClickstream	ibur2	Information 	Clickstream Logging {"tcid": 30138, "tcidParent": 0}	BF1D3AD9-8E4C-47A3-BBB7-26ACB08F2F79 
06/09/2016 14:36:53.885 	com.microsoft.Word	0xb0b3d000	                        com.microsoft.Word	OfficeSpace_DesktopClickstream	ibur2	Information 	Clickstream Logging {"tcid": 30017, "tcidParent": 0}	BF1D3AD9-8E4C-47A3-BBB7-26ACB08F2F79 
06/09/2016 14:36:53.888 	com.microsoft.Word	0xb0b3d000	                        com.microsoft.Word	OfficeSpace_DesktopClickstream	ibur2	Information 	Clickstream Logging {"tcid": 30006, "tcidParent": 474}	BF1D3AD9-8E4C-47A3-BBB7-26ACB08F2F79 
06/09/2016 14:36:53.888 	com.microsoft.Word	0xb0b3d000	                        com.microsoft.Word	OfficeSpace_DesktopClickstream	ibur2	Information 	Clickstream Logging {"tcid": 13898, "tcidParent": 0}	BF1D3AD9-8E4C-47A3-BBB7-26ACB08F2F79 
06/09/2016 14:36:53.891 	com.microsoft.Word	0xb0b3d000	                        com.microsoft.Word	OfficeSpace_DesktopClickstream	ibur2	Information 	Clickstream Logging {"tcid": 30005, "tcidParent": 474}	BF1D3AD9-8E4C-47A3-BBB7-26ACB08F2F79 
06/09/2016 14:36:53.891 	com.microsoft.Word	0xb0b3d000	                        com.microsoft.Word	OfficeSpace_DesktopClickstream	ibur2	Information 	Clickstream Logging {"tcid": 31875, "tcidParent": 0}	BF1D3AD9-8E4C-47A3-BBB7-26ACB08F2F79 
06/09/2016 14:36:53.891 	com.microsoft.Word	0xb0b3d000	                        com.microsoft.Word	OfficeSpace_DesktopClickstream	ibur2	Information 	Clickstream Logging {"tcid": 23455, "tcidParent": 0}	BF1D3AD9-8E4C-47A3-BBB7-26ACB08F2F79 
06/09/2016 14:36:53.891 	com.microsoft.Word	0xb0b3d000	                        com.microsoft.Word	OfficeSpace_DesktopClickstream	ibur2	Information 	Clickstream Logging {"tcid": 23453, "tcidParent": 0}	BF1D3AD9-8E4C-47A3-BBB7-26ACB08F2F79 
06/09/2016 14:36:53.892 	com.microsoft.Word	0xb0b3d000	                        com.microsoft.Word	OfficeSpace_DesktopClickstream	ibur2	Information 	Clickstream Logging {"tcid": 23490, "tcidParent": 0}	BF1D3AD9-8E4C-47A3-BBB7-26ACB08F2F79 
06/09/2016 14:36:53.892 	com.microsoft.Word	0xb0b3d000	                        com.microsoft.Word	OfficeSpace_DesktopClickstream	ibur2	Information 	Clickstream Logging {"tcid": 31876, "tcidParent": 0}	BF1D3AD9-8E4C-47A3-BBB7-26ACB08F2F79 
06/09/2016 14:36:53.892 	com.microsoft.Word	0xb0b3d000	                        com.microsoft.Word	OfficeSpace_DesktopClickstream	ibur2	Information 	Clickstream Logging {"tcid": 31877, "tcidParent": 0}	BF1D3AD9-8E4C-47A3-BBB7-26ACB08F2F79 
06/09/2016 14:36:53.892 	com.microsoft.Word	0xb0b3d000	                        com.microsoft.Word	OfficeSpace_DesktopClickstream	ibur2	Information 	Clickstream Logging {"tcid": 24032, "tcidParent": 0}	BF1D3AD9-8E4C-47A3-BBB7-26ACB08F2F79 
06/09/2016 14:36:53.892 	com.microsoft.Word	0xb0b3d000	                        com.microsoft.Word	OfficeSpace_DesktopClickstream	ibur2	Information 	Clickstream Logging {"tcid": 31000, "tcidParent": 0}	BF1D3AD9-8E4C-47A3-BBB7-26ACB08F2F79 
06/09/2016 14:36:53.892 	com.microsoft.Word	0xb0b3d000	                        com.microsoft.Word	OfficeSpace_DesktopClickstream	ibur2	Information 	Clickstream Logging {"tcid": 30163, "tcidParent": 0}	BF1D3AD9-8E4C-47A3-BBB7-26ACB08F2F79 
06/09/2016 14:36:53.894 	com.microsoft.Word	0xb0b3d000	                        com.microsoft.Word	OfficeSpace_DesktopClickstream	ibur2	Information 	Clickstream Logging {"tcid": 30181, "tcidParent": 0}	BF1D3AD9-8E4C-47A3-BBB7-26ACB08F2F79 
06/09/2016 14:36:53.894 	com.microsoft.Word	0xb0629000	                        com.microsoft.Word	OfficeSpace_DesktopClickstream	ibur2	Information 	Clickstream Logging {"tcid": 30004, "tcidParent": 474}	BF1D3AD9-8E4C-47A3-BBB7-26ACB08F2F79 
06/09/2016 14:36:53.895 	com.microsoft.Word	0xb0629000	                        com.microsoft.Word	OfficeSpace_DesktopClickstream	ibur2	Information 	Clickstream Logging {"tcid": 31869, "tcidParent": 0}	BF1D3AD9-8E4C-47A3-BBB7-26ACB08F2F79 
06/09/2016 14:36:53.896 	com.microsoft.Word	0xb0629000	                        com.microsoft.Word	OfficeSpace_DesktopClickstream	ibur2	Information 	Clickstream Logging {"tcid": 23392, "tcidParent": 0}	BF1D3AD9-8E4C-47A3-BBB7-26ACB08F2F79 
06/09/2016 14:36:53.896 	com.microsoft.Word	0xb0629000	                        com.microsoft.Word	OfficeSpace_DesktopClickstream	ibur2	Information 	Clickstream Logging {"tcid": 10326, "tcidParent": 0}	BF1D3AD9-8E4C-47A3-BBB7-26ACB08F2F79 
06/09/2016 14:36:53.899 	com.microsoft.Word	0xb0629000	                        com.microsoft.Word	OfficeSpace_DesktopClickstream	ibur2	Information 	Clickstream Logging {"tcid": 30003, "tcidParent": 474}	BF1D3AD9-8E4C-47A3-BBB7-26ACB08F2F79 
06/09/2016 14:36:53.899 	com.microsoft.Word	0xb0629000	                        com.microsoft.Word	OfficeSpace_DesktopClickstream	ibur2	Information 	Clickstream Logging {"tcid": 30021, "tcidParent": 0}	BF1D3AD9-8E4C-47A3-BBB7-26ACB08F2F79 
06/09/2016 14:36:53.899 	com.microsoft.Word	0xb0629000	                        com.microsoft.Word	OfficeSpace_DesktopClickstream	ibur2	Information 	Clickstream Logging {"tcid": 31868, "tcidParent": 0}	BF1D3AD9-8E4C-47A3-BBB7-26ACB08F2F79 
06/09/2016 14:36:53.902 	com.microsoft.Word	0xb0629000	                        com.microsoft.Word	OfficeSpace_DesktopClickstream	ibur2	Information 	Clickstream Logging {"tcid": 30002, "tcidParent": 474}	BF1D3AD9-8E4C-47A3-BBB7-26ACB08F2F79 
06/09/2016 14:36:53.903 	com.microsoft.Word	0xb0629000	                        com.microsoft.Word	OfficeSpace_DesktopClickstream	ibur2	Information 	Clickstream Logging {"tcid": 31806, "tcidParent": 0}	BF1D3AD9-8E4C-47A3-BBB7-26ACB08F2F79 
06/09/2016 14:36:53.903 	com.microsoft.Word	0xb0b3d000	                        com.microsoft.Word	OfficeSpace_DesktopClickstream	ibur2	Information 	Clickstream Logging {"tcid": 23483, "tcidParent": 0}	BF1D3AD9-8E4C-47A3-BBB7-26ACB08F2F79 
06/09/2016 14:36:53.904 	com.microsoft.Word	0xb0629000	                        com.microsoft.Word	OfficeSpace_DesktopClickstream	ibur2	Information 	Clickstream Logging {"tcid": 11093, "tcidParent": 0}	BF1D3AD9-8E4C-47A3-BBB7-26ACB08F2F79 
06/09/2016 14:36:53.905 	com.microsoft.Word	0xb0629000	                        com.microsoft.Word	OfficeSpace_DesktopClickstream	ibur2	Information 	Clickstream Logging {"tcid": 31308, "tcidParent": 0}	BF1D3AD9-8E4C-47A3-BBB7-26ACB08F2F79 
06/09/2016 14:36:53.906 	com.microsoft.Word	0xb0629000	                        com.microsoft.Word	OfficeSpace_DesktopClickstream	ibur2	Information 	Clickstream Logging {"tcid": 31801, "tcidParent": 474}	BF1D3AD9-8E4C-47A3-BBB7-26ACB08F2F79 
06/09/2016 14:36:53.912 	com.microsoft.Word	0xb0629000	                        com.microsoft.Word	OfficeSpace_DesktopClickstream	ibur2	Information 	Clickstream Logging {"tcid": 30010, "tcidParent": 474}	BF1D3AD9-8E4C-47A3-BBB7-26ACB08F2F79 
06/09/2016 14:36:53.926 	com.microsoft.Word	0xb0b3d000	                        com.microsoft.Word	Word Zoom Scroll	ibsia	Information 	Scrolling 0 2048 {"FrequencyDataEventName": "Scrolling 0 2048", "Summary": "NumberOfEvents", "NumberOfEvents": 1, "Mean": 0.000000, "Min": 0.000000, "Max": 0.000000, "StandardDeviation": 0.000000}	BF1D3AD9-8E4C-47A3-BBB7-26ACB08F2F79 
06/09/2016 14:36:53.926 	com.microsoft.Word	0xb0b3d000	                        com.microsoft.Word	Word Zoom Scroll	ibsib	Information 	Scrolling 0 2048 {"FrequencyDataEventName": "Scrolling 0 2048", "Summary": "Mean", "NumberOfEvents": 1, "Mean": 0.000000, "Min": 0.000000, "Max": 0.000000, "StandardDeviation": 0.000000}	BF1D3AD9-8E4C-47A3-BBB7-26ACB08F2F79 
06/09/2016 14:36:53.926 	com.microsoft.Word	0xb0b3d000	                        com.microsoft.Word	Word Zoom Scroll	ibsic	Information 	Scrolling 0 2048 {"FrequencyDataEventName": "Scrolling 0 2048", "Summary": "Min", "NumberOfEvents": 1, "Mean": inf, "Min": inf, "Max": inf, "StandardDeviation": nan}	BF1D3AD9-8E4C-47A3-BBB7-26ACB08F2F79 
06/09/2016 14:36:53.926 	com.microsoft.Word	0xb0b3d000	                        com.microsoft.Word	Word Zoom Scroll	ibsid	Information 	Scrolling 0 2048 {"FrequencyDataEventName": "Scrolling 0 2048", "Summary": "Max", "NumberOfEvents": 1, "Mean": -inf, "Min": -inf, "Max": -inf, "StandardDeviation": nan}	BF1D3AD9-8E4C-47A3-BBB7-26ACB08F2F79 
06/09/2016 14:36:53.926 	com.microsoft.Word	0xb0b3d000	                        com.microsoft.Word	Word Zoom Scroll	ibsie	Information 	Scrolling 0 2048 {"FrequencyDataEventName": "Scrolling 0 2048", "Summary": "StandardDeviation", "NumberOfEvents": 1, "Mean": 0.000000, "Min": 0.000000, "Max": 0.000000, "StandardDeviation": 0.000000}	BF1D3AD9-8E4C-47A3-BBB7-26ACB08F2F79 
06/09/2016 14:36:53.935 	com.microsoft.Word	0xb0b3d000	                        com.microsoft.Word	Document Close	ib7g6	Information 	Document Close.	BF1D3AD9-8E4C-47A3-BBB7-26ACB08F2F79 
06/09/2016 14:36:53.940 	com.microsoft.Word	0xb0b3d000	                        com.microsoft.Word	Document Close	ib7g6	Information 	Document Close.	BF1D3AD9-8E4C-47A3-BBB7-26ACB08F2F79 
06/09/2016 14:36:53.945 	com.microsoft.Word	0xb0c41000	                        com.microsoft.Word	TimerScope	ian14	Information 	{"ID": "word.active", "Instance": 2, "Action": "Stop", "Result": 12084334}	BF1D3AD9-8E4C-47A3-BBB7-26ACB08F2F79 
06/09/2016 14:36:53.957 	com.microsoft.Word	0xb0b3d000	                        com.microsoft.Word	Word Idle	ibx3a	Information 	Word Idle Information {"Suspended": false, "TotalTimeInIdle": 0.049316, "IdlePercentage": 0.405998, "TotalRunTime": 12.146834, "MBUTimerSuspended": false, "WDTimerSuspensions": 0, "MBUTimerSuspensions": 0}	BF1D3AD9-8E4C-47A3-BBB7-26ACB08F2F79 
06/09/2016 14:36:53.982 	com.microsoft.Word	0xb0197000	                        com.microsoft.Word	Memory Resource Usage	a9joq	Information 	CurrentProcessWideMemoryUsage {"ScopeInstance": 13, "BytesUsedDelta": 28672, "BytesUsedAtComplete": 158248960}	BF1D3AD9-8E4C-47A3-BBB7-26ACB08F2F79 
06/09/2016 14:36:53.982 	com.microsoft.Word	0xb0197000	                        com.microsoft.Word	Scope Summary	a9joq	Information 	{"ScopeName": "Mso::Telemetry::DiskPayloadManager::WritePayloadToDisk", "StartTime": 2016-06-09T14:36:53Z, "DurationToCompleteInMilliseconds": 0, "DurationToCompleteInMillisecondsHighPrecision": 0.855706, "ScopeInstance": 13, "ScopeParentInstance": 0, "TopActivityInstance": 13, "Success": true}	BF1D3AD9-8E4C-47A3-BBB7-26ACB08F2F79 
06/09/2016 14:36:53.983 	com.microsoft.Word	0xb08b3000	                        com.microsoft.Word	Experiment Liblet	bef13	Information 	FlightManager::ResetInstance() called	BF1D3AD9-8E4C-47A3-BBB7-26ACB08F2F79 
06/09/2016 14:36:53.983 	com.microsoft.Word	0xb08b3000	                        com.microsoft.Word	Experiment Liblet	bfhs7	Information 	Feature Query Status {"FlightName": "ofdl6xkd31gki20", "FeatureName": "Microsoft.Office.Word.ShowPasteboardPrintLayout", "TreatmentValue": "nullopt", "StaticScope": 2, "IsDevOverride": false, "LockType": 2}	BF1D3AD9-8E4C-47A3-BBB7-26ACB08F2F79 
06/09/2016 14:36:53.983 	com.microsoft.Word	0xb08b3000	                        com.microsoft.Word	Experiment Liblet	bfhs7	Information 	Feature Query Status {"FlightName": "ofecgl4pfbgfif0", "FeatureName": "Microsoft.Office.Experiment.PollingDuration", "TreatmentValue": "nullopt", "StaticScope": 0, "IsDevOverride": false, "LockType": 2}	BF1D3AD9-8E4C-47A3-BBB7-26ACB08F2F79 
06/09/2016 14:36:53.983 	com.microsoft.Word	0xb08b3000	                        com.microsoft.Word	Experiment Liblet	bfhs7	Information 	Feature Query Status {"FlightName": "ofanpaeym3wxlz0", "FeatureName": "Microsoft.Office.Word.EnableWebScalingZoomReset", "TreatmentValue": "nullopt", "StaticScope": 2, "IsDevOverride": false, "LockType": 2}	BF1D3AD9-8E4C-47A3-BBB7-26ACB08F2F79 
06/09/2016 14:36:53.983 	com.microsoft.Word	0xb08b3000	                        com.microsoft.Word	Experiment Liblet	bfhs7	Information 	Feature Query Status {"FlightName": "ofilfmq4laqux40", "FeatureName": "Microsoft.Office.Outlook.TableSupport", "TreatmentValue": "nullopt", "StaticScope": 1, "IsDevOverride": false, "LockType": 2}	BF1D3AD9-8E4C-47A3-BBB7-26ACB08F2F79 
06/09/2016 14:36:53.983 	com.microsoft.Word	0xb08b3000	                        com.microsoft.Word	Experiment Liblet	bfhs7	Information 	Feature Query Status {"FlightName": "ofdqmachtdaur40", "FeatureName": "Microsoft.Office.Word.AXTableEditing", "TreatmentValue": "nullopt", "StaticScope": 1, "IsDevOverride": false, "LockType": 2}	BF1D3AD9-8E4C-47A3-BBB7-26ACB08F2F79 
06/09/2016 14:36:53.983 	com.microsoft.Word	0xb08b3000	                        com.microsoft.Word	Experiment Liblet	bfhs7	Information 	Feature Query Status {"FlightName": "ofas3eiflxlznq0", "FeatureName": "Microsoft.Office.Graphics.FastAcc", "TreatmentValue": "nullopt", "StaticScope": 1, "IsDevOverride": false, "LockType": 2}	BF1D3AD9-8E4C-47A3-BBB7-26ACB08F2F79 
06/09/2016 14:36:53.983 	com.microsoft.Word	0xb08b3000	                        com.microsoft.Word	Experiment Liblet	bfhs7	Information 	Feature Query Status {"FlightName": "of2123d2f3tdkw0", "FeatureName": "Microsoft.Office.Word.NewProofingLogic", "TreatmentValue": "true", "StaticScope": 0, "IsDevOverride": false, "LockType": 2}	BF1D3AD9-8E4C-47A3-BBB7-26ACB08F2F79 
06/09/2016 14:36:53.983 	com.microsoft.Word	0xb08b3000	                        com.microsoft.Word	Experiment Liblet	bfhs7	Information 	Feature Query Status {"FlightName": "of3og1haea5zna0", "FeatureName": "Microsoft.Office.Word.ContentControls", "TreatmentValue": "nullopt", "StaticScope": 1, "IsDevOverride": false, "LockType": 2}	BF1D3AD9-8E4C-47A3-BBB7-26ACB08F2F79 
06/09/2016 14:36:53.983 	com.microsoft.Word	0xb08b3000	                        com.microsoft.Word	Experiment Liblet	bfhs7	Information 	Feature Query Status {"FlightName": "ofsdr6zu5duwrk0", "FeatureName": "Microsoft.Office.Word.UseBCSForPDFConversion", "TreatmentValue": "nullopt", "StaticScope": 1, "IsDevOverride": false, "LockType": 2}	BF1D3AD9-8E4C-47A3-BBB7-26ACB08F2F79 
06/09/2016 14:36:53.984 	com.microsoft.Word	0xb08b3000	                        com.microsoft.Word	Roaming	axahc	Information 	SyncManager::CWriteSyncTask::Run {"Message": "Starting CWriteSyncTask::Run"}	BF1D3AD9-8E4C-47A3-BBB7-26ACB08F2F79 
06/09/2016 14:36:53.988 	com.microsoft.Word	0xb08b3000	                        com.microsoft.Word	Roaming	axagb	Information 	RoamingProxy::Init {"Message": "Init completed, server Url", "Url": "https://roaming.officeapps.live.com/rs/RoamingSoapService.svc"}	BF1D3AD9-8E4C-47A3-BBB7-26ACB08F2F79 
06/09/2016 14:36:54.305 	com.microsoft.Word	0xb08b3000	                        com.microsoft.Word	Roaming	a3csm	Information 	RoamingProxy::GetConfig {"Message": "Get config succeeded", "UniqueId": "", "MachineId": "NULL"}	BF1D3AD9-8E4C-47A3-BBB7-26ACB08F2F79 
06/09/2016 14:36:54.305 	com.microsoft.Word	0xb08b3000	                        com.microsoft.Word	Roaming	axagq	Information 	SyncManager::UpdateCache {"Message": "Sync Started", "SyncStartedTime": "2016/06/09 09:36:54:305"}	BF1D3AD9-8E4C-47A3-BBB7-26ACB08F2F79 
06/09/2016 14:36:54.305 	com.microsoft.Word	0xb0197000	                        com.microsoft.Word	Roaming	axagr	Information 	SyncManager::UpdateCache {"Message": "Sync Completed", "SyncCompletedTime": "2016/06/09 09:36:54:305"}	BF1D3AD9-8E4C-47A3-BBB7-26ACB08F2F79 
06/09/2016 14:36:54.309 	com.microsoft.Word	0xb08b3000	                        com.microsoft.Word	Logging Liblet	a2le0	Information 	Logging liblet uninitializing.	BF1D3AD9-8E4C-47A3-BBB7-26ACB08F2F79 
06/09/2016 14:36:54.310 	com.microsoft.Word	0xb08b3000	                        com.microsoft.Word	IdentityAuthenticationCredStore	ibzdf	Information 	[COfficeCredStore] UninitInstance {"Message": "UninitInstance"}	BF1D3AD9-8E4C-47A3-BBB7-26ACB08F2F79 
06/09/2016 14:36:54.311 	com.microsoft.Word	0xb08b3000	                        com.microsoft.Word	IdentityAuthenticationCredStore	ibzdf	Information 	[COfficeCredStore] UninitInstance {"Message": "UninitInstance"}	BF1D3AD9-8E4C-47A3-BBB7-26ACB08F2F79 
06/09/2016 14:36:54.311 	com.microsoft.Word	0xb08b3000	                        com.microsoft.Word	IdentityAuthenticationCredStore	ibzdf	Information 	[COfficeCredStore] UninitInstance {"Message": "UninitInstance"}	BF1D3AD9-8E4C-47A3-BBB7-26ACB08F2F79 
06/09/2016 14:36:54.311 	com.microsoft.Word	0xb08b3000	                        com.microsoft.Word	Identity Authentication Client	awuut	Information 	[IdentityManager] ~IdentityManager {"Message": "Uninit IdentityManager"}	BF1D3AD9-8E4C-47A3-BBB7-26ACB08F2F79 
06/09/2016 14:36:54.311 	com.microsoft.Word	0xb0197000	                        com.microsoft.Word	Identity Authentication Client	awuwq	Information 	[ProfileManager] ProfileManager {"Message": "Number of profiles at shutdown.", "ProfileListSize": 0}	BF1D3AD9-8E4C-47A3-BBB7-26ACB08F2F79 
06/09/2016 14:36:56.453 	com.microsoft.Word	0xb0197000	                        com.microsoft.Word	ARC Telemetry	a1b9h	Information 	Factory is attempting to destroy device	BF1D3AD9-8E4C-47A3-BBB7-26ACB08F2F79 
